{"/Users/zubrahmsemo/Desktop/ALX_REACT/0x08.React_Connectors_Providers/task_2/alx_dashboard/src/App.jsx": {"path":"/Users/zubrahmsemo/Desktop/ALX_REACT/0x08.React_Connectors_Providers/task_2/alx_dashboard/src/App.jsx","statementMap":{"0":{"start":{"line":8,"column":4},"end":{"line":15,"column":6}}},"fnMap":{"0":{"name":"App","decl":{"start":{"line":7,"column":24},"end":{"line":7,"column":27}},"loc":{"start":{"line":7,"column":30},"end":{"line":16,"column":1}},"line":7}},"branchMap":{},"s":{"0":0},"f":{"0":0},"b":{}}
,"/Users/zubrahmsemo/Desktop/ALX_REACT/0x08.React_Connectors_Providers/task_2/alx_dashboard/src/fileMock.js": {"path":"/Users/zubrahmsemo/Desktop/ALX_REACT/0x08.React_Connectors_Providers/task_2/alx_dashboard/src/fileMock.js","statementMap":{},"fnMap":{},"branchMap":{},"s":{},"f":{},"b":{},"_coverageSchema":"1a1c01bbd47fc00a2c39e90264f33305004495a9","hash":"7455e6aeb6f1dc8f977753310cc7e7ffb4fb2da7"}
,"/Users/zubrahmsemo/Desktop/ALX_REACT/0x08.React_Connectors_Providers/task_2/alx_dashboard/src/main.jsx": {"path":"/Users/zubrahmsemo/Desktop/ALX_REACT/0x08.React_Connectors_Providers/task_2/alx_dashboard/src/main.jsx","statementMap":{"0":{"start":{"line":10,"column":14},"end":{"line":12,"column":2}},"1":{"start":{"line":14,"column":0},"end":{"line":23,"column":2}}},"fnMap":{},"branchMap":{},"s":{"0":0,"1":0},"f":{},"b":{}}
,"/Users/zubrahmsemo/Desktop/ALX_REACT/0x08.React_Connectors_Providers/task_2/alx_dashboard/src/utils.jsx": {"path":"/Users/zubrahmsemo/Desktop/ALX_REACT/0x08.React_Connectors_Providers/task_2/alx_dashboard/src/utils.jsx","statementMap":{"0":{"start":{"line":3,"column":2},"end":{"line":3,"column":34}},"1":{"start":{"line":8,"column":2},"end":{"line":8,"column":52}},"2":{"start":{"line":13,"column":2},"end":{"line":13,"column":65}}},"fnMap":{"0":{"name":"getFullYear","decl":{"start":{"line":2,"column":16},"end":{"line":2,"column":27}},"loc":{"start":{"line":2,"column":30},"end":{"line":4,"column":1}},"line":2},"1":{"name":"getFooterCopy","decl":{"start":{"line":7,"column":16},"end":{"line":7,"column":29}},"loc":{"start":{"line":7,"column":39},"end":{"line":9,"column":1}},"line":7},"2":{"name":"getLatestNotification","decl":{"start":{"line":12,"column":16},"end":{"line":12,"column":37}},"loc":{"start":{"line":12,"column":40},"end":{"line":14,"column":1}},"line":12}},"branchMap":{"0":{"loc":{"start":{"line":8,"column":9},"end":{"line":8,"column":51}},"type":"cond-expr","locations":[{"start":{"line":8,"column":19},"end":{"line":8,"column":28}},{"start":{"line":8,"column":31},"end":{"line":8,"column":51}}],"line":8}},"s":{"0":19,"1":20,"2":7},"f":{"0":19,"1":20,"2":7},"b":{"0":[19,1]},"_coverageSchema":"1a1c01bbd47fc00a2c39e90264f33305004495a9","hash":"df6b7bdf5fada5528182b4f8641dadc018959df9"}
,"/Users/zubrahmsemo/Desktop/ALX_REACT/0x08.React_Connectors_Providers/task_2/alx_dashboard/src/BodySection/BodySection.jsx": {"path":"/Users/zubrahmsemo/Desktop/ALX_REACT/0x08.React_Connectors_Providers/task_2/alx_dashboard/src/BodySection/BodySection.jsx","statementMap":{"0":{"start":{"line":6,"column":15},"end":{"line":11,"column":2}},"1":{"start":{"line":13,"column":20},"end":{"line":20,"column":1}},"2":{"start":{"line":14,"column":4},"end":{"line":19,"column":6}}},"fnMap":{"0":{"name":"(anonymous_0)","decl":{"start":{"line":13,"column":20},"end":{"line":13,"column":21}},"loc":{"start":{"line":13,"column":45},"end":{"line":20,"column":1}},"line":13}},"branchMap":{},"s":{"0":3,"1":3,"2":22},"f":{"0":22},"b":{},"_coverageSchema":"1a1c01bbd47fc00a2c39e90264f33305004495a9","hash":"1bb5d48008a49f0f9163acb04d0022ca000d212e"}
,"/Users/zubrahmsemo/Desktop/ALX_REACT/0x08.React_Connectors_Providers/task_2/alx_dashboard/src/BodySection/BodySectionWithMarginBottom.jsx": {"path":"/Users/zubrahmsemo/Desktop/ALX_REACT/0x08.React_Connectors_Providers/task_2/alx_dashboard/src/BodySection/BodySectionWithMarginBottom.jsx","statementMap":{"0":{"start":{"line":9,"column":15},"end":{"line":15,"column":2}},"1":{"start":{"line":18,"column":36},"end":{"line":27,"column":1}},"2":{"start":{"line":19,"column":32},"end":{"line":19,"column":37}},"3":{"start":{"line":20,"column":4},"end":{"line":26,"column":6}},"4":{"start":{"line":30,"column":0},"end":{"line":33,"column":2}}},"fnMap":{"0":{"name":"(anonymous_0)","decl":{"start":{"line":18,"column":36},"end":{"line":18,"column":37}},"loc":{"start":{"line":18,"column":47},"end":{"line":27,"column":1}},"line":18}},"branchMap":{},"s":{"0":2,"1":2,"2":11,"3":11,"4":2},"f":{"0":11},"b":{},"_coverageSchema":"1a1c01bbd47fc00a2c39e90264f33305004495a9","hash":"2dcdaad7e73aa973b26f46ce63b2fa6b3dc0fd79"}
,"/Users/zubrahmsemo/Desktop/ALX_REACT/0x08.React_Connectors_Providers/task_2/alx_dashboard/src/CourseList/CourseList.jsx": {"path":"/Users/zubrahmsemo/Desktop/ALX_REACT/0x08.React_Connectors_Providers/task_2/alx_dashboard/src/CourseList/CourseList.jsx","statementMap":{"0":{"start":{"line":6,"column":15},"end":{"line":28,"column":2}},"1":{"start":{"line":30,"column":19},"end":{"line":60,"column":1}},"2":{"start":{"line":31,"column":4},"end":{"line":59,"column":6}},"3":{"start":{"line":50,"column":20},"end":{"line":55,"column":22}},"4":{"start":{"line":62,"column":0},"end":{"line":70,"column":2}},"5":{"start":{"line":72,"column":0},"end":{"line":74,"column":2}}},"fnMap":{"0":{"name":"(anonymous_0)","decl":{"start":{"line":30,"column":19},"end":{"line":30,"column":20}},"loc":{"start":{"line":30,"column":40},"end":{"line":60,"column":1}},"line":30},"1":{"name":"(anonymous_1)","decl":{"start":{"line":49,"column":33},"end":{"line":49,"column":34}},"loc":{"start":{"line":50,"column":20},"end":{"line":55,"column":22}},"line":50}},"branchMap":{"0":{"loc":{"start":{"line":46,"column":17},"end":{"line":48,"column":17}},"type":"binary-expr","locations":[{"start":{"line":46,"column":17},"end":{"line":46,"column":41}},{"start":{"line":47,"column":20},"end":{"line":47,"column":94}}],"line":46}},"s":{"0":2,"1":2,"2":3,"3":2,"4":2,"5":2},"f":{"0":3,"1":2},"b":{"0":[3,2]},"_coverageSchema":"1a1c01bbd47fc00a2c39e90264f33305004495a9","hash":"be9e68fca12ebdf857d5ac2e4240fd4b801cc4ec"}
,"/Users/zubrahmsemo/Desktop/ALX_REACT/0x08.React_Connectors_Providers/task_2/alx_dashboard/src/CourseList/CourseListRow.jsx": {"path":"/Users/zubrahmsemo/Desktop/ALX_REACT/0x08.React_Connectors_Providers/task_2/alx_dashboard/src/CourseList/CourseListRow.jsx","statementMap":{"0":{"start":{"line":5,"column":15},"end":{"line":29,"column":2}},"1":{"start":{"line":31,"column":22},"end":{"line":65,"column":1}},"2":{"start":{"line":32,"column":38},"end":{"line":32,"column":53}},"3":{"start":{"line":34,"column":33},"end":{"line":36,"column":5}},"4":{"start":{"line":35,"column":8},"end":{"line":35,"column":33}},"5":{"start":{"line":38,"column":17},"end":{"line":58,"column":5}},"6":{"start":{"line":60,"column":4},"end":{"line":64,"column":6}},"7":{"start":{"line":67,"column":0},"end":{"line":71,"column":2}},"8":{"start":{"line":73,"column":0},"end":{"line":76,"column":2}}},"fnMap":{"0":{"name":"(anonymous_0)","decl":{"start":{"line":31,"column":22},"end":{"line":31,"column":23}},"loc":{"start":{"line":31,"column":71},"end":{"line":65,"column":1}},"line":31},"1":{"name":"(anonymous_1)","decl":{"start":{"line":34,"column":33},"end":{"line":34,"column":34}},"loc":{"start":{"line":34,"column":39},"end":{"line":36,"column":5}},"line":34}},"branchMap":{"0":{"loc":{"start":{"line":38,"column":17},"end":{"line":58,"column":5}},"type":"cond-expr","locations":[{"start":{"line":39,"column":8},"end":{"line":42,"column":11}},{"start":{"line":44,"column":8},"end":{"line":57,"column":11}}],"line":38},"1":{"loc":{"start":{"line":45,"column":42},"end":{"line":45,"column":72}},"type":"binary-expr","locations":[{"start":{"line":45,"column":42},"end":{"line":45,"column":51}},{"start":{"line":45,"column":55},"end":{"line":45,"column":72}}],"line":45},"2":{"loc":{"start":{"line":54,"column":42},"end":{"line":54,"column":72}},"type":"binary-expr","locations":[{"start":{"line":54,"column":42},"end":{"line":54,"column":51}},{"start":{"line":54,"column":55},"end":{"line":54,"column":72}}],"line":54},"3":{"loc":{"start":{"line":61,"column":23},"end":{"line":61,"column":73}},"type":"cond-expr","locations":[{"start":{"line":61,"column":34},"end":{"line":61,"column":55}},{"start":{"line":61,"column":58},"end":{"line":61,"column":73}}],"line":61}},"s":{"0":3,"1":3,"2":15,"3":15,"4":2,"5":15,"6":15,"7":3,"8":3},"f":{"0":15,"1":2},"b":{"0":[7,8],"1":[8,1],"2":[8,1],"3":[7,8]},"_coverageSchema":"1a1c01bbd47fc00a2c39e90264f33305004495a9","hash":"46f8773c978beee223f1faefd2f880a0e242a7c5"}
,"/Users/zubrahmsemo/Desktop/ALX_REACT/0x08.React_Connectors_Providers/task_2/alx_dashboard/src/Footer/Footer.jsx": {"path":"/Users/zubrahmsemo/Desktop/ALX_REACT/0x08.React_Connectors_Providers/task_2/alx_dashboard/src/Footer/Footer.jsx","statementMap":{"0":{"start":{"line":6,"column":15},"end":{"line":69,"column":2}},"1":{"start":{"line":71,"column":15},"end":{"line":82,"column":1}},"2":{"start":{"line":72,"column":21},"end":{"line":72,"column":49}},"3":{"start":{"line":74,"column":4},"end":{"line":81,"column":5}}},"fnMap":{"0":{"name":"(anonymous_0)","decl":{"start":{"line":71,"column":15},"end":{"line":71,"column":16}},"loc":{"start":{"line":71,"column":21},"end":{"line":82,"column":1}},"line":71}},"branchMap":{"0":{"loc":{"start":{"line":77,"column":13},"end":{"line":78,"column":44}},"type":"binary-expr","locations":[{"start":{"line":77,"column":13},"end":{"line":77,"column":28}},{"start":{"line":77,"column":32},"end":{"line":78,"column":44}}],"line":77}},"s":{"0":2,"1":2,"2":12,"3":12},"f":{"0":12},"b":{"0":[12,0]},"_coverageSchema":"1a1c01bbd47fc00a2c39e90264f33305004495a9","hash":"8847c6f42ec193d1c4169f2e7f691b1d172ad9c1"}
,"/Users/zubrahmsemo/Desktop/ALX_REACT/0x08.React_Connectors_Providers/task_2/alx_dashboard/src/HOC/WithLogging.jsx": {"path":"/Users/zubrahmsemo/Desktop/ALX_REACT/0x08.React_Connectors_Providers/task_2/alx_dashboard/src/HOC/WithLogging.jsx","statementMap":{"0":{"start":{"line":3,"column":20},"end":{"line":19,"column":1}},"1":{"start":{"line":6,"column":12},"end":{"line":6,"column":120}},"2":{"start":{"line":10,"column":12},"end":{"line":10,"column":129}},"3":{"start":{"line":14,"column":12},"end":{"line":14,"column":56}},"4":{"start":{"line":17,"column":4},"end":{"line":17,"column":117}},"5":{"start":{"line":18,"column":4},"end":{"line":18,"column":23}}},"fnMap":{"0":{"name":"(anonymous_0)","decl":{"start":{"line":3,"column":20},"end":{"line":3,"column":21}},"loc":{"start":{"line":3,"column":42},"end":{"line":19,"column":1}},"line":3},"1":{"name":"(anonymous_1)","decl":{"start":{"line":5,"column":8},"end":{"line":5,"column":9}},"loc":{"start":{"line":5,"column":28},"end":{"line":7,"column":9}},"line":5},"2":{"name":"(anonymous_2)","decl":{"start":{"line":9,"column":8},"end":{"line":9,"column":9}},"loc":{"start":{"line":9,"column":31},"end":{"line":11,"column":9}},"line":9},"3":{"name":"(anonymous_3)","decl":{"start":{"line":13,"column":8},"end":{"line":13,"column":9}},"loc":{"start":{"line":13,"column":17},"end":{"line":15,"column":9}},"line":13}},"branchMap":{"0":{"loc":{"start":{"line":6,"column":37},"end":{"line":6,"column":105}},"type":"binary-expr","locations":[{"start":{"line":6,"column":37},"end":{"line":6,"column":65}},{"start":{"line":6,"column":69},"end":{"line":6,"column":90}},{"start":{"line":6,"column":94},"end":{"line":6,"column":105}}],"line":6},"1":{"loc":{"start":{"line":10,"column":37},"end":{"line":10,"column":105}},"type":"binary-expr","locations":[{"start":{"line":10,"column":37},"end":{"line":10,"column":65}},{"start":{"line":10,"column":69},"end":{"line":10,"column":90}},{"start":{"line":10,"column":94},"end":{"line":10,"column":105}}],"line":10},"2":{"loc":{"start":{"line":17,"column":45},"end":{"line":17,"column":113}},"type":"binary-expr","locations":[{"start":{"line":17,"column":45},"end":{"line":17,"column":73}},{"start":{"line":17,"column":77},"end":{"line":17,"column":98}},{"start":{"line":17,"column":102},"end":{"line":17,"column":113}}],"line":17}},"s":{"0":1,"1":9,"2":9,"3":9,"4":18,"5":18},"f":{"0":18,"1":9,"2":9,"3":9},"b":{"0":[9,9,0],"1":[9,9,0],"2":[18,18,0]},"_coverageSchema":"1a1c01bbd47fc00a2c39e90264f33305004495a9","hash":"785b16f219296d79d2dbfb0b9b4bce8c709b7b53"}
,"/Users/zubrahmsemo/Desktop/ALX_REACT/0x08.React_Connectors_Providers/task_2/alx_dashboard/src/Header/Header.jsx": {"path":"/Users/zubrahmsemo/Desktop/ALX_REACT/0x08.React_Connectors_Providers/task_2/alx_dashboard/src/Header/Header.jsx","statementMap":{"0":{"start":{"line":6,"column":15},"end":{"line":54,"column":2}},"1":{"start":{"line":60,"column":8},"end":{"line":68,"column":10}}},"fnMap":{"0":{"name":"(anonymous_0)","decl":{"start":{"line":58,"column":4},"end":{"line":58,"column":5}},"loc":{"start":{"line":58,"column":13},"end":{"line":69,"column":5}},"line":58}},"branchMap":{},"s":{"0":0,"1":0},"f":{"0":0},"b":{}}
,"/Users/zubrahmsemo/Desktop/ALX_REACT/0x08.React_Connectors_Providers/task_2/alx_dashboard/src/Login/Login.jsx": {"path":"/Users/zubrahmsemo/Desktop/ALX_REACT/0x08.React_Connectors_Providers/task_2/alx_dashboard/src/Login/Login.jsx","statementMap":{"0":{"start":{"line":7,"column":15},"end":{"line":142,"column":2}},"1":{"start":{"line":146,"column":8},"end":{"line":146,"column":21}},"2":{"start":{"line":147,"column":8},"end":{"line":152,"column":10}},"3":{"start":{"line":157,"column":24},"end":{"line":167,"column":5}},"4":{"start":{"line":158,"column":8},"end":{"line":158,"column":27}},"5":{"start":{"line":161,"column":36},"end":{"line":161,"column":46}},"6":{"start":{"line":162,"column":8},"end":{"line":162,"column":42}},"7":{"start":{"line":169,"column":24},"end":{"line":181,"column":5}},"8":{"start":{"line":170,"column":8},"end":{"line":180,"column":11}},"9":{"start":{"line":171,"column":12},"end":{"line":179,"column":13}},"10":{"start":{"line":172,"column":16},"end":{"line":172,"column":54}},"11":{"start":{"line":176,"column":16},"end":{"line":176,"column":55}},"12":{"start":{"line":183,"column":27},"end":{"line":195,"column":5}},"13":{"start":{"line":184,"column":8},"end":{"line":194,"column":11}},"14":{"start":{"line":185,"column":12},"end":{"line":193,"column":13}},"15":{"start":{"line":186,"column":16},"end":{"line":186,"column":54}},"16":{"start":{"line":190,"column":16},"end":{"line":190,"column":55}},"17":{"start":{"line":199,"column":33},"end":{"line":199,"column":43}},"18":{"start":{"line":201,"column":8},"end":{"line":240,"column":10}}},"fnMap":{"0":{"name":"(anonymous_0)","decl":{"start":{"line":145,"column":4},"end":{"line":145,"column":5}},"loc":{"start":{"line":145,"column":23},"end":{"line":153,"column":5}},"line":145},"1":{"name":"(anonymous_1)","decl":{"start":{"line":157,"column":24},"end":{"line":157,"column":25}},"loc":{"start":{"line":157,"column":31},"end":{"line":167,"column":5}},"line":157},"2":{"name":"(anonymous_2)","decl":{"start":{"line":169,"column":24},"end":{"line":169,"column":25}},"loc":{"start":{"line":169,"column":31},"end":{"line":181,"column":5}},"line":169},"3":{"name":"(anonymous_3)","decl":{"start":{"line":170,"column":49},"end":{"line":170,"column":50}},"loc":{"start":{"line":170,"column":55},"end":{"line":180,"column":9}},"line":170},"4":{"name":"(anonymous_4)","decl":{"start":{"line":183,"column":27},"end":{"line":183,"column":28}},"loc":{"start":{"line":183,"column":34},"end":{"line":195,"column":5}},"line":183},"5":{"name":"(anonymous_5)","decl":{"start":{"line":184,"column":52},"end":{"line":184,"column":53}},"loc":{"start":{"line":184,"column":58},"end":{"line":194,"column":9}},"line":184},"6":{"name":"(anonymous_6)","decl":{"start":{"line":197,"column":4},"end":{"line":197,"column":5}},"loc":{"start":{"line":197,"column":13},"end":{"line":241,"column":5}},"line":197}},"branchMap":{"0":{"loc":{"start":{"line":171,"column":12},"end":{"line":179,"column":13}},"type":"if","locations":[{"start":{"line":171,"column":12},"end":{"line":179,"column":13}},{"start":{"line":175,"column":19},"end":{"line":179,"column":13}}],"line":171},"1":{"loc":{"start":{"line":171,"column":16},"end":{"line":171,"column":69}},"type":"binary-expr","locations":[{"start":{"line":171,"column":16},"end":{"line":171,"column":39}},{"start":{"line":171,"column":43},"end":{"line":171,"column":69}}],"line":171},"2":{"loc":{"start":{"line":185,"column":12},"end":{"line":193,"column":13}},"type":"if","locations":[{"start":{"line":185,"column":12},"end":{"line":193,"column":13}},{"start":{"line":189,"column":19},"end":{"line":193,"column":13}}],"line":185},"3":{"loc":{"start":{"line":185,"column":16},"end":{"line":185,"column":69}},"type":"binary-expr","locations":[{"start":{"line":185,"column":16},"end":{"line":185,"column":39}},{"start":{"line":185,"column":43},"end":{"line":185,"column":69}}],"line":185}},"s":{"0":2,"1":12,"2":12,"3":12,"4":1,"5":1,"6":1,"7":12,"8":2,"9":2,"10":0,"11":2,"12":12,"13":2,"14":2,"15":2,"16":0,"17":20,"18":20},"f":{"0":12,"1":1,"2":2,"3":2,"4":2,"5":2,"6":20},"b":{"0":[0,2],"1":[2,2],"2":[2,0],"3":[2,2]},"_coverageSchema":"1a1c01bbd47fc00a2c39e90264f33305004495a9","hash":"b67315ea9017cf5365902e650a5cd60be87afb13"}
,"/Users/zubrahmsemo/Desktop/ALX_REACT/0x08.React_Connectors_Providers/task_2/alx_dashboard/src/Notifications/NotificationItem.jsx": {"path":"/Users/zubrahmsemo/Desktop/ALX_REACT/0x08.React_Connectors_Providers/task_2/alx_dashboard/src/Notifications/NotificationItem.jsx","statementMap":{"0":{"start":{"line":5,"column":15},"end":{"line":12,"column":2}},"1":{"start":{"line":15,"column":24},"end":{"line":17,"column":5}},"2":{"start":{"line":16,"column":8},"end":{"line":16,"column":23}},"3":{"start":{"line":19,"column":30},"end":{"line":19,"column":81}},"4":{"start":{"line":21,"column":4},"end":{"line":25,"column":6}},"5":{"start":{"line":28,"column":0},"end":{"line":36,"column":2}}},"fnMap":{"0":{"name":"NotificationItem","decl":{"start":{"line":14,"column":9},"end":{"line":14,"column":25}},"loc":{"start":{"line":14,"column":65},"end":{"line":26,"column":1}},"line":14},"1":{"name":"(anonymous_1)","decl":{"start":{"line":15,"column":24},"end":{"line":15,"column":25}},"loc":{"start":{"line":15,"column":30},"end":{"line":17,"column":5}},"line":15}},"branchMap":{"0":{"loc":{"start":{"line":19,"column":30},"end":{"line":19,"column":81}},"type":"cond-expr","locations":[{"start":{"line":19,"column":51},"end":{"line":19,"column":65}},{"start":{"line":19,"column":68},"end":{"line":19,"column":81}}],"line":19},"1":{"loc":{"start":{"line":23,"column":13},"end":{"line":23,"column":66}},"type":"cond-expr","locations":[{"start":{"line":23,"column":20},"end":{"line":23,"column":58}},{"start":{"line":23,"column":61},"end":{"line":23,"column":66}}],"line":23}},"s":{"0":3,"1":19,"2":3,"3":19,"4":19,"5":3},"f":{"0":19,"1":3},"b":{"0":[11,8],"1":[3,16]},"_coverageSchema":"1a1c01bbd47fc00a2c39e90264f33305004495a9","hash":"b5b3d5fb6ea5e0cd2f20bf9fc16f200c954209a1"}
,"/Users/zubrahmsemo/Desktop/ALX_REACT/0x08.React_Connectors_Providers/task_2/alx_dashboard/src/Notifications/Notifications.jsx": {"path":"/Users/zubrahmsemo/Desktop/ALX_REACT/0x08.React_Connectors_Providers/task_2/alx_dashboard/src/Notifications/Notifications.jsx","statementMap":{"0":{"start":{"line":6,"column":15},"end":{"line":76,"column":2}},"1":{"start":{"line":80,"column":8},"end":{"line":80,"column":21}},"2":{"start":{"line":81,"column":8},"end":{"line":83,"column":10}},"3":{"start":{"line":84,"column":8},"end":{"line":84,"column":71}},"4":{"start":{"line":90,"column":8},"end":{"line":92,"column":12}},"5":{"start":{"line":90,"column":38},"end":{"line":92,"column":9}},"6":{"start":{"line":96,"column":94},"end":{"line":96,"column":104}},"7":{"start":{"line":97,"column":33},"end":{"line":97,"column":43}},"8":{"start":{"line":99,"column":8},"end":{"line":144,"column":10}},"9":{"start":{"line":105,"column":24},"end":{"line":110,"column":25}},"10":{"start":{"line":106,"column":28},"end":{"line":106,"column":73}},"11":{"start":{"line":107,"column":28},"end":{"line":107,"column":50}},"12":{"start":{"line":109,"column":28},"end":{"line":109,"column":50}},"13":{"start":{"line":127,"column":32},"end":{"line":134,"column":34}}},"fnMap":{"0":{"name":"(anonymous_0)","decl":{"start":{"line":79,"column":4},"end":{"line":79,"column":5}},"loc":{"start":{"line":79,"column":23},"end":{"line":85,"column":5}},"line":79},"1":{"name":"(anonymous_1)","decl":{"start":{"line":89,"column":4},"end":{"line":89,"column":5}},"loc":{"start":{"line":89,"column":26},"end":{"line":93,"column":5}},"line":89},"2":{"name":"(anonymous_2)","decl":{"start":{"line":90,"column":22},"end":{"line":90,"column":23}},"loc":{"start":{"line":90,"column":38},"end":{"line":92,"column":9}},"line":90},"3":{"name":"(anonymous_3)","decl":{"start":{"line":95,"column":4},"end":{"line":95,"column":5}},"loc":{"start":{"line":95,"column":13},"end":{"line":145,"column":5}},"line":95},"4":{"name":"(anonymous_4)","decl":{"start":{"line":104,"column":29},"end":{"line":104,"column":30}},"loc":{"start":{"line":104,"column":35},"end":{"line":111,"column":21}},"line":104},"5":{"name":"(anonymous_5)","decl":{"start":{"line":126,"column":46},"end":{"line":126,"column":47}},"loc":{"start":{"line":127,"column":32},"end":{"line":134,"column":34}},"line":127}},"branchMap":{"0":{"loc":{"start":{"line":105,"column":24},"end":{"line":110,"column":25}},"type":"if","locations":[{"start":{"line":105,"column":24},"end":{"line":110,"column":25}},{"start":{"line":108,"column":31},"end":{"line":110,"column":25}}],"line":105},"1":{"loc":{"start":{"line":119,"column":17},"end":{"line":142,"column":17}},"type":"cond-expr","locations":[{"start":{"line":120,"column":20},"end":{"line":137,"column":25}},{"start":{"line":139,"column":20},"end":{"line":141,"column":24}}],"line":119},"2":{"loc":{"start":{"line":120,"column":42},"end":{"line":120,"column":73}},"type":"cond-expr","locations":[{"start":{"line":120,"column":57},"end":{"line":120,"column":64}},{"start":{"line":120,"column":67},"end":{"line":120,"column":73}}],"line":120},"3":{"loc":{"start":{"line":121,"column":25},"end":{"line":136,"column":25}},"type":"cond-expr","locations":[{"start":{"line":122,"column":28},"end":{"line":124,"column":32}},{"start":{"line":126,"column":28},"end":{"line":135,"column":30}}],"line":121}},"s":{"0":2,"1":7,"2":7,"3":7,"4":0,"5":0,"6":8,"7":8,"8":8,"9":1,"10":1,"11":1,"12":0,"13":17},"f":{"0":7,"1":0,"2":0,"3":8,"4":1,"5":17},"b":{"0":[1,0],"1":[7,1],"2":[7,0],"3":[1,6]},"_coverageSchema":"1a1c01bbd47fc00a2c39e90264f33305004495a9","hash":"471ad45dff3d408a1469210cb0d7ea6454633ef5"}
,"/Users/zubrahmsemo/Desktop/ALX_REACT/0x08.React_Connectors_Providers/task_2/alx_dashboard/src/actions/courseActionCreators.jsx": {"path":"/Users/zubrahmsemo/Desktop/ALX_REACT/0x08.React_Connectors_Providers/task_2/alx_dashboard/src/actions/courseActionCreators.jsx","statementMap":{"0":{"start":{"line":5,"column":28},"end":{"line":8,"column":2}},"1":{"start":{"line":5,"column":40},"end":{"line":8,"column":1}},"2":{"start":{"line":10,"column":30},"end":{"line":13,"column":2}},"3":{"start":{"line":10,"column":42},"end":{"line":13,"column":1}},"4":{"start":{"line":15,"column":34},"end":{"line":18,"column":2}},"5":{"start":{"line":15,"column":45},"end":{"line":18,"column":1}},"6":{"start":{"line":23,"column":34},"end":{"line":23,"column":66}},"7":{"start":{"line":24,"column":35},"end":{"line":24,"column":69}},"8":{"start":{"line":25,"column":39},"end":{"line":25,"column":77}}},"fnMap":{"0":{"name":"(anonymous_0)","decl":{"start":{"line":5,"column":28},"end":{"line":5,"column":29}},"loc":{"start":{"line":5,"column":40},"end":{"line":8,"column":1}},"line":5},"1":{"name":"(anonymous_1)","decl":{"start":{"line":10,"column":30},"end":{"line":10,"column":31}},"loc":{"start":{"line":10,"column":42},"end":{"line":13,"column":1}},"line":10},"2":{"name":"(anonymous_2)","decl":{"start":{"line":15,"column":34},"end":{"line":15,"column":35}},"loc":{"start":{"line":15,"column":45},"end":{"line":18,"column":1}},"line":15}},"branchMap":{},"s":{"0":1,"1":1,"2":1,"3":1,"4":1,"5":0,"6":1,"7":1,"8":1},"f":{"0":1,"1":1,"2":0},"b":{},"_coverageSchema":"1a1c01bbd47fc00a2c39e90264f33305004495a9","hash":"676d3d2c1628c24a56e917b04d70ec22edf170b4"}
,"/Users/zubrahmsemo/Desktop/ALX_REACT/0x08.React_Connectors_Providers/task_2/alx_dashboard/src/actions/courseActionTypes.jsx": {"path":"/Users/zubrahmsemo/Desktop/ALX_REACT/0x08.React_Connectors_Providers/task_2/alx_dashboard/src/actions/courseActionTypes.jsx","statementMap":{"0":{"start":{"line":2,"column":29},"end":{"line":2,"column":44}},"1":{"start":{"line":3,"column":31},"end":{"line":3,"column":48}},"2":{"start":{"line":4,"column":36},"end":{"line":4,"column":58}}},"fnMap":{},"branchMap":{},"s":{"0":2,"1":2,"2":2},"f":{},"b":{},"_coverageSchema":"1a1c01bbd47fc00a2c39e90264f33305004495a9","hash":"d2d369a9d52efcdf2cd7de69e5c3e030aa466f57"}
,"/Users/zubrahmsemo/Desktop/ALX_REACT/0x08.React_Connectors_Providers/task_2/alx_dashboard/src/actions/notificationActionCreators.jsx": {"path":"/Users/zubrahmsemo/Desktop/ALX_REACT/0x08.React_Connectors_Providers/task_2/alx_dashboard/src/actions/notificationActionCreators.jsx","statementMap":{"0":{"start":{"line":5,"column":26},"end":{"line":8,"column":2}},"1":{"start":{"line":5,"column":38},"end":{"line":8,"column":1}},"2":{"start":{"line":10,"column":37},"end":{"line":13,"column":2}},"3":{"start":{"line":10,"column":50},"end":{"line":13,"column":1}},"4":{"start":{"line":15,"column":41},"end":{"line":18,"column":2}},"5":{"start":{"line":15,"column":52},"end":{"line":18,"column":1}},"6":{"start":{"line":20,"column":31},"end":{"line":20,"column":61}},"7":{"start":{"line":21,"column":42},"end":{"line":21,"column":83}}},"fnMap":{"0":{"name":"(anonymous_0)","decl":{"start":{"line":5,"column":26},"end":{"line":5,"column":27}},"loc":{"start":{"line":5,"column":38},"end":{"line":8,"column":1}},"line":5},"1":{"name":"(anonymous_1)","decl":{"start":{"line":10,"column":37},"end":{"line":10,"column":38}},"loc":{"start":{"line":10,"column":50},"end":{"line":13,"column":1}},"line":10},"2":{"name":"(anonymous_2)","decl":{"start":{"line":15,"column":41},"end":{"line":15,"column":42}},"loc":{"start":{"line":15,"column":52},"end":{"line":18,"column":1}},"line":15}},"branchMap":{},"s":{"0":1,"1":1,"2":1,"3":2,"4":1,"5":0,"6":1,"7":1},"f":{"0":1,"1":2,"2":0},"b":{},"_coverageSchema":"1a1c01bbd47fc00a2c39e90264f33305004495a9","hash":"586b2e183d866354cf94b1ce6587b34b8cc6edff"}
,"/Users/zubrahmsemo/Desktop/ALX_REACT/0x08.React_Connectors_Providers/task_2/alx_dashboard/src/actions/notificationActionTypes.jsx": {"path":"/Users/zubrahmsemo/Desktop/ALX_REACT/0x08.React_Connectors_Providers/task_2/alx_dashboard/src/actions/notificationActionTypes.jsx","statementMap":{"0":{"start":{"line":3,"column":28},"end":{"line":3,"column":42}},"1":{"start":{"line":4,"column":31},"end":{"line":4,"column":48}},"2":{"start":{"line":5,"column":43},"end":{"line":5,"column":72}},"3":{"start":{"line":7,"column":39},"end":{"line":10,"column":1}}},"fnMap":{},"branchMap":{},"s":{"0":2,"1":2,"2":2,"3":2},"f":{},"b":{},"_coverageSchema":"1a1c01bbd47fc00a2c39e90264f33305004495a9","hash":"07df3127341384d85e3a1e436040ca1775db4f8e"}
,"/Users/zubrahmsemo/Desktop/ALX_REACT/0x08.React_Connectors_Providers/task_2/alx_dashboard/src/actions/uiActionCreators.jsx": {"path":"/Users/zubrahmsemo/Desktop/ALX_REACT/0x08.React_Connectors_Providers/task_2/alx_dashboard/src/actions/uiActionCreators.jsx","statementMap":{"0":{"start":{"line":11,"column":21},"end":{"line":14,"column":2}},"1":{"start":{"line":11,"column":43},"end":{"line":14,"column":1}},"2":{"start":{"line":16,"column":22},"end":{"line":18,"column":2}},"3":{"start":{"line":16,"column":29},"end":{"line":18,"column":1}},"4":{"start":{"line":20,"column":41},"end":{"line":22,"column":2}},"5":{"start":{"line":20,"column":48},"end":{"line":22,"column":1}},"6":{"start":{"line":24,"column":38},"end":{"line":26,"column":2}},"7":{"start":{"line":24,"column":45},"end":{"line":26,"column":1}},"8":{"start":{"line":30,"column":28},"end":{"line":32,"column":2}},"9":{"start":{"line":30,"column":35},"end":{"line":32,"column":1}},"10":{"start":{"line":34,"column":28},"end":{"line":36,"column":2}},"11":{"start":{"line":34,"column":35},"end":{"line":36,"column":1}},"12":{"start":{"line":42,"column":26},"end":{"line":42,"column":31}},"13":{"start":{"line":43,"column":27},"end":{"line":43,"column":33}},"14":{"start":{"line":44,"column":46},"end":{"line":44,"column":71}},"15":{"start":{"line":45,"column":43},"end":{"line":45,"column":65}},"16":{"start":{"line":49,"column":28},"end":{"line":67,"column":1}},"17":{"start":{"line":50,"column":4},"end":{"line":66,"column":6}},"18":{"start":{"line":52,"column":8},"end":{"line":52,"column":31}},"19":{"start":{"line":53,"column":8},"end":{"line":65,"column":9}},"20":{"start":{"line":54,"column":29},"end":{"line":54,"column":73}},"21":{"start":{"line":55,"column":12},"end":{"line":61,"column":13}},"22":{"start":{"line":57,"column":16},"end":{"line":57,"column":31}},"23":{"start":{"line":60,"column":16},"end":{"line":60,"column":31}},"24":{"start":{"line":64,"column":12},"end":{"line":64,"column":27}}},"fnMap":{"0":{"name":"(anonymous_0)","decl":{"start":{"line":11,"column":21},"end":{"line":11,"column":22}},"loc":{"start":{"line":11,"column":43},"end":{"line":14,"column":1}},"line":11},"1":{"name":"(anonymous_1)","decl":{"start":{"line":16,"column":22},"end":{"line":16,"column":23}},"loc":{"start":{"line":16,"column":29},"end":{"line":18,"column":1}},"line":16},"2":{"name":"(anonymous_2)","decl":{"start":{"line":20,"column":41},"end":{"line":20,"column":42}},"loc":{"start":{"line":20,"column":48},"end":{"line":22,"column":1}},"line":20},"3":{"name":"(anonymous_3)","decl":{"start":{"line":24,"column":38},"end":{"line":24,"column":39}},"loc":{"start":{"line":24,"column":45},"end":{"line":26,"column":1}},"line":24},"4":{"name":"(anonymous_4)","decl":{"start":{"line":30,"column":28},"end":{"line":30,"column":29}},"loc":{"start":{"line":30,"column":35},"end":{"line":32,"column":1}},"line":30},"5":{"name":"(anonymous_5)","decl":{"start":{"line":34,"column":28},"end":{"line":34,"column":29}},"loc":{"start":{"line":34,"column":35},"end":{"line":36,"column":1}},"line":34},"6":{"name":"(anonymous_6)","decl":{"start":{"line":49,"column":28},"end":{"line":49,"column":29}},"loc":{"start":{"line":49,"column":49},"end":{"line":67,"column":1}},"line":49},"7":{"name":"(anonymous_7)","decl":{"start":{"line":50,"column":11},"end":{"line":50,"column":12}},"loc":{"start":{"line":50,"column":23},"end":{"line":66,"column":5}},"line":50}},"branchMap":{"0":{"loc":{"start":{"line":55,"column":12},"end":{"line":61,"column":13}},"type":"if","locations":[{"start":{"line":55,"column":12},"end":{"line":61,"column":13}},{"start":{"line":58,"column":19},"end":{"line":61,"column":13}}],"line":55}},"s":{"0":1,"1":1,"2":1,"3":1,"4":1,"5":1,"6":1,"7":1,"8":1,"9":1,"10":1,"11":1,"12":1,"13":1,"14":1,"15":1,"16":1,"17":0,"18":0,"19":0,"20":0,"21":0,"22":0,"23":0,"24":0},"f":{"0":1,"1":1,"2":1,"3":1,"4":1,"5":1,"6":0,"7":0},"b":{"0":[0,0]},"_coverageSchema":"1a1c01bbd47fc00a2c39e90264f33305004495a9","hash":"31a662c00cafaf6b50fcd5def8025dc51adb4c20"}
,"/Users/zubrahmsemo/Desktop/ALX_REACT/0x08.React_Connectors_Providers/task_2/alx_dashboard/src/actions/uiActionTypes.jsx": {"path":"/Users/zubrahmsemo/Desktop/ALX_REACT/0x08.React_Connectors_Providers/task_2/alx_dashboard/src/actions/uiActionTypes.jsx","statementMap":{"0":{"start":{"line":1,"column":21},"end":{"line":1,"column":28}},"1":{"start":{"line":2,"column":22},"end":{"line":2,"column":30}},"2":{"start":{"line":3,"column":43},"end":{"line":3,"column":72}},"3":{"start":{"line":4,"column":40},"end":{"line":4,"column":66}},"4":{"start":{"line":7,"column":29},"end":{"line":7,"column":44}},"5":{"start":{"line":8,"column":29},"end":{"line":8,"column":44}}},"fnMap":{},"branchMap":{},"s":{"0":3,"1":3,"2":3,"3":3,"4":3,"5":3},"f":{},"b":{},"_coverageSchema":"1a1c01bbd47fc00a2c39e90264f33305004495a9","hash":"a72388b066c2bbf1689f3ad628576194cdd04662"}
,"/Users/zubrahmsemo/Desktop/ALX_REACT/0x08.React_Connectors_Providers/task_2/alx_dashboard/src/pages/Dashboard/Dashboard.jsx": {"path":"/Users/zubrahmsemo/Desktop/ALX_REACT/0x08.React_Connectors_Providers/task_2/alx_dashboard/src/pages/Dashboard/Dashboard.jsx","statementMap":{"0":{"start":{"line":24,"column":15},"end":{"line":173,"column":2}},"1":{"start":{"line":178,"column":25},"end":{"line":178,"column":41}},"2":{"start":{"line":182,"column":8},"end":{"line":182,"column":21}},"3":{"start":{"line":183,"column":8},"end":{"line":183,"column":59}},"4":{"start":{"line":184,"column":8},"end":{"line":184,"column":77}},"5":{"start":{"line":188,"column":8},"end":{"line":217,"column":9}},"6":{"start":{"line":209,"column":16},"end":{"line":215,"column":20}},"7":{"start":{"line":209,"column":46},"end":{"line":215,"column":17}},"8":{"start":{"line":222,"column":23},"end":{"line":225,"column":5}},"9":{"start":{"line":228,"column":26},"end":{"line":231,"column":5}},"10":{"start":{"line":234,"column":8},"end":{"line":234,"column":65}},"11":{"start":{"line":238,"column":8},"end":{"line":238,"column":68}},"12":{"start":{"line":242,"column":33},"end":{"line":242,"column":38}},"13":{"start":{"line":243,"column":8},"end":{"line":246,"column":9}},"14":{"start":{"line":244,"column":12},"end":{"line":244,"column":37}},"15":{"start":{"line":249,"column":18},"end":{"line":253,"column":5}},"16":{"start":{"line":257,"column":37},"end":{"line":259,"column":9}},"17":{"start":{"line":258,"column":35},"end":{"line":258,"column":62}},"18":{"start":{"line":260,"column":8},"end":{"line":260,"column":67}},"19":{"start":{"line":266,"column":26},"end":{"line":272,"column":5}},"20":{"start":{"line":268,"column":8},"end":{"line":270,"column":12}},"21":{"start":{"line":268,"column":38},"end":{"line":270,"column":9}},"22":{"start":{"line":283,"column":12},"end":{"line":291,"column":5}},"23":{"start":{"line":284,"column":8},"end":{"line":290,"column":11}},"24":{"start":{"line":294,"column":13},"end":{"line":302,"column":5}},"25":{"start":{"line":295,"column":8},"end":{"line":301,"column":11}},"26":{"start":{"line":310,"column":38},"end":{"line":310,"column":61}},"27":{"start":{"line":311,"column":33},"end":{"line":311,"column":51}},"28":{"start":{"line":312,"column":78},"end":{"line":312,"column":88}},"29":{"start":{"line":313,"column":27},"end":{"line":313,"column":39}},"30":{"start":{"line":318,"column":8},"end":{"line":385,"column":10}},"31":{"start":{"line":353,"column":51},"end":{"line":353,"column":64}},"32":{"start":{"line":359,"column":55},"end":{"line":359,"column":63}},"33":{"start":{"line":391,"column":31},"end":{"line":396,"column":1}},"34":{"start":{"line":392,"column":4},"end":{"line":395,"column":6}}},"fnMap":{"0":{"name":"(anonymous_0)","decl":{"start":{"line":181,"column":4},"end":{"line":181,"column":5}},"loc":{"start":{"line":181,"column":23},"end":{"line":218,"column":5}},"line":181},"1":{"name":"(anonymous_1)","decl":{"start":{"line":208,"column":20},"end":{"line":208,"column":21}},"loc":{"start":{"line":208,"column":26},"end":{"line":216,"column":13}},"line":208},"2":{"name":"(anonymous_2)","decl":{"start":{"line":209,"column":30},"end":{"line":209,"column":31}},"loc":{"start":{"line":209,"column":46},"end":{"line":215,"column":17}},"line":209},"3":{"name":"(anonymous_3)","decl":{"start":{"line":233,"column":4},"end":{"line":233,"column":5}},"loc":{"start":{"line":233,"column":24},"end":{"line":235,"column":5}},"line":233},"4":{"name":"(anonymous_4)","decl":{"start":{"line":237,"column":4},"end":{"line":237,"column":5}},"loc":{"start":{"line":237,"column":27},"end":{"line":239,"column":5}},"line":237},"5":{"name":"(anonymous_5)","decl":{"start":{"line":241,"column":4},"end":{"line":241,"column":5}},"loc":{"start":{"line":241,"column":25},"end":{"line":247,"column":5}},"line":241},"6":{"name":"(anonymous_6)","decl":{"start":{"line":256,"column":4},"end":{"line":256,"column":5}},"loc":{"start":{"line":256,"column":31},"end":{"line":261,"column":5}},"line":256},"7":{"name":"(anonymous_7)","decl":{"start":{"line":258,"column":12},"end":{"line":258,"column":13}},"loc":{"start":{"line":258,"column":35},"end":{"line":258,"column":62}},"line":258},"8":{"name":"(anonymous_8)","decl":{"start":{"line":266,"column":26},"end":{"line":266,"column":27}},"loc":{"start":{"line":266,"column":32},"end":{"line":272,"column":5}},"line":266},"9":{"name":"(anonymous_9)","decl":{"start":{"line":268,"column":22},"end":{"line":268,"column":23}},"loc":{"start":{"line":268,"column":38},"end":{"line":270,"column":9}},"line":268},"10":{"name":"(anonymous_10)","decl":{"start":{"line":283,"column":12},"end":{"line":283,"column":13}},"loc":{"start":{"line":283,"column":33},"end":{"line":291,"column":5}},"line":283},"11":{"name":"(anonymous_11)","decl":{"start":{"line":294,"column":13},"end":{"line":294,"column":14}},"loc":{"start":{"line":294,"column":19},"end":{"line":302,"column":5}},"line":294},"12":{"name":"(anonymous_12)","decl":{"start":{"line":308,"column":4},"end":{"line":308,"column":5}},"loc":{"start":{"line":308,"column":13},"end":{"line":387,"column":5}},"line":308},"13":{"name":"(anonymous_13)","decl":{"start":{"line":353,"column":45},"end":{"line":353,"column":46}},"loc":{"start":{"line":353,"column":51},"end":{"line":353,"column":64}},"line":353},"14":{"name":"(anonymous_14)","decl":{"start":{"line":359,"column":49},"end":{"line":359,"column":50}},"loc":{"start":{"line":359,"column":55},"end":{"line":359,"column":63}},"line":359},"15":{"name":"(anonymous_15)","decl":{"start":{"line":391,"column":31},"end":{"line":391,"column":32}},"loc":{"start":{"line":391,"column":42},"end":{"line":396,"column":1}},"line":391}},"branchMap":{"0":{"loc":{"start":{"line":243,"column":8},"end":{"line":246,"column":9}},"type":"if","locations":[{"start":{"line":243,"column":8},"end":{"line":246,"column":9}},{"start":{},"end":{}}],"line":243},"1":{"loc":{"start":{"line":243,"column":12},"end":{"line":243,"column":34}},"type":"binary-expr","locations":[{"start":{"line":243,"column":12},"end":{"line":243,"column":19}},{"start":{"line":243,"column":23},"end":{"line":243,"column":34}}],"line":243},"2":{"loc":{"start":{"line":339,"column":37},"end":{"line":343,"column":95}},"type":"binary-expr","locations":[{"start":{"line":339,"column":37},"end":{"line":339,"column":54}},{"start":{"line":339,"column":58},"end":{"line":343,"column":95}}],"line":339},"3":{"loc":{"start":{"line":350,"column":29},"end":{"line":364,"column":29}},"type":"binary-expr","locations":[{"start":{"line":350,"column":29},"end":{"line":350,"column":44}},{"start":{"line":351,"column":32},"end":{"line":363,"column":38}}],"line":350},"4":{"loc":{"start":{"line":367,"column":29},"end":{"line":373,"column":62}},"type":"cond-expr","locations":[{"start":{"line":368,"column":32},"end":{"line":370,"column":62}},{"start":{"line":371,"column":32},"end":{"line":373,"column":62}}],"line":367}},"s":{"0":1,"1":1,"2":6,"3":6,"4":6,"5":6,"6":0,"7":0,"8":1,"9":1,"10":6,"11":6,"12":0,"13":0,"14":0,"15":6,"16":1,"17":3,"18":1,"19":6,"20":2,"21":2,"22":6,"23":0,"24":6,"25":0,"26":9,"27":9,"28":9,"29":9,"30":9,"31":0,"32":0,"33":1,"34":7},"f":{"0":6,"1":0,"2":0,"3":6,"4":6,"5":0,"6":1,"7":3,"8":2,"9":2,"10":0,"11":0,"12":9,"13":0,"14":0,"15":7},"b":{"0":[0,0],"1":[0,0],"2":[9,3],"3":[9,0],"4":[0,9]},"_coverageSchema":"1a1c01bbd47fc00a2c39e90264f33305004495a9","hash":"abd310b5d3105d73aba5e120198e5e028ed8459c"}
,"/Users/zubrahmsemo/Desktop/ALX_REACT/0x08.React_Connectors_Providers/task_2/alx_dashboard/src/pages/Dashboard/DashboardContext.jsx": {"path":"/Users/zubrahmsemo/Desktop/ALX_REACT/0x08.React_Connectors_Providers/task_2/alx_dashboard/src/pages/Dashboard/DashboardContext.jsx","statementMap":{"0":{"start":{"line":4,"column":20},"end":{"line":8,"column":1}},"1":{"start":{"line":11,"column":22},"end":{"line":11,"column":31}},"2":{"start":{"line":14,"column":25},"end":{"line":17,"column":2}}},"fnMap":{"0":{"name":"(anonymous_0)","decl":{"start":{"line":11,"column":22},"end":{"line":11,"column":23}},"loc":{"start":{"line":11,"column":28},"end":{"line":11,"column":31}},"line":11}},"branchMap":{},"s":{"0":2,"1":2,"2":2},"f":{"0":0},"b":{},"_coverageSchema":"1a1c01bbd47fc00a2c39e90264f33305004495a9","hash":"490b86745460b799c91a3d549baf184c1a66ac2e"}
,"/Users/zubrahmsemo/Desktop/ALX_REACT/0x08.React_Connectors_Providers/task_2/alx_dashboard/src/pages/Home/Home.jsx": {"path":"/Users/zubrahmsemo/Desktop/ALX_REACT/0x08.React_Connectors_Providers/task_2/alx_dashboard/src/pages/Home/Home.jsx","statementMap":{"0":{"start":{"line":10,"column":15},"end":{"line":198,"column":2}},"1":{"start":{"line":201,"column":21},"end":{"line":201,"column":34}},"2":{"start":{"line":202,"column":4},"end":{"line":245,"column":6}},"3":{"start":{"line":223,"column":42},"end":{"line":223,"column":64}}},"fnMap":{"0":{"name":"Home","decl":{"start":{"line":200,"column":9},"end":{"line":200,"column":13}},"loc":{"start":{"line":200,"column":16},"end":{"line":246,"column":1}},"line":200},"1":{"name":"(anonymous_1)","decl":{"start":{"line":223,"column":36},"end":{"line":223,"column":37}},"loc":{"start":{"line":223,"column":42},"end":{"line":223,"column":64}},"line":223}},"branchMap":{},"s":{"0":1,"1":6,"2":6,"3":1},"f":{"0":6,"1":1},"b":{},"_coverageSchema":"1a1c01bbd47fc00a2c39e90264f33305004495a9","hash":"b45294b988d042688842b3a03667e3c0d9b04f23"}
,"/Users/zubrahmsemo/Desktop/ALX_REACT/0x08.React_Connectors_Providers/task_2/alx_dashboard/src/reducers/courseReducer.jsx": {"path":"/Users/zubrahmsemo/Desktop/ALX_REACT/0x08.React_Connectors_Providers/task_2/alx_dashboard/src/reducers/courseReducer.jsx","statementMap":{"0":{"start":{"line":5,"column":21},"end":{"line":8,"column":2}},"1":{"start":{"line":10,"column":22},"end":{"line":22,"column":1}},"2":{"start":{"line":11,"column":4},"end":{"line":21,"column":5}},"3":{"start":{"line":13,"column":38},"end":{"line":13,"column":68}},"4":{"start":{"line":14,"column":12},"end":{"line":14,"column":65}},"5":{"start":{"line":16,"column":12},"end":{"line":16,"column":89}},"6":{"start":{"line":18,"column":12},"end":{"line":18,"column":90}},"7":{"start":{"line":20,"column":12},"end":{"line":20,"column":25}}},"fnMap":{"0":{"name":"(anonymous_0)","decl":{"start":{"line":10,"column":22},"end":{"line":10,"column":23}},"loc":{"start":{"line":10,"column":56},"end":{"line":22,"column":1}},"line":10}},"branchMap":{"0":{"loc":{"start":{"line":10,"column":23},"end":{"line":10,"column":43}},"type":"default-arg","locations":[{"start":{"line":10,"column":31},"end":{"line":10,"column":43}}],"line":10},"1":{"loc":{"start":{"line":11,"column":4},"end":{"line":21,"column":5}},"type":"switch","locations":[{"start":{"line":12,"column":8},"end":{"line":14,"column":65}},{"start":{"line":15,"column":8},"end":{"line":16,"column":89}},{"start":{"line":17,"column":8},"end":{"line":18,"column":90}},{"start":{"line":19,"column":8},"end":{"line":20,"column":25}}],"line":11}},"s":{"0":1,"1":1,"2":4,"3":1,"4":1,"5":1,"6":1,"7":1},"f":{"0":4},"b":{"0":[2],"1":[1,1,1,1]},"_coverageSchema":"1a1c01bbd47fc00a2c39e90264f33305004495a9","hash":"28131a2188f62cd5ac7b4cf23d925f57591e8bc5"}
,"/Users/zubrahmsemo/Desktop/ALX_REACT/0x08.React_Connectors_Providers/task_2/alx_dashboard/src/reducers/notificationReducer.jsx": {"path":"/Users/zubrahmsemo/Desktop/ALX_REACT/0x08.React_Connectors_Providers/task_2/alx_dashboard/src/reducers/notificationReducer.jsx","statementMap":{"0":{"start":{"line":8,"column":21},"end":{"line":11,"column":2}},"1":{"start":{"line":13,"column":28},"end":{"line":27,"column":1}},"2":{"start":{"line":14,"column":4},"end":{"line":26,"column":5}},"3":{"start":{"line":16,"column":12},"end":{"line":19,"column":20}},"4":{"start":{"line":17,"column":16},"end":{"line":17,"column":63}},"5":{"start":{"line":18,"column":16},"end":{"line":18,"column":27}},"6":{"start":{"line":21,"column":12},"end":{"line":21,"column":91}},"7":{"start":{"line":23,"column":12},"end":{"line":23,"column":54}},"8":{"start":{"line":25,"column":12},"end":{"line":25,"column":25}}},"fnMap":{"0":{"name":"(anonymous_0)","decl":{"start":{"line":13,"column":28},"end":{"line":13,"column":29}},"loc":{"start":{"line":13,"column":62},"end":{"line":27,"column":1}},"line":13},"1":{"name":"(anonymous_1)","decl":{"start":{"line":16,"column":71},"end":{"line":16,"column":72}},"loc":{"start":{"line":16,"column":94},"end":{"line":19,"column":13}},"line":16}},"branchMap":{"0":{"loc":{"start":{"line":13,"column":29},"end":{"line":13,"column":49}},"type":"default-arg","locations":[{"start":{"line":13,"column":37},"end":{"line":13,"column":49}}],"line":13},"1":{"loc":{"start":{"line":14,"column":4},"end":{"line":26,"column":5}},"type":"switch","locations":[{"start":{"line":15,"column":8},"end":{"line":19,"column":20}},{"start":{"line":20,"column":8},"end":{"line":21,"column":91}},{"start":{"line":22,"column":8},"end":{"line":23,"column":54}},{"start":{"line":24,"column":8},"end":{"line":25,"column":25}}],"line":14}},"s":{"0":1,"1":1,"2":4,"3":1,"4":3,"5":3,"6":1,"7":1,"8":1},"f":{"0":4,"1":3},"b":{"0":[2],"1":[1,1,1,1]},"_coverageSchema":"1a1c01bbd47fc00a2c39e90264f33305004495a9","hash":"a7c67b1636bbb2480f0e5fe3c14e7185e87a4385"}
,"/Users/zubrahmsemo/Desktop/ALX_REACT/0x08.React_Connectors_Providers/task_2/alx_dashboard/src/reducers/uiReducer.jsx": {"path":"/Users/zubrahmsemo/Desktop/ALX_REACT/0x08.React_Connectors_Providers/task_2/alx_dashboard/src/reducers/uiReducer.jsx","statementMap":{"0":{"start":{"line":19,"column":21},"end":{"line":23,"column":2}},"1":{"start":{"line":30,"column":18},"end":{"line":44,"column":1}},"2":{"start":{"line":31,"column":4},"end":{"line":43,"column":5}},"3":{"start":{"line":33,"column":12},"end":{"line":33,"column":66}},"4":{"start":{"line":35,"column":12},"end":{"line":35,"column":67}},"5":{"start":{"line":37,"column":12},"end":{"line":37,"column":53}},"6":{"start":{"line":40,"column":12},"end":{"line":40,"column":54}},"7":{"start":{"line":42,"column":12},"end":{"line":42,"column":25}}},"fnMap":{"0":{"name":"(anonymous_0)","decl":{"start":{"line":30,"column":18},"end":{"line":30,"column":19}},"loc":{"start":{"line":30,"column":52},"end":{"line":44,"column":1}},"line":30}},"branchMap":{"0":{"loc":{"start":{"line":30,"column":19},"end":{"line":30,"column":39}},"type":"default-arg","locations":[{"start":{"line":30,"column":27},"end":{"line":30,"column":39}}],"line":30},"1":{"loc":{"start":{"line":31,"column":4},"end":{"line":43,"column":5}},"type":"switch","locations":[{"start":{"line":32,"column":8},"end":{"line":33,"column":66}},{"start":{"line":34,"column":8},"end":{"line":35,"column":67}},{"start":{"line":36,"column":8},"end":{"line":37,"column":53}},{"start":{"line":38,"column":8},"end":{"line":38,"column":27}},{"start":{"line":39,"column":8},"end":{"line":40,"column":54}},{"start":{"line":41,"column":8},"end":{"line":42,"column":25}}],"line":31}},"s":{"0":2,"1":2,"2":8,"3":1,"4":1,"5":1,"6":2,"7":3},"f":{"0":8},"b":{"0":[1],"1":[1,1,1,1,2,3]},"_coverageSchema":"1a1c01bbd47fc00a2c39e90264f33305004495a9","hash":"053c8d82cfdc9587a2d3fd7f17a53ef0861084dd"}
,"/Users/zubrahmsemo/Desktop/ALX_REACT/0x08.React_Connectors_Providers/task_2/alx_dashboard/src/schema/courses.jsx": {"path":"/Users/zubrahmsemo/Desktop/ALX_REACT/0x08.React_Connectors_Providers/task_2/alx_dashboard/src/schema/courses.jsx","statementMap":{"0":{"start":{"line":3,"column":22},"end":{"line":3,"column":50}},"1":{"start":{"line":5,"column":33},"end":{"line":8,"column":1}},"2":{"start":{"line":6,"column":27},"end":{"line":6,"column":52}},"3":{"start":{"line":7,"column":4},"end":{"line":7,"column":43}}},"fnMap":{"0":{"name":"(anonymous_0)","decl":{"start":{"line":5,"column":33},"end":{"line":5,"column":34}},"loc":{"start":{"line":5,"column":43},"end":{"line":8,"column":1}},"line":5}},"branchMap":{},"s":{"0":2,"1":2,"2":1,"3":1},"f":{"0":1},"b":{},"_coverageSchema":"1a1c01bbd47fc00a2c39e90264f33305004495a9","hash":"1b5da4f464f54e8f2b3a3d47615df9191080d365"}
,"/Users/zubrahmsemo/Desktop/ALX_REACT/0x08.React_Connectors_Providers/task_2/alx_dashboard/src/schema/notifications.jsx": {"path":"/Users/zubrahmsemo/Desktop/ALX_REACT/0x08.React_Connectors_Providers/task_2/alx_dashboard/src/schema/notifications.jsx","statementMap":{"0":{"start":{"line":5,"column":13},"end":{"line":5,"column":39}},"1":{"start":{"line":6,"column":16},"end":{"line":6,"column":45}},"2":{"start":{"line":7,"column":21},"end":{"line":10,"column":2}},"3":{"start":{"line":12,"column":28},"end":{"line":12,"column":42}},"4":{"start":{"line":14,"column":23},"end":{"line":14,"column":72}},"5":{"start":{"line":21,"column":28},"end":{"line":21,"column":86}},"6":{"start":{"line":22,"column":2},"end":{"line":22,"column":106}},"7":{"start":{"line":22,"column":51},"end":{"line":22,"column":104}},"8":{"start":{"line":27,"column":34},"end":{"line":29,"column":2}},"9":{"start":{"line":32,"column":39},"end":{"line":36,"column":1}},"10":{"start":{"line":33,"column":25},"end":{"line":33,"column":63}},"11":{"start":{"line":34,"column":2},"end":{"line":34,"column":33}}},"fnMap":{"0":{"name":"getAllNotificationsByUser","decl":{"start":{"line":20,"column":16},"end":{"line":20,"column":41}},"loc":{"start":{"line":20,"column":50},"end":{"line":23,"column":1}},"line":20},"1":{"name":"(anonymous_1)","decl":{"start":{"line":22,"column":31},"end":{"line":22,"column":32}},"loc":{"start":{"line":22,"column":51},"end":{"line":22,"column":104}},"line":22},"2":{"name":"(anonymous_2)","decl":{"start":{"line":32,"column":39},"end":{"line":32,"column":40}},"loc":{"start":{"line":32,"column":49},"end":{"line":36,"column":1}},"line":32}},"branchMap":{"0":{"loc":{"start":{"line":21,"column":28},"end":{"line":21,"column":86}},"type":"binary-expr","locations":[{"start":{"line":21,"column":28},"end":{"line":21,"column":80}},{"start":{"line":21,"column":84},"end":{"line":21,"column":86}}],"line":21}},"s":{"0":1,"1":1,"2":1,"3":1,"4":1,"5":0,"6":0,"7":0,"8":1,"9":1,"10":0,"11":0},"f":{"0":0,"1":0,"2":0},"b":{"0":[0,0]},"_coverageSchema":"1a1c01bbd47fc00a2c39e90264f33305004495a9","hash":"ffee137e9c9741f359b5672dee326f1e26367fc1"}
,"/Users/zubrahmsemo/Desktop/ALX_REACT/0x08.React_Connectors_Providers/task_2/alx_dashboard/src/selectors/notificationSelector.jsx": {"path":"/Users/zubrahmsemo/Desktop/ALX_REACT/0x08.React_Connectors_Providers/task_2/alx_dashboard/src/selectors/notificationSelector.jsx","statementMap":{"0":{"start":{"line":3,"column":29},"end":{"line":3,"column":68}},"1":{"start":{"line":3,"column":40},"end":{"line":3,"column":68}},"2":{"start":{"line":5,"column":34},"end":{"line":8,"column":1}},"3":{"start":{"line":7,"column":27},"end":{"line":7,"column":79}},"4":{"start":{"line":10,"column":32},"end":{"line":13,"column":1}},"5":{"start":{"line":12,"column":27},"end":{"line":12,"column":86}},"6":{"start":{"line":15,"column":38},"end":{"line":18,"column":1}},"7":{"start":{"line":17,"column":23},"end":{"line":17,"column":107}},"8":{"start":{"line":17,"column":79},"end":{"line":17,"column":106}}},"fnMap":{"0":{"name":"(anonymous_0)","decl":{"start":{"line":3,"column":29},"end":{"line":3,"column":30}},"loc":{"start":{"line":3,"column":40},"end":{"line":3,"column":68}},"line":3},"1":{"name":"(anonymous_1)","decl":{"start":{"line":7,"column":4},"end":{"line":7,"column":5}},"loc":{"start":{"line":7,"column":27},"end":{"line":7,"column":79}},"line":7},"2":{"name":"(anonymous_2)","decl":{"start":{"line":12,"column":4},"end":{"line":12,"column":5}},"loc":{"start":{"line":12,"column":27},"end":{"line":12,"column":86}},"line":12},"3":{"name":"(anonymous_3)","decl":{"start":{"line":17,"column":4},"end":{"line":17,"column":5}},"loc":{"start":{"line":17,"column":23},"end":{"line":17,"column":107}},"line":17},"4":{"name":"(anonymous_4)","decl":{"start":{"line":17,"column":61},"end":{"line":17,"column":62}},"loc":{"start":{"line":17,"column":79},"end":{"line":17,"column":106}},"line":17}},"branchMap":{"0":{"loc":{"start":{"line":3,"column":40},"end":{"line":3,"column":68}},"type":"binary-expr","locations":[{"start":{"line":3,"column":40},"end":{"line":3,"column":45}},{"start":{"line":3,"column":49},"end":{"line":3,"column":68}}],"line":3},"1":{"loc":{"start":{"line":7,"column":27},"end":{"line":7,"column":79}},"type":"binary-expr","locations":[{"start":{"line":7,"column":27},"end":{"line":7,"column":44}},{"start":{"line":7,"column":48},"end":{"line":7,"column":79}}],"line":7},"2":{"loc":{"start":{"line":12,"column":27},"end":{"line":12,"column":86}},"type":"binary-expr","locations":[{"start":{"line":12,"column":27},"end":{"line":12,"column":44}},{"start":{"line":12,"column":48},"end":{"line":12,"column":86}}],"line":12},"3":{"loc":{"start":{"line":17,"column":23},"end":{"line":17,"column":107}},"type":"binary-expr","locations":[{"start":{"line":17,"column":23},"end":{"line":17,"column":36}},{"start":{"line":17,"column":40},"end":{"line":17,"column":107}}],"line":17}},"s":{"0":1,"1":2,"2":1,"3":1,"4":1,"5":1,"6":1,"7":1,"8":3},"f":{"0":2,"1":1,"2":1,"3":1,"4":3},"b":{"0":[2,2],"1":[1,1],"2":[1,1],"3":[1,1]},"_coverageSchema":"1a1c01bbd47fc00a2c39e90264f33305004495a9","hash":"9d65df75a626df882f1dcf739cec4036ce6e57bb"}
}
