<?xml version="1.0" encoding="UTF-8"?>
<coverage generated="1686133525267" clover="3.2.0">
  <project timestamp="1686133525267" name="All files">
    <metrics statements="13" coveredstatements="0" conditionals="6" coveredconditionals="0" methods="6" coveredmethods="0" elements="25" coveredelements="0" complexity="0" loc="13" ncloc="13" packages="1" files="1" classes="1"/>
    <file name="Dashboard.jsx" path="/Users/zubrahmsemo/Desktop/ALX_REACT/0x02.DD to React Components/task_1/alx_dashboard/src/Dashboard.jsx">
      <metrics statements="13" coveredstatements="0" conditionals="6" coveredconditionals="0" methods="6" coveredmethods="0"/>
      <line num="13" count="0" type="stmt"/>
      <line num="14" count="0" type="stmt"/>
      <line num="17" count="0" type="stmt"/>
      <line num="23" count="0" type="stmt"/>
      <line num="30" count="0" type="stmt"/>
      <line num="34" count="0" type="stmt"/>
      <line num="38" count="0" type="stmt"/>
      <line num="39" count="0" type="cond" truecount="0" falsecount="4"/>
      <line num="40" count="0" type="stmt"/>
      <line num="41" count="0" type="stmt"/>
      <line num="46" count="0" type="stmt"/>
      <line num="53" count="0" type="stmt"/>
      <line num="54" count="0" type="stmt"/>
    </file>
  </project>
</coverage>
