{"/Users/zubrahmsemo/Desktop/ALX_REACT/0x07.React_Reducer_Selectors/task_0/alx_dashboard/src/App.jsx": {"path":"/Users/zubrahmsemo/Desktop/ALX_REACT/0x07.React_Reducer_Selectors/task_0/alx_dashboard/src/App.jsx","statementMap":{"0":{"start":{"line":8,"column":4},"end":{"line":15,"column":6}}},"fnMap":{"0":{"name":"App","decl":{"start":{"line":7,"column":24},"end":{"line":7,"column":27}},"loc":{"start":{"line":7,"column":30},"end":{"line":16,"column":1}},"line":7}},"branchMap":{},"s":{"0":0},"f":{"0":0},"b":{}}
,"/Users/zubrahmsemo/Desktop/ALX_REACT/0x07.React_Reducer_Selectors/task_0/alx_dashboard/src/fileMock.js": {"path":"/Users/zubrahmsemo/Desktop/ALX_REACT/0x07.React_Reducer_Selectors/task_0/alx_dashboard/src/fileMock.js","statementMap":{},"fnMap":{},"branchMap":{},"s":{},"f":{},"b":{},"_coverageSchema":"1a1c01bbd47fc00a2c39e90264f33305004495a9","hash":"76af50c1e7cb61bf0a64fd52c987202d5a2f9cfe"}
,"/Users/zubrahmsemo/Desktop/ALX_REACT/0x07.React_Reducer_Selectors/task_0/alx_dashboard/src/main.jsx": {"path":"/Users/zubrahmsemo/Desktop/ALX_REACT/0x07.React_Reducer_Selectors/task_0/alx_dashboard/src/main.jsx","statementMap":{"0":{"start":{"line":13,"column":0},"end":{"line":19,"column":1}}},"fnMap":{},"branchMap":{},"s":{"0":0},"f":{},"b":{}}
,"/Users/zubrahmsemo/Desktop/ALX_REACT/0x07.React_Reducer_Selectors/task_0/alx_dashboard/src/utils.jsx": {"path":"/Users/zubrahmsemo/Desktop/ALX_REACT/0x07.React_Reducer_Selectors/task_0/alx_dashboard/src/utils.jsx","statementMap":{"0":{"start":{"line":3,"column":2},"end":{"line":3,"column":34}},"1":{"start":{"line":8,"column":2},"end":{"line":8,"column":52}},"2":{"start":{"line":13,"column":2},"end":{"line":13,"column":65}}},"fnMap":{"0":{"name":"getFullYear","decl":{"start":{"line":2,"column":16},"end":{"line":2,"column":27}},"loc":{"start":{"line":2,"column":30},"end":{"line":4,"column":1}},"line":2},"1":{"name":"getFooterCopy","decl":{"start":{"line":7,"column":16},"end":{"line":7,"column":29}},"loc":{"start":{"line":7,"column":39},"end":{"line":9,"column":1}},"line":7},"2":{"name":"getLatestNotification","decl":{"start":{"line":12,"column":16},"end":{"line":12,"column":37}},"loc":{"start":{"line":12,"column":40},"end":{"line":14,"column":1}},"line":12}},"branchMap":{"0":{"loc":{"start":{"line":8,"column":9},"end":{"line":8,"column":51}},"type":"cond-expr","locations":[{"start":{"line":8,"column":19},"end":{"line":8,"column":28}},{"start":{"line":8,"column":31},"end":{"line":8,"column":51}}],"line":8}},"s":{"0":17,"1":18,"2":5},"f":{"0":17,"1":18,"2":5},"b":{"0":[17,1]},"_coverageSchema":"1a1c01bbd47fc00a2c39e90264f33305004495a9","hash":"0039fb77c7ce9bcb0513f91e7e589d722368d139"}
,"/Users/zubrahmsemo/Desktop/ALX_REACT/0x07.React_Reducer_Selectors/task_0/alx_dashboard/src/BodySection/BodySection.jsx": {"path":"/Users/zubrahmsemo/Desktop/ALX_REACT/0x07.React_Reducer_Selectors/task_0/alx_dashboard/src/BodySection/BodySection.jsx","statementMap":{"0":{"start":{"line":6,"column":15},"end":{"line":11,"column":2}},"1":{"start":{"line":13,"column":20},"end":{"line":20,"column":1}},"2":{"start":{"line":14,"column":4},"end":{"line":19,"column":6}}},"fnMap":{"0":{"name":"(anonymous_0)","decl":{"start":{"line":13,"column":20},"end":{"line":13,"column":21}},"loc":{"start":{"line":13,"column":45},"end":{"line":20,"column":1}},"line":13}},"branchMap":{},"s":{"0":3,"1":3,"2":18},"f":{"0":18},"b":{},"_coverageSchema":"1a1c01bbd47fc00a2c39e90264f33305004495a9","hash":"8d8939873a047da9a53b4ad5911315273a51126b"}
,"/Users/zubrahmsemo/Desktop/ALX_REACT/0x07.React_Reducer_Selectors/task_0/alx_dashboard/src/BodySection/BodySectionWithMarginBottom.jsx": {"path":"/Users/zubrahmsemo/Desktop/ALX_REACT/0x07.React_Reducer_Selectors/task_0/alx_dashboard/src/BodySection/BodySectionWithMarginBottom.jsx","statementMap":{"0":{"start":{"line":9,"column":15},"end":{"line":15,"column":2}},"1":{"start":{"line":18,"column":36},"end":{"line":27,"column":1}},"2":{"start":{"line":19,"column":32},"end":{"line":19,"column":37}},"3":{"start":{"line":20,"column":4},"end":{"line":26,"column":6}},"4":{"start":{"line":30,"column":0},"end":{"line":33,"column":2}}},"fnMap":{"0":{"name":"(anonymous_0)","decl":{"start":{"line":18,"column":36},"end":{"line":18,"column":37}},"loc":{"start":{"line":18,"column":47},"end":{"line":27,"column":1}},"line":18}},"branchMap":{},"s":{"0":2,"1":2,"2":9,"3":9,"4":2},"f":{"0":9},"b":{},"_coverageSchema":"1a1c01bbd47fc00a2c39e90264f33305004495a9","hash":"04ba204521ae100c68962e474fc818e673a6869b"}
,"/Users/zubrahmsemo/Desktop/ALX_REACT/0x07.React_Reducer_Selectors/task_0/alx_dashboard/src/CourseList/CourseList.jsx": {"path":"/Users/zubrahmsemo/Desktop/ALX_REACT/0x07.React_Reducer_Selectors/task_0/alx_dashboard/src/CourseList/CourseList.jsx","statementMap":{"0":{"start":{"line":6,"column":15},"end":{"line":28,"column":2}},"1":{"start":{"line":30,"column":19},"end":{"line":60,"column":1}},"2":{"start":{"line":31,"column":4},"end":{"line":59,"column":6}},"3":{"start":{"line":50,"column":20},"end":{"line":55,"column":22}},"4":{"start":{"line":62,"column":0},"end":{"line":70,"column":2}},"5":{"start":{"line":72,"column":0},"end":{"line":74,"column":2}}},"fnMap":{"0":{"name":"(anonymous_0)","decl":{"start":{"line":30,"column":19},"end":{"line":30,"column":20}},"loc":{"start":{"line":30,"column":40},"end":{"line":60,"column":1}},"line":30},"1":{"name":"(anonymous_1)","decl":{"start":{"line":49,"column":33},"end":{"line":49,"column":34}},"loc":{"start":{"line":50,"column":20},"end":{"line":55,"column":22}},"line":50}},"branchMap":{"0":{"loc":{"start":{"line":46,"column":17},"end":{"line":48,"column":17}},"type":"binary-expr","locations":[{"start":{"line":46,"column":17},"end":{"line":46,"column":41}},{"start":{"line":47,"column":20},"end":{"line":47,"column":94}}],"line":46}},"s":{"0":2,"1":2,"2":3,"3":2,"4":2,"5":2},"f":{"0":3,"1":2},"b":{"0":[3,2]},"_coverageSchema":"1a1c01bbd47fc00a2c39e90264f33305004495a9","hash":"efc2fcbe2b132dbec237be102752e299bd4292a5"}
,"/Users/zubrahmsemo/Desktop/ALX_REACT/0x07.React_Reducer_Selectors/task_0/alx_dashboard/src/CourseList/CourseListRow.jsx": {"path":"/Users/zubrahmsemo/Desktop/ALX_REACT/0x07.React_Reducer_Selectors/task_0/alx_dashboard/src/CourseList/CourseListRow.jsx","statementMap":{"0":{"start":{"line":5,"column":15},"end":{"line":29,"column":2}},"1":{"start":{"line":31,"column":22},"end":{"line":65,"column":1}},"2":{"start":{"line":32,"column":38},"end":{"line":32,"column":53}},"3":{"start":{"line":34,"column":33},"end":{"line":36,"column":5}},"4":{"start":{"line":35,"column":8},"end":{"line":35,"column":33}},"5":{"start":{"line":38,"column":17},"end":{"line":58,"column":5}},"6":{"start":{"line":60,"column":4},"end":{"line":64,"column":6}},"7":{"start":{"line":67,"column":0},"end":{"line":71,"column":2}},"8":{"start":{"line":73,"column":0},"end":{"line":76,"column":2}}},"fnMap":{"0":{"name":"(anonymous_0)","decl":{"start":{"line":31,"column":22},"end":{"line":31,"column":23}},"loc":{"start":{"line":31,"column":71},"end":{"line":65,"column":1}},"line":31},"1":{"name":"(anonymous_1)","decl":{"start":{"line":34,"column":33},"end":{"line":34,"column":34}},"loc":{"start":{"line":34,"column":39},"end":{"line":36,"column":5}},"line":34}},"branchMap":{"0":{"loc":{"start":{"line":38,"column":17},"end":{"line":58,"column":5}},"type":"cond-expr","locations":[{"start":{"line":39,"column":8},"end":{"line":42,"column":11}},{"start":{"line":44,"column":8},"end":{"line":57,"column":11}}],"line":38},"1":{"loc":{"start":{"line":45,"column":42},"end":{"line":45,"column":72}},"type":"binary-expr","locations":[{"start":{"line":45,"column":42},"end":{"line":45,"column":51}},{"start":{"line":45,"column":55},"end":{"line":45,"column":72}}],"line":45},"2":{"loc":{"start":{"line":54,"column":42},"end":{"line":54,"column":72}},"type":"binary-expr","locations":[{"start":{"line":54,"column":42},"end":{"line":54,"column":51}},{"start":{"line":54,"column":55},"end":{"line":54,"column":72}}],"line":54},"3":{"loc":{"start":{"line":61,"column":23},"end":{"line":61,"column":73}},"type":"cond-expr","locations":[{"start":{"line":61,"column":34},"end":{"line":61,"column":55}},{"start":{"line":61,"column":58},"end":{"line":61,"column":73}}],"line":61}},"s":{"0":3,"1":3,"2":15,"3":15,"4":2,"5":15,"6":15,"7":3,"8":3},"f":{"0":15,"1":2},"b":{"0":[7,8],"1":[8,1],"2":[8,1],"3":[7,8]},"_coverageSchema":"1a1c01bbd47fc00a2c39e90264f33305004495a9","hash":"2821892465fcaa74f6f3a8c793692e162de95873"}
,"/Users/zubrahmsemo/Desktop/ALX_REACT/0x07.React_Reducer_Selectors/task_0/alx_dashboard/src/Footer/Footer.jsx": {"path":"/Users/zubrahmsemo/Desktop/ALX_REACT/0x07.React_Reducer_Selectors/task_0/alx_dashboard/src/Footer/Footer.jsx","statementMap":{"0":{"start":{"line":6,"column":15},"end":{"line":69,"column":2}},"1":{"start":{"line":71,"column":15},"end":{"line":82,"column":1}},"2":{"start":{"line":72,"column":21},"end":{"line":72,"column":49}},"3":{"start":{"line":74,"column":4},"end":{"line":81,"column":5}}},"fnMap":{"0":{"name":"(anonymous_0)","decl":{"start":{"line":71,"column":15},"end":{"line":71,"column":16}},"loc":{"start":{"line":71,"column":21},"end":{"line":82,"column":1}},"line":71}},"branchMap":{"0":{"loc":{"start":{"line":77,"column":13},"end":{"line":78,"column":44}},"type":"binary-expr","locations":[{"start":{"line":77,"column":13},"end":{"line":77,"column":28}},{"start":{"line":77,"column":32},"end":{"line":78,"column":44}}],"line":77}},"s":{"0":2,"1":2,"2":10,"3":10},"f":{"0":10},"b":{"0":[10,0]},"_coverageSchema":"1a1c01bbd47fc00a2c39e90264f33305004495a9","hash":"0540f106c94436b01aa16537f31f7a34c6184653"}
,"/Users/zubrahmsemo/Desktop/ALX_REACT/0x07.React_Reducer_Selectors/task_0/alx_dashboard/src/HOC/WithLogging.jsx": {"path":"/Users/zubrahmsemo/Desktop/ALX_REACT/0x07.React_Reducer_Selectors/task_0/alx_dashboard/src/HOC/WithLogging.jsx","statementMap":{"0":{"start":{"line":3,"column":20},"end":{"line":19,"column":1}},"1":{"start":{"line":6,"column":12},"end":{"line":6,"column":120}},"2":{"start":{"line":10,"column":12},"end":{"line":10,"column":129}},"3":{"start":{"line":14,"column":12},"end":{"line":14,"column":56}},"4":{"start":{"line":17,"column":4},"end":{"line":17,"column":117}},"5":{"start":{"line":18,"column":4},"end":{"line":18,"column":23}}},"fnMap":{"0":{"name":"(anonymous_0)","decl":{"start":{"line":3,"column":20},"end":{"line":3,"column":21}},"loc":{"start":{"line":3,"column":42},"end":{"line":19,"column":1}},"line":3},"1":{"name":"(anonymous_1)","decl":{"start":{"line":5,"column":8},"end":{"line":5,"column":9}},"loc":{"start":{"line":5,"column":28},"end":{"line":7,"column":9}},"line":5},"2":{"name":"(anonymous_2)","decl":{"start":{"line":9,"column":8},"end":{"line":9,"column":9}},"loc":{"start":{"line":9,"column":31},"end":{"line":11,"column":9}},"line":9},"3":{"name":"(anonymous_3)","decl":{"start":{"line":13,"column":8},"end":{"line":13,"column":9}},"loc":{"start":{"line":13,"column":17},"end":{"line":15,"column":9}},"line":13}},"branchMap":{"0":{"loc":{"start":{"line":6,"column":37},"end":{"line":6,"column":105}},"type":"binary-expr","locations":[{"start":{"line":6,"column":37},"end":{"line":6,"column":65}},{"start":{"line":6,"column":69},"end":{"line":6,"column":90}},{"start":{"line":6,"column":94},"end":{"line":6,"column":105}}],"line":6},"1":{"loc":{"start":{"line":10,"column":37},"end":{"line":10,"column":105}},"type":"binary-expr","locations":[{"start":{"line":10,"column":37},"end":{"line":10,"column":65}},{"start":{"line":10,"column":69},"end":{"line":10,"column":90}},{"start":{"line":10,"column":94},"end":{"line":10,"column":105}}],"line":10},"2":{"loc":{"start":{"line":17,"column":45},"end":{"line":17,"column":113}},"type":"binary-expr","locations":[{"start":{"line":17,"column":45},"end":{"line":17,"column":73}},{"start":{"line":17,"column":77},"end":{"line":17,"column":98}},{"start":{"line":17,"column":102},"end":{"line":17,"column":113}}],"line":17}},"s":{"0":1,"1":7,"2":7,"3":7,"4":14,"5":14},"f":{"0":14,"1":7,"2":7,"3":7},"b":{"0":[7,7,0],"1":[7,7,0],"2":[14,14,0]},"_coverageSchema":"1a1c01bbd47fc00a2c39e90264f33305004495a9","hash":"0b809eb92ae7fce854537e4fb3476550bcf1c1f0"}
,"/Users/zubrahmsemo/Desktop/ALX_REACT/0x07.React_Reducer_Selectors/task_0/alx_dashboard/src/Header/Header.jsx": {"path":"/Users/zubrahmsemo/Desktop/ALX_REACT/0x07.React_Reducer_Selectors/task_0/alx_dashboard/src/Header/Header.jsx","statementMap":{"0":{"start":{"line":6,"column":15},"end":{"line":54,"column":2}},"1":{"start":{"line":60,"column":8},"end":{"line":68,"column":10}}},"fnMap":{"0":{"name":"(anonymous_0)","decl":{"start":{"line":58,"column":4},"end":{"line":58,"column":5}},"loc":{"start":{"line":58,"column":13},"end":{"line":69,"column":5}},"line":58}},"branchMap":{},"s":{"0":0,"1":0},"f":{"0":0},"b":{}}
,"/Users/zubrahmsemo/Desktop/ALX_REACT/0x07.React_Reducer_Selectors/task_0/alx_dashboard/src/Login/Login.jsx": {"path":"/Users/zubrahmsemo/Desktop/ALX_REACT/0x07.React_Reducer_Selectors/task_0/alx_dashboard/src/Login/Login.jsx","statementMap":{"0":{"start":{"line":7,"column":15},"end":{"line":142,"column":2}},"1":{"start":{"line":146,"column":8},"end":{"line":146,"column":21}},"2":{"start":{"line":147,"column":8},"end":{"line":152,"column":10}},"3":{"start":{"line":157,"column":24},"end":{"line":167,"column":5}},"4":{"start":{"line":158,"column":8},"end":{"line":158,"column":27}},"5":{"start":{"line":161,"column":36},"end":{"line":161,"column":46}},"6":{"start":{"line":162,"column":8},"end":{"line":162,"column":42}},"7":{"start":{"line":169,"column":24},"end":{"line":181,"column":5}},"8":{"start":{"line":170,"column":8},"end":{"line":180,"column":11}},"9":{"start":{"line":171,"column":12},"end":{"line":179,"column":13}},"10":{"start":{"line":172,"column":16},"end":{"line":172,"column":54}},"11":{"start":{"line":176,"column":16},"end":{"line":176,"column":55}},"12":{"start":{"line":183,"column":27},"end":{"line":195,"column":5}},"13":{"start":{"line":184,"column":8},"end":{"line":194,"column":11}},"14":{"start":{"line":185,"column":12},"end":{"line":193,"column":13}},"15":{"start":{"line":186,"column":16},"end":{"line":186,"column":54}},"16":{"start":{"line":190,"column":16},"end":{"line":190,"column":55}},"17":{"start":{"line":199,"column":33},"end":{"line":199,"column":43}},"18":{"start":{"line":201,"column":8},"end":{"line":240,"column":10}}},"fnMap":{"0":{"name":"(anonymous_0)","decl":{"start":{"line":145,"column":4},"end":{"line":145,"column":5}},"loc":{"start":{"line":145,"column":23},"end":{"line":153,"column":5}},"line":145},"1":{"name":"(anonymous_1)","decl":{"start":{"line":157,"column":24},"end":{"line":157,"column":25}},"loc":{"start":{"line":157,"column":31},"end":{"line":167,"column":5}},"line":157},"2":{"name":"(anonymous_2)","decl":{"start":{"line":169,"column":24},"end":{"line":169,"column":25}},"loc":{"start":{"line":169,"column":31},"end":{"line":181,"column":5}},"line":169},"3":{"name":"(anonymous_3)","decl":{"start":{"line":170,"column":49},"end":{"line":170,"column":50}},"loc":{"start":{"line":170,"column":55},"end":{"line":180,"column":9}},"line":170},"4":{"name":"(anonymous_4)","decl":{"start":{"line":183,"column":27},"end":{"line":183,"column":28}},"loc":{"start":{"line":183,"column":34},"end":{"line":195,"column":5}},"line":183},"5":{"name":"(anonymous_5)","decl":{"start":{"line":184,"column":52},"end":{"line":184,"column":53}},"loc":{"start":{"line":184,"column":58},"end":{"line":194,"column":9}},"line":184},"6":{"name":"(anonymous_6)","decl":{"start":{"line":197,"column":4},"end":{"line":197,"column":5}},"loc":{"start":{"line":197,"column":13},"end":{"line":241,"column":5}},"line":197}},"branchMap":{"0":{"loc":{"start":{"line":171,"column":12},"end":{"line":179,"column":13}},"type":"if","locations":[{"start":{"line":171,"column":12},"end":{"line":179,"column":13}},{"start":{"line":175,"column":19},"end":{"line":179,"column":13}}],"line":171},"1":{"loc":{"start":{"line":171,"column":16},"end":{"line":171,"column":69}},"type":"binary-expr","locations":[{"start":{"line":171,"column":16},"end":{"line":171,"column":39}},{"start":{"line":171,"column":43},"end":{"line":171,"column":69}}],"line":171},"2":{"loc":{"start":{"line":185,"column":12},"end":{"line":193,"column":13}},"type":"if","locations":[{"start":{"line":185,"column":12},"end":{"line":193,"column":13}},{"start":{"line":189,"column":19},"end":{"line":193,"column":13}}],"line":185},"3":{"loc":{"start":{"line":185,"column":16},"end":{"line":185,"column":69}},"type":"binary-expr","locations":[{"start":{"line":185,"column":16},"end":{"line":185,"column":39}},{"start":{"line":185,"column":43},"end":{"line":185,"column":69}}],"line":185}},"s":{"0":2,"1":10,"2":10,"3":10,"4":1,"5":1,"6":1,"7":10,"8":2,"9":2,"10":0,"11":2,"12":10,"13":2,"14":2,"15":2,"16":0,"17":18,"18":18},"f":{"0":10,"1":1,"2":2,"3":2,"4":2,"5":2,"6":18},"b":{"0":[0,2],"1":[2,2],"2":[2,0],"3":[2,2]},"_coverageSchema":"1a1c01bbd47fc00a2c39e90264f33305004495a9","hash":"2ee43339f6b98178440b4edc27d210e22fcd30dd"}
,"/Users/zubrahmsemo/Desktop/ALX_REACT/0x07.React_Reducer_Selectors/task_0/alx_dashboard/src/Notifications/NotificationItem.jsx": {"path":"/Users/zubrahmsemo/Desktop/ALX_REACT/0x07.React_Reducer_Selectors/task_0/alx_dashboard/src/Notifications/NotificationItem.jsx","statementMap":{"0":{"start":{"line":5,"column":15},"end":{"line":12,"column":2}},"1":{"start":{"line":15,"column":24},"end":{"line":17,"column":5}},"2":{"start":{"line":16,"column":8},"end":{"line":16,"column":23}},"3":{"start":{"line":19,"column":30},"end":{"line":19,"column":81}},"4":{"start":{"line":21,"column":4},"end":{"line":25,"column":6}},"5":{"start":{"line":28,"column":0},"end":{"line":36,"column":2}}},"fnMap":{"0":{"name":"NotificationItem","decl":{"start":{"line":14,"column":9},"end":{"line":14,"column":25}},"loc":{"start":{"line":14,"column":65},"end":{"line":26,"column":1}},"line":14},"1":{"name":"(anonymous_1)","decl":{"start":{"line":15,"column":24},"end":{"line":15,"column":25}},"loc":{"start":{"line":15,"column":30},"end":{"line":17,"column":5}},"line":15}},"branchMap":{"0":{"loc":{"start":{"line":19,"column":30},"end":{"line":19,"column":81}},"type":"cond-expr","locations":[{"start":{"line":19,"column":51},"end":{"line":19,"column":65}},{"start":{"line":19,"column":68},"end":{"line":19,"column":81}}],"line":19},"1":{"loc":{"start":{"line":23,"column":13},"end":{"line":23,"column":66}},"type":"cond-expr","locations":[{"start":{"line":23,"column":20},"end":{"line":23,"column":58}},{"start":{"line":23,"column":61},"end":{"line":23,"column":66}}],"line":23}},"s":{"0":3,"1":19,"2":3,"3":19,"4":19,"5":3},"f":{"0":19,"1":3},"b":{"0":[11,8],"1":[3,16]},"_coverageSchema":"1a1c01bbd47fc00a2c39e90264f33305004495a9","hash":"01b47463778b8dbcb78d4d84356a5e8b0f495ec8"}
,"/Users/zubrahmsemo/Desktop/ALX_REACT/0x07.React_Reducer_Selectors/task_0/alx_dashboard/src/Notifications/Notifications.jsx": {"path":"/Users/zubrahmsemo/Desktop/ALX_REACT/0x07.React_Reducer_Selectors/task_0/alx_dashboard/src/Notifications/Notifications.jsx","statementMap":{"0":{"start":{"line":6,"column":15},"end":{"line":76,"column":2}},"1":{"start":{"line":80,"column":8},"end":{"line":80,"column":21}},"2":{"start":{"line":81,"column":8},"end":{"line":83,"column":10}},"3":{"start":{"line":84,"column":8},"end":{"line":84,"column":71}},"4":{"start":{"line":90,"column":8},"end":{"line":92,"column":12}},"5":{"start":{"line":90,"column":38},"end":{"line":92,"column":9}},"6":{"start":{"line":96,"column":94},"end":{"line":96,"column":104}},"7":{"start":{"line":97,"column":33},"end":{"line":97,"column":43}},"8":{"start":{"line":99,"column":8},"end":{"line":144,"column":10}},"9":{"start":{"line":105,"column":24},"end":{"line":110,"column":25}},"10":{"start":{"line":106,"column":28},"end":{"line":106,"column":73}},"11":{"start":{"line":107,"column":28},"end":{"line":107,"column":50}},"12":{"start":{"line":109,"column":28},"end":{"line":109,"column":50}},"13":{"start":{"line":127,"column":32},"end":{"line":134,"column":34}}},"fnMap":{"0":{"name":"(anonymous_0)","decl":{"start":{"line":79,"column":4},"end":{"line":79,"column":5}},"loc":{"start":{"line":79,"column":23},"end":{"line":85,"column":5}},"line":79},"1":{"name":"(anonymous_1)","decl":{"start":{"line":89,"column":4},"end":{"line":89,"column":5}},"loc":{"start":{"line":89,"column":26},"end":{"line":93,"column":5}},"line":89},"2":{"name":"(anonymous_2)","decl":{"start":{"line":90,"column":22},"end":{"line":90,"column":23}},"loc":{"start":{"line":90,"column":38},"end":{"line":92,"column":9}},"line":90},"3":{"name":"(anonymous_3)","decl":{"start":{"line":95,"column":4},"end":{"line":95,"column":5}},"loc":{"start":{"line":95,"column":13},"end":{"line":145,"column":5}},"line":95},"4":{"name":"(anonymous_4)","decl":{"start":{"line":104,"column":29},"end":{"line":104,"column":30}},"loc":{"start":{"line":104,"column":35},"end":{"line":111,"column":21}},"line":104},"5":{"name":"(anonymous_5)","decl":{"start":{"line":126,"column":46},"end":{"line":126,"column":47}},"loc":{"start":{"line":127,"column":32},"end":{"line":134,"column":34}},"line":127}},"branchMap":{"0":{"loc":{"start":{"line":105,"column":24},"end":{"line":110,"column":25}},"type":"if","locations":[{"start":{"line":105,"column":24},"end":{"line":110,"column":25}},{"start":{"line":108,"column":31},"end":{"line":110,"column":25}}],"line":105},"1":{"loc":{"start":{"line":119,"column":17},"end":{"line":142,"column":17}},"type":"cond-expr","locations":[{"start":{"line":120,"column":20},"end":{"line":137,"column":25}},{"start":{"line":139,"column":20},"end":{"line":141,"column":24}}],"line":119},"2":{"loc":{"start":{"line":120,"column":42},"end":{"line":120,"column":73}},"type":"cond-expr","locations":[{"start":{"line":120,"column":57},"end":{"line":120,"column":64}},{"start":{"line":120,"column":67},"end":{"line":120,"column":73}}],"line":120},"3":{"loc":{"start":{"line":121,"column":25},"end":{"line":136,"column":25}},"type":"cond-expr","locations":[{"start":{"line":122,"column":28},"end":{"line":124,"column":32}},{"start":{"line":126,"column":28},"end":{"line":135,"column":30}}],"line":121}},"s":{"0":2,"1":7,"2":7,"3":7,"4":0,"5":0,"6":8,"7":8,"8":8,"9":1,"10":1,"11":1,"12":0,"13":17},"f":{"0":7,"1":0,"2":0,"3":8,"4":1,"5":17},"b":{"0":[1,0],"1":[7,1],"2":[7,0],"3":[1,6]},"_coverageSchema":"1a1c01bbd47fc00a2c39e90264f33305004495a9","hash":"46da12fcd63550eb248327a9dfe4727ef6f0c8c9"}
,"/Users/zubrahmsemo/Desktop/ALX_REACT/0x07.React_Reducer_Selectors/task_0/alx_dashboard/src/actions/courseActionCreators.jsx": {"path":"/Users/zubrahmsemo/Desktop/ALX_REACT/0x07.React_Reducer_Selectors/task_0/alx_dashboard/src/actions/courseActionCreators.jsx","statementMap":{"0":{"start":{"line":5,"column":28},"end":{"line":8,"column":2}},"1":{"start":{"line":5,"column":40},"end":{"line":8,"column":1}},"2":{"start":{"line":10,"column":30},"end":{"line":13,"column":2}},"3":{"start":{"line":10,"column":42},"end":{"line":13,"column":1}},"4":{"start":{"line":19,"column":34},"end":{"line":19,"column":66}},"5":{"start":{"line":20,"column":35},"end":{"line":20,"column":69}}},"fnMap":{"0":{"name":"(anonymous_0)","decl":{"start":{"line":5,"column":28},"end":{"line":5,"column":29}},"loc":{"start":{"line":5,"column":40},"end":{"line":8,"column":1}},"line":5},"1":{"name":"(anonymous_1)","decl":{"start":{"line":10,"column":30},"end":{"line":10,"column":31}},"loc":{"start":{"line":10,"column":42},"end":{"line":13,"column":1}},"line":10}},"branchMap":{},"s":{"0":1,"1":1,"2":1,"3":1,"4":1,"5":1},"f":{"0":1,"1":1},"b":{},"_coverageSchema":"1a1c01bbd47fc00a2c39e90264f33305004495a9","hash":"f3b2bac7bfa04b1f9d9482917dc092cfafbeb677"}
,"/Users/zubrahmsemo/Desktop/ALX_REACT/0x07.React_Reducer_Selectors/task_0/alx_dashboard/src/actions/courseActionTypes.jsx": {"path":"/Users/zubrahmsemo/Desktop/ALX_REACT/0x07.React_Reducer_Selectors/task_0/alx_dashboard/src/actions/courseActionTypes.jsx","statementMap":{"0":{"start":{"line":1,"column":29},"end":{"line":1,"column":44}},"1":{"start":{"line":2,"column":31},"end":{"line":2,"column":48}}},"fnMap":{},"branchMap":{},"s":{"0":2,"1":2},"f":{},"b":{},"_coverageSchema":"1a1c01bbd47fc00a2c39e90264f33305004495a9","hash":"cbf81e17e4fbc9094ce19dc32e022e6d2506e2c5"}
,"/Users/zubrahmsemo/Desktop/ALX_REACT/0x07.React_Reducer_Selectors/task_0/alx_dashboard/src/actions/notificationActionCreators.jsx": {"path":"/Users/zubrahmsemo/Desktop/ALX_REACT/0x07.React_Reducer_Selectors/task_0/alx_dashboard/src/actions/notificationActionCreators.jsx","statementMap":{"0":{"start":{"line":6,"column":26},"end":{"line":9,"column":2}},"1":{"start":{"line":6,"column":38},"end":{"line":9,"column":1}},"2":{"start":{"line":11,"column":37},"end":{"line":14,"column":2}},"3":{"start":{"line":11,"column":50},"end":{"line":14,"column":1}},"4":{"start":{"line":20,"column":31},"end":{"line":20,"column":61}},"5":{"start":{"line":21,"column":42},"end":{"line":21,"column":83}}},"fnMap":{"0":{"name":"(anonymous_0)","decl":{"start":{"line":6,"column":26},"end":{"line":6,"column":27}},"loc":{"start":{"line":6,"column":38},"end":{"line":9,"column":1}},"line":6},"1":{"name":"(anonymous_1)","decl":{"start":{"line":11,"column":37},"end":{"line":11,"column":38}},"loc":{"start":{"line":11,"column":50},"end":{"line":14,"column":1}},"line":11}},"branchMap":{},"s":{"0":1,"1":1,"2":1,"3":2,"4":1,"5":1},"f":{"0":1,"1":2},"b":{},"_coverageSchema":"1a1c01bbd47fc00a2c39e90264f33305004495a9","hash":"2b675389b0b0f32fa8681f07a4cded75a72aa117"}
,"/Users/zubrahmsemo/Desktop/ALX_REACT/0x07.React_Reducer_Selectors/task_0/alx_dashboard/src/actions/notificationActionTypes.jsx": {"path":"/Users/zubrahmsemo/Desktop/ALX_REACT/0x07.React_Reducer_Selectors/task_0/alx_dashboard/src/actions/notificationActionTypes.jsx","statementMap":{"0":{"start":{"line":1,"column":28},"end":{"line":1,"column":42}},"1":{"start":{"line":2,"column":31},"end":{"line":2,"column":48}},"2":{"start":{"line":7,"column":39},"end":{"line":10,"column":1}}},"fnMap":{},"branchMap":{},"s":{"0":1,"1":1,"2":1},"f":{},"b":{},"_coverageSchema":"1a1c01bbd47fc00a2c39e90264f33305004495a9","hash":"6109b25952ef4ddae4d9b0502cab8cfda901c0bd"}
,"/Users/zubrahmsemo/Desktop/ALX_REACT/0x07.React_Reducer_Selectors/task_0/alx_dashboard/src/actions/uiActionCreators.jsx": {"path":"/Users/zubrahmsemo/Desktop/ALX_REACT/0x07.React_Reducer_Selectors/task_0/alx_dashboard/src/actions/uiActionCreators.jsx","statementMap":{"0":{"start":{"line":11,"column":21},"end":{"line":14,"column":2}},"1":{"start":{"line":11,"column":43},"end":{"line":14,"column":1}},"2":{"start":{"line":16,"column":22},"end":{"line":18,"column":2}},"3":{"start":{"line":16,"column":29},"end":{"line":18,"column":1}},"4":{"start":{"line":20,"column":41},"end":{"line":22,"column":2}},"5":{"start":{"line":20,"column":48},"end":{"line":22,"column":1}},"6":{"start":{"line":24,"column":38},"end":{"line":26,"column":2}},"7":{"start":{"line":24,"column":45},"end":{"line":26,"column":1}},"8":{"start":{"line":30,"column":28},"end":{"line":32,"column":2}},"9":{"start":{"line":30,"column":35},"end":{"line":32,"column":1}},"10":{"start":{"line":34,"column":28},"end":{"line":36,"column":2}},"11":{"start":{"line":34,"column":35},"end":{"line":36,"column":1}},"12":{"start":{"line":42,"column":26},"end":{"line":42,"column":31}},"13":{"start":{"line":43,"column":27},"end":{"line":43,"column":33}},"14":{"start":{"line":44,"column":46},"end":{"line":44,"column":71}},"15":{"start":{"line":45,"column":43},"end":{"line":45,"column":65}},"16":{"start":{"line":49,"column":28},"end":{"line":67,"column":1}},"17":{"start":{"line":50,"column":4},"end":{"line":66,"column":6}},"18":{"start":{"line":52,"column":8},"end":{"line":52,"column":31}},"19":{"start":{"line":53,"column":8},"end":{"line":65,"column":9}},"20":{"start":{"line":54,"column":29},"end":{"line":54,"column":73}},"21":{"start":{"line":55,"column":12},"end":{"line":61,"column":13}},"22":{"start":{"line":57,"column":16},"end":{"line":57,"column":31}},"23":{"start":{"line":60,"column":16},"end":{"line":60,"column":31}},"24":{"start":{"line":64,"column":12},"end":{"line":64,"column":27}}},"fnMap":{"0":{"name":"(anonymous_0)","decl":{"start":{"line":11,"column":21},"end":{"line":11,"column":22}},"loc":{"start":{"line":11,"column":43},"end":{"line":14,"column":1}},"line":11},"1":{"name":"(anonymous_1)","decl":{"start":{"line":16,"column":22},"end":{"line":16,"column":23}},"loc":{"start":{"line":16,"column":29},"end":{"line":18,"column":1}},"line":16},"2":{"name":"(anonymous_2)","decl":{"start":{"line":20,"column":41},"end":{"line":20,"column":42}},"loc":{"start":{"line":20,"column":48},"end":{"line":22,"column":1}},"line":20},"3":{"name":"(anonymous_3)","decl":{"start":{"line":24,"column":38},"end":{"line":24,"column":39}},"loc":{"start":{"line":24,"column":45},"end":{"line":26,"column":1}},"line":24},"4":{"name":"(anonymous_4)","decl":{"start":{"line":30,"column":28},"end":{"line":30,"column":29}},"loc":{"start":{"line":30,"column":35},"end":{"line":32,"column":1}},"line":30},"5":{"name":"(anonymous_5)","decl":{"start":{"line":34,"column":28},"end":{"line":34,"column":29}},"loc":{"start":{"line":34,"column":35},"end":{"line":36,"column":1}},"line":34},"6":{"name":"(anonymous_6)","decl":{"start":{"line":49,"column":28},"end":{"line":49,"column":29}},"loc":{"start":{"line":49,"column":49},"end":{"line":67,"column":1}},"line":49},"7":{"name":"(anonymous_7)","decl":{"start":{"line":50,"column":11},"end":{"line":50,"column":12}},"loc":{"start":{"line":50,"column":23},"end":{"line":66,"column":5}},"line":50}},"branchMap":{"0":{"loc":{"start":{"line":55,"column":12},"end":{"line":61,"column":13}},"type":"if","locations":[{"start":{"line":55,"column":12},"end":{"line":61,"column":13}},{"start":{"line":58,"column":19},"end":{"line":61,"column":13}}],"line":55}},"s":{"0":1,"1":1,"2":1,"3":1,"4":1,"5":1,"6":1,"7":1,"8":1,"9":1,"10":1,"11":1,"12":1,"13":1,"14":1,"15":1,"16":1,"17":0,"18":0,"19":0,"20":0,"21":0,"22":0,"23":0,"24":0},"f":{"0":1,"1":1,"2":1,"3":1,"4":1,"5":1,"6":0,"7":0},"b":{"0":[0,0]},"_coverageSchema":"1a1c01bbd47fc00a2c39e90264f33305004495a9","hash":"7b35aa9eea1cc74dcb24ae438a66acb9b376f318"}
,"/Users/zubrahmsemo/Desktop/ALX_REACT/0x07.React_Reducer_Selectors/task_0/alx_dashboard/src/actions/uiActionTypes.jsx": {"path":"/Users/zubrahmsemo/Desktop/ALX_REACT/0x07.React_Reducer_Selectors/task_0/alx_dashboard/src/actions/uiActionTypes.jsx","statementMap":{"0":{"start":{"line":1,"column":21},"end":{"line":1,"column":28}},"1":{"start":{"line":2,"column":22},"end":{"line":2,"column":30}},"2":{"start":{"line":3,"column":43},"end":{"line":3,"column":72}},"3":{"start":{"line":4,"column":40},"end":{"line":4,"column":66}},"4":{"start":{"line":7,"column":29},"end":{"line":7,"column":44}},"5":{"start":{"line":8,"column":29},"end":{"line":8,"column":44}}},"fnMap":{},"branchMap":{},"s":{"0":2,"1":2,"2":2,"3":2,"4":2,"5":2},"f":{},"b":{},"_coverageSchema":"1a1c01bbd47fc00a2c39e90264f33305004495a9","hash":"5ea6f5fd45ff13923516c8f9af9804d3e8c1800d"}
,"/Users/zubrahmsemo/Desktop/ALX_REACT/0x07.React_Reducer_Selectors/task_0/alx_dashboard/src/pages/Home.jsx": {"path":"/Users/zubrahmsemo/Desktop/ALX_REACT/0x07.React_Reducer_Selectors/task_0/alx_dashboard/src/pages/Home.jsx","statementMap":{"0":{"start":{"line":10,"column":15},"end":{"line":198,"column":2}},"1":{"start":{"line":201,"column":21},"end":{"line":201,"column":34}},"2":{"start":{"line":202,"column":4},"end":{"line":245,"column":6}},"3":{"start":{"line":223,"column":42},"end":{"line":223,"column":64}}},"fnMap":{"0":{"name":"Home","decl":{"start":{"line":200,"column":9},"end":{"line":200,"column":13}},"loc":{"start":{"line":200,"column":16},"end":{"line":246,"column":1}},"line":200},"1":{"name":"(anonymous_1)","decl":{"start":{"line":223,"column":36},"end":{"line":223,"column":37}},"loc":{"start":{"line":223,"column":42},"end":{"line":223,"column":64}},"line":223}},"branchMap":{},"s":{"0":1,"1":6,"2":6,"3":1},"f":{"0":6,"1":1},"b":{},"_coverageSchema":"1a1c01bbd47fc00a2c39e90264f33305004495a9","hash":"94504888c6deb939713a894c1f3452534d4d1408"}
,"/Users/zubrahmsemo/Desktop/ALX_REACT/0x07.React_Reducer_Selectors/task_0/alx_dashboard/src/pages/Dashboard/Dashboard.jsx": {"path":"/Users/zubrahmsemo/Desktop/ALX_REACT/0x07.React_Reducer_Selectors/task_0/alx_dashboard/src/pages/Dashboard/Dashboard.jsx","statementMap":{"0":{"start":{"line":23,"column":15},"end":{"line":172,"column":2}},"1":{"start":{"line":177,"column":25},"end":{"line":177,"column":41}},"2":{"start":{"line":181,"column":8},"end":{"line":181,"column":21}},"3":{"start":{"line":182,"column":8},"end":{"line":182,"column":59}},"4":{"start":{"line":183,"column":8},"end":{"line":183,"column":77}},"5":{"start":{"line":187,"column":8},"end":{"line":216,"column":9}},"6":{"start":{"line":208,"column":16},"end":{"line":214,"column":20}},"7":{"start":{"line":208,"column":46},"end":{"line":214,"column":17}},"8":{"start":{"line":221,"column":23},"end":{"line":224,"column":5}},"9":{"start":{"line":227,"column":26},"end":{"line":230,"column":5}},"10":{"start":{"line":233,"column":8},"end":{"line":233,"column":65}},"11":{"start":{"line":237,"column":8},"end":{"line":237,"column":68}},"12":{"start":{"line":241,"column":33},"end":{"line":241,"column":38}},"13":{"start":{"line":242,"column":8},"end":{"line":245,"column":9}},"14":{"start":{"line":243,"column":12},"end":{"line":243,"column":37}},"15":{"start":{"line":244,"column":12},"end":{"line":244,"column":32}},"16":{"start":{"line":248,"column":18},"end":{"line":252,"column":5}},"17":{"start":{"line":256,"column":37},"end":{"line":258,"column":9}},"18":{"start":{"line":257,"column":35},"end":{"line":257,"column":62}},"19":{"start":{"line":259,"column":8},"end":{"line":259,"column":67}},"20":{"start":{"line":265,"column":26},"end":{"line":271,"column":5}},"21":{"start":{"line":267,"column":8},"end":{"line":269,"column":12}},"22":{"start":{"line":267,"column":38},"end":{"line":269,"column":9}},"23":{"start":{"line":282,"column":12},"end":{"line":290,"column":5}},"24":{"start":{"line":283,"column":8},"end":{"line":289,"column":11}},"25":{"start":{"line":293,"column":13},"end":{"line":301,"column":5}},"26":{"start":{"line":294,"column":8},"end":{"line":300,"column":11}},"27":{"start":{"line":309,"column":38},"end":{"line":309,"column":61}},"28":{"start":{"line":310,"column":33},"end":{"line":310,"column":51}},"29":{"start":{"line":311,"column":63},"end":{"line":311,"column":73}},"30":{"start":{"line":312,"column":27},"end":{"line":312,"column":39}},"31":{"start":{"line":317,"column":8},"end":{"line":384,"column":10}},"32":{"start":{"line":352,"column":51},"end":{"line":352,"column":64}},"33":{"start":{"line":358,"column":55},"end":{"line":358,"column":63}}},"fnMap":{"0":{"name":"(anonymous_0)","decl":{"start":{"line":180,"column":4},"end":{"line":180,"column":5}},"loc":{"start":{"line":180,"column":23},"end":{"line":217,"column":5}},"line":180},"1":{"name":"(anonymous_1)","decl":{"start":{"line":207,"column":20},"end":{"line":207,"column":21}},"loc":{"start":{"line":207,"column":26},"end":{"line":215,"column":13}},"line":207},"2":{"name":"(anonymous_2)","decl":{"start":{"line":208,"column":30},"end":{"line":208,"column":31}},"loc":{"start":{"line":208,"column":46},"end":{"line":214,"column":17}},"line":208},"3":{"name":"(anonymous_3)","decl":{"start":{"line":232,"column":4},"end":{"line":232,"column":5}},"loc":{"start":{"line":232,"column":24},"end":{"line":234,"column":5}},"line":232},"4":{"name":"(anonymous_4)","decl":{"start":{"line":236,"column":4},"end":{"line":236,"column":5}},"loc":{"start":{"line":236,"column":27},"end":{"line":238,"column":5}},"line":236},"5":{"name":"(anonymous_5)","decl":{"start":{"line":240,"column":4},"end":{"line":240,"column":5}},"loc":{"start":{"line":240,"column":25},"end":{"line":246,"column":5}},"line":240},"6":{"name":"(anonymous_6)","decl":{"start":{"line":255,"column":4},"end":{"line":255,"column":5}},"loc":{"start":{"line":255,"column":31},"end":{"line":260,"column":5}},"line":255},"7":{"name":"(anonymous_7)","decl":{"start":{"line":257,"column":12},"end":{"line":257,"column":13}},"loc":{"start":{"line":257,"column":35},"end":{"line":257,"column":62}},"line":257},"8":{"name":"(anonymous_8)","decl":{"start":{"line":265,"column":26},"end":{"line":265,"column":27}},"loc":{"start":{"line":265,"column":32},"end":{"line":271,"column":5}},"line":265},"9":{"name":"(anonymous_9)","decl":{"start":{"line":267,"column":22},"end":{"line":267,"column":23}},"loc":{"start":{"line":267,"column":38},"end":{"line":269,"column":9}},"line":267},"10":{"name":"(anonymous_10)","decl":{"start":{"line":282,"column":12},"end":{"line":282,"column":13}},"loc":{"start":{"line":282,"column":33},"end":{"line":290,"column":5}},"line":282},"11":{"name":"(anonymous_11)","decl":{"start":{"line":293,"column":13},"end":{"line":293,"column":14}},"loc":{"start":{"line":293,"column":19},"end":{"line":301,"column":5}},"line":293},"12":{"name":"(anonymous_12)","decl":{"start":{"line":307,"column":4},"end":{"line":307,"column":5}},"loc":{"start":{"line":307,"column":13},"end":{"line":386,"column":5}},"line":307},"13":{"name":"(anonymous_13)","decl":{"start":{"line":352,"column":45},"end":{"line":352,"column":46}},"loc":{"start":{"line":352,"column":51},"end":{"line":352,"column":64}},"line":352},"14":{"name":"(anonymous_14)","decl":{"start":{"line":358,"column":49},"end":{"line":358,"column":50}},"loc":{"start":{"line":358,"column":55},"end":{"line":358,"column":63}},"line":358}},"branchMap":{"0":{"loc":{"start":{"line":242,"column":8},"end":{"line":245,"column":9}},"type":"if","locations":[{"start":{"line":242,"column":8},"end":{"line":245,"column":9}},{"start":{},"end":{}}],"line":242},"1":{"loc":{"start":{"line":242,"column":12},"end":{"line":242,"column":34}},"type":"binary-expr","locations":[{"start":{"line":242,"column":12},"end":{"line":242,"column":19}},{"start":{"line":242,"column":23},"end":{"line":242,"column":34}}],"line":242},"2":{"loc":{"start":{"line":338,"column":37},"end":{"line":342,"column":95}},"type":"binary-expr","locations":[{"start":{"line":338,"column":37},"end":{"line":338,"column":54}},{"start":{"line":338,"column":58},"end":{"line":342,"column":95}}],"line":338},"3":{"loc":{"start":{"line":349,"column":29},"end":{"line":363,"column":29}},"type":"binary-expr","locations":[{"start":{"line":349,"column":29},"end":{"line":349,"column":44}},{"start":{"line":350,"column":32},"end":{"line":362,"column":38}}],"line":349},"4":{"loc":{"start":{"line":366,"column":29},"end":{"line":372,"column":62}},"type":"cond-expr","locations":[{"start":{"line":367,"column":32},"end":{"line":369,"column":62}},{"start":{"line":370,"column":32},"end":{"line":372,"column":62}}],"line":366}},"s":{"0":1,"1":1,"2":5,"3":4,"4":4,"5":4,"6":0,"7":0,"8":1,"9":1,"10":4,"11":4,"12":0,"13":0,"14":0,"15":0,"16":4,"17":1,"18":3,"19":1,"20":4,"21":2,"22":2,"23":4,"24":0,"25":4,"26":0,"27":7,"28":7,"29":7,"30":7,"31":7,"32":0,"33":0},"f":{"0":5,"1":0,"2":0,"3":4,"4":4,"5":0,"6":1,"7":3,"8":2,"9":2,"10":0,"11":0,"12":7,"13":0,"14":0},"b":{"0":[0,0],"1":[0,0],"2":[7,3],"3":[7,0],"4":[0,7]},"_coverageSchema":"1a1c01bbd47fc00a2c39e90264f33305004495a9","hash":"673380bd933a08a03aedfe43c36165633410606a"}
,"/Users/zubrahmsemo/Desktop/ALX_REACT/0x07.React_Reducer_Selectors/task_0/alx_dashboard/src/pages/Dashboard/DashboardContext.jsx": {"path":"/Users/zubrahmsemo/Desktop/ALX_REACT/0x07.React_Reducer_Selectors/task_0/alx_dashboard/src/pages/Dashboard/DashboardContext.jsx","statementMap":{"0":{"start":{"line":4,"column":20},"end":{"line":8,"column":1}},"1":{"start":{"line":11,"column":22},"end":{"line":11,"column":31}},"2":{"start":{"line":14,"column":25},"end":{"line":17,"column":2}}},"fnMap":{"0":{"name":"(anonymous_0)","decl":{"start":{"line":11,"column":22},"end":{"line":11,"column":23}},"loc":{"start":{"line":11,"column":28},"end":{"line":11,"column":31}},"line":11}},"branchMap":{},"s":{"0":2,"1":2,"2":2},"f":{"0":0},"b":{},"_coverageSchema":"1a1c01bbd47fc00a2c39e90264f33305004495a9","hash":"ab2ab67888531aa0628295cbd59426d3a290c938"}
,"/Users/zubrahmsemo/Desktop/ALX_REACT/0x07.React_Reducer_Selectors/task_0/alx_dashboard/src/reducers/uiReducer.jsx": {"path":"/Users/zubrahmsemo/Desktop/ALX_REACT/0x07.React_Reducer_Selectors/task_0/alx_dashboard/src/reducers/uiReducer.jsx","statementMap":{"0":{"start":{"line":15,"column":21},"end":{"line":19,"column":1}},"1":{"start":{"line":28,"column":18},"end":{"line":54,"column":1}},"2":{"start":{"line":29,"column":4},"end":{"line":53,"column":5}},"3":{"start":{"line":31,"column":12},"end":{"line":34,"column":14}},"4":{"start":{"line":36,"column":12},"end":{"line":39,"column":14}},"5":{"start":{"line":41,"column":12},"end":{"line":44,"column":14}},"6":{"start":{"line":47,"column":12},"end":{"line":50,"column":14}},"7":{"start":{"line":52,"column":12},"end":{"line":52,"column":25}}},"fnMap":{"0":{"name":"(anonymous_0)","decl":{"start":{"line":28,"column":18},"end":{"line":28,"column":19}},"loc":{"start":{"line":28,"column":52},"end":{"line":54,"column":1}},"line":28}},"branchMap":{"0":{"loc":{"start":{"line":28,"column":19},"end":{"line":28,"column":39}},"type":"default-arg","locations":[{"start":{"line":28,"column":27},"end":{"line":28,"column":39}}],"line":28},"1":{"loc":{"start":{"line":29,"column":4},"end":{"line":53,"column":5}},"type":"switch","locations":[{"start":{"line":30,"column":8},"end":{"line":34,"column":14}},{"start":{"line":35,"column":8},"end":{"line":39,"column":14}},{"start":{"line":40,"column":8},"end":{"line":44,"column":14}},{"start":{"line":45,"column":8},"end":{"line":45,"column":27}},{"start":{"line":46,"column":8},"end":{"line":50,"column":14}},{"start":{"line":51,"column":8},"end":{"line":52,"column":25}}],"line":29}},"s":{"0":1,"1":1,"2":8,"3":1,"4":1,"5":1,"6":2,"7":3},"f":{"0":8},"b":{"0":[1],"1":[1,1,1,1,2,3]},"_coverageSchema":"1a1c01bbd47fc00a2c39e90264f33305004495a9","hash":"b4dc51b268df6b20fafbfe5f268172bb7618f6d4"}
,"/Users/zubrahmsemo/Desktop/ALX_REACT/0x07.React_Reducer_Selectors/task_0/alx_dashboard/src/schema/notifications.jsx": {"path":"/Users/zubrahmsemo/Desktop/ALX_REACT/0x07.React_Reducer_Selectors/task_0/alx_dashboard/src/schema/notifications.jsx","statementMap":{"0":{"start":{"line":4,"column":13},"end":{"line":4,"column":39}},"1":{"start":{"line":5,"column":16},"end":{"line":5,"column":45}},"2":{"start":{"line":6,"column":21},"end":{"line":9,"column":2}},"3":{"start":{"line":11,"column":28},"end":{"line":11,"column":42}},"4":{"start":{"line":13,"column":23},"end":{"line":13,"column":72}},"5":{"start":{"line":20,"column":28},"end":{"line":20,"column":86}},"6":{"start":{"line":21,"column":2},"end":{"line":21,"column":106}},"7":{"start":{"line":21,"column":51},"end":{"line":21,"column":104}}},"fnMap":{"0":{"name":"getAllNotificationsByUser","decl":{"start":{"line":19,"column":16},"end":{"line":19,"column":41}},"loc":{"start":{"line":19,"column":50},"end":{"line":22,"column":1}},"line":19},"1":{"name":"(anonymous_1)","decl":{"start":{"line":21,"column":31},"end":{"line":21,"column":32}},"loc":{"start":{"line":21,"column":51},"end":{"line":21,"column":104}},"line":21}},"branchMap":{"0":{"loc":{"start":{"line":20,"column":28},"end":{"line":20,"column":86}},"type":"binary-expr","locations":[{"start":{"line":20,"column":28},"end":{"line":20,"column":80}},{"start":{"line":20,"column":84},"end":{"line":20,"column":86}}],"line":20}},"s":{"0":1,"1":1,"2":1,"3":1,"4":1,"5":0,"6":0,"7":0},"f":{"0":0,"1":0},"b":{"0":[0,0]},"_coverageSchema":"1a1c01bbd47fc00a2c39e90264f33305004495a9","hash":"8e36b9bda9b7f58f69071ad05d305fefadfc2fe5"}
}
