<?xml version="1.0" encoding="UTF-8"?>
<coverage generated="1685606221133" clover="3.2.0">
  <project timestamp="1685606221133" name="All files">
    <metrics statements="10" coveredstatements="7" conditionals="2" coveredconditionals="0" methods="7" coveredmethods="4" elements="19" coveredelements="11" complexity="0" loc="10" ncloc="10" packages="4" files="6" classes="6"/>
    <package name="src">
      <metrics statements="4" coveredstatements="1" conditionals="2" coveredconditionals="0" methods="4" coveredmethods="1"/>
      <file name="App.jsx" path="/Users/zubrahmsemo/Desktop/ALX_REACT/0x01.Learn React Components/task_1/alx_dashboard/src/App.jsx">
        <metrics statements="1" coveredstatements="1" conditionals="0" coveredconditionals="0" methods="1" coveredmethods="1"/>
        <line num="11" count="4" type="stmt"/>
      </file>
      <file name="fileMock.js" path="/Users/zubrahmsemo/Desktop/ALX_REACT/0x01.Learn React Components/task_1/alx_dashboard/src/fileMock.js">
        <metrics statements="0" coveredstatements="0" conditionals="0" coveredconditionals="0" methods="0" coveredmethods="0"/>
      </file>
      <file name="utils.jsx" path="/Users/zubrahmsemo/Desktop/ALX_REACT/0x01.Learn React Components/task_1/alx_dashboard/src/utils.jsx">
        <metrics statements="3" coveredstatements="0" conditionals="2" coveredconditionals="0" methods="3" coveredmethods="0"/>
        <line num="3" count="0" type="stmt"/>
        <line num="8" count="0" type="cond" truecount="0" falsecount="2"/>
        <line num="13" count="0" type="stmt"/>
      </file>
    </package>
    <package name="src.Footer">
      <metrics statements="2" coveredstatements="2" conditionals="0" coveredconditionals="0" methods="1" coveredmethods="1"/>
      <file name="Footer.jsx" path="/Users/zubrahmsemo/Desktop/ALX_REACT/0x01.Learn React Components/task_1/alx_dashboard/src/Footer/Footer.jsx">
        <metrics statements="2" coveredstatements="2" conditionals="0" coveredconditionals="0" methods="1" coveredmethods="1"/>
        <line num="5" count="1" type="stmt"/>
        <line num="6" count="1" type="stmt"/>
      </file>
    </package>
    <package name="src.Header">
      <metrics statements="2" coveredstatements="2" conditionals="0" coveredconditionals="0" methods="1" coveredmethods="1"/>
      <file name="Header.jsx" path="/Users/zubrahmsemo/Desktop/ALX_REACT/0x01.Learn React Components/task_1/alx_dashboard/src/Header/Header.jsx">
        <metrics statements="2" coveredstatements="2" conditionals="0" coveredconditionals="0" methods="1" coveredmethods="1"/>
        <line num="5" count="1" type="stmt"/>
        <line num="6" count="1" type="stmt"/>
      </file>
    </package>
    <package name="src.Login">
      <metrics statements="2" coveredstatements="2" conditionals="0" coveredconditionals="0" methods="1" coveredmethods="1"/>
      <file name="Login.jsx" path="/Users/zubrahmsemo/Desktop/ALX_REACT/0x01.Learn React Components/task_1/alx_dashboard/src/Login/Login.jsx">
        <metrics statements="2" coveredstatements="2" conditionals="0" coveredconditionals="0" methods="1" coveredmethods="1"/>
        <line num="4" count="1" type="stmt"/>
        <line num="5" count="1" type="stmt"/>
      </file>
    </package>
  </project>
</coverage>
