TN:
SF:src/App.jsx
FN:10,App
FNF:1
FNH:1
FNDA:4,App
DA:11,4
LF:1
LH:1
BRF:0
BRH:0
end_of_record
TN:
SF:src/fileMock.js
FNF:0
FNH:0
LF:0
LH:0
BRF:0
BRH:0
end_of_record
TN:
SF:src/utils.jsx
FN:2,getFullYear
FN:7,getFooterCopy
FN:12,getLatestNotification
FNF:3
FNH:0
FNDA:0,getFullYear
FNDA:0,getFooterCopy
FNDA:0,getLatestNotification
DA:3,0
DA:8,0
DA:13,0
LF:3
LH:0
BRDA:8,0,0,0
BRDA:8,0,1,0
BRF:2
BRH:0
end_of_record
TN:
SF:src/Footer/Footer.jsx
FN:5,(anonymous_0)
FNF:1
FNH:1
FNDA:1,(anonymous_0)
DA:5,1
DA:6,1
LF:2
LH:2
BRF:0
BRH:0
end_of_record
TN:
SF:src/Header/Header.jsx
FN:5,(anonymous_0)
FNF:1
FNH:1
FNDA:1,(anonymous_0)
DA:5,1
DA:6,1
LF:2
LH:2
BRF:0
BRH:0
end_of_record
TN:
SF:src/Login/Login.jsx
FN:4,(anonymous_0)
FNF:1
FNH:1
FNDA:1,(anonymous_0)
DA:4,1
DA:5,1
LF:2
LH:2
BRF:0
BRH:0
end_of_record
