TN:
SF:src/BodySection/BodySection.jsx
FN:13,(anonymous_0)
FNF:1
FNH:1
FNDA:18,(anonymous_0)
DA:6,3
DA:13,3
DA:14,18
LF:3
LH:3
BRF:0
BRH:0
end_of_record
TN:
SF:src/CourseList/CourseList.jsx
FN:30,(anonymous_0)
FN:49,(anonymous_1)
FNF:2
FNH:2
FNDA:3,(anonymous_0)
FNDA:2,(anonymous_1)
DA:6,2
DA:30,2
DA:31,3
DA:50,2
DA:62,2
DA:72,2
LF:6
LH:6
BRDA:46,0,0,3
BRDA:46,0,1,2
BRF:2
BRH:2
end_of_record
TN:
SF:src/Header/Header.jsx
FN:58,(anonymous_0)
FNF:1
FNH:0
FNDA:0,(anonymous_0)
DA:6,0
DA:60,0
LF:2
LH:0
BRF:0
BRH:0
end_of_record
TN:
SF:src/pages/Home.jsx
FN:200,Home
FN:223,(anonymous_1)
FNF:2
FNH:2
FNDA:6,Home
FNDA:1,(anonymous_1)
DA:10,1
DA:201,6
DA:202,6
DA:223,1
LF:4
LH:4
BRF:0
BRH:0
end_of_record
TN:
SF:src/pages/Dashboard/Dashboard.jsx
FN:180,(anonymous_0)
FN:207,(anonymous_1)
FN:208,(anonymous_2)
FN:232,(anonymous_3)
FN:236,(anonymous_4)
FN:240,(anonymous_5)
FN:255,(anonymous_6)
FN:257,(anonymous_7)
FN:265,(anonymous_8)
FN:267,(anonymous_9)
FN:282,(anonymous_10)
FN:293,(anonymous_11)
FN:307,(anonymous_12)
FN:352,(anonymous_13)
FN:358,(anonymous_14)
FNF:15
FNH:8
FNDA:5,(anonymous_0)
FNDA:0,(anonymous_1)
FNDA:0,(anonymous_2)
FNDA:4,(anonymous_3)
FNDA:4,(anonymous_4)
FNDA:0,(anonymous_5)
FNDA:1,(anonymous_6)
FNDA:3,(anonymous_7)
FNDA:2,(anonymous_8)
FNDA:2,(anonymous_9)
FNDA:0,(anonymous_10)
FNDA:0,(anonymous_11)
FNDA:7,(anonymous_12)
FNDA:0,(anonymous_13)
FNDA:0,(anonymous_14)
DA:23,1
DA:177,1
DA:181,5
DA:182,4
DA:183,4
DA:187,4
DA:208,0
DA:221,1
DA:227,1
DA:233,4
DA:237,4
DA:241,0
DA:242,0
DA:243,0
DA:244,0
DA:248,4
DA:256,1
DA:257,3
DA:259,1
DA:265,4
DA:267,2
DA:282,4
DA:283,0
DA:293,4
DA:294,0
DA:309,7
DA:310,7
DA:311,7
DA:312,7
DA:317,7
DA:352,0
DA:358,0
LF:32
LH:23
BRDA:242,0,0,0
BRDA:242,0,1,0
BRDA:242,1,0,0
BRDA:242,1,1,0
BRDA:338,2,0,7
BRDA:338,2,1,3
BRDA:349,3,0,7
BRDA:349,3,1,0
BRDA:366,4,0,0
BRDA:366,4,1,7
BRF:10
BRH:4
end_of_record
TN:
SF:src/schema/notifications.jsx
FNF:0
FNH:0
DA:4,1
DA:5,1
DA:6,1
DA:11,1
DA:13,1
LF:5
LH:5
BRF:0
BRH:0
end_of_record
