{"/Users/zubrahmsemo/Desktop/ALX_REACT/0x01.Learn React Components/task_2/alx_dashboard/src/fileMock.js": {"path":"/Users/zubrahmsemo/Desktop/ALX_REACT/0x01.Learn React Components/task_2/alx_dashboard/src/fileMock.js","statementMap":{},"fnMap":{},"branchMap":{},"s":{},"f":{},"b":{},"_coverageSchema":"1a1c01bbd47fc00a2c39e90264f33305004495a9","hash":"69753981566aabe3bbc9bf194d91a7abe0317e4d"}
,"/Users/zubrahmsemo/Desktop/ALX_REACT/0x01.Learn React Components/task_2/alx_dashboard/src/utils.jsx": {"path":"/Users/zubrahmsemo/Desktop/ALX_REACT/0x01.Learn React Components/task_2/alx_dashboard/src/utils.jsx","statementMap":{"0":{"start":{"line":3,"column":2},"end":{"line":3,"column":34}},"1":{"start":{"line":8,"column":2},"end":{"line":8,"column":52}},"2":{"start":{"line":13,"column":2},"end":{"line":13,"column":65}}},"fnMap":{"0":{"name":"getFullYear","decl":{"start":{"line":2,"column":16},"end":{"line":2,"column":27}},"loc":{"start":{"line":2,"column":30},"end":{"line":4,"column":1}},"line":2},"1":{"name":"getFooterCopy","decl":{"start":{"line":7,"column":16},"end":{"line":7,"column":29}},"loc":{"start":{"line":7,"column":39},"end":{"line":9,"column":1}},"line":7},"2":{"name":"getLatestNotification","decl":{"start":{"line":12,"column":16},"end":{"line":12,"column":37}},"loc":{"start":{"line":12,"column":40},"end":{"line":14,"column":1}},"line":12}},"branchMap":{"0":{"loc":{"start":{"line":8,"column":9},"end":{"line":8,"column":51}},"type":"cond-expr","locations":[{"start":{"line":8,"column":19},"end":{"line":8,"column":28}},{"start":{"line":8,"column":31},"end":{"line":8,"column":51}}],"line":8}},"s":{"0":1,"1":2,"2":1},"f":{"0":1,"1":2,"2":1},"b":{"0":[1,1]},"_coverageSchema":"1a1c01bbd47fc00a2c39e90264f33305004495a9","hash":"1968c0a634eb242a5d9754c0f1333df6bdf8dbb2"}
,"/Users/zubrahmsemo/Desktop/ALX_REACT/0x01.Learn React Components/task_2/alx_dashboard/src/Footer/Footer.jsx": {"path":"/Users/zubrahmsemo/Desktop/ALX_REACT/0x01.Learn React Components/task_2/alx_dashboard/src/Footer/Footer.jsx","statementMap":{"0":{"start":{"line":5,"column":15},"end":{"line":15,"column":1}},"1":{"start":{"line":6,"column":4},"end":{"line":14,"column":5}}},"fnMap":{"0":{"name":"(anonymous_0)","decl":{"start":{"line":5,"column":15},"end":{"line":5,"column":16}},"loc":{"start":{"line":5,"column":21},"end":{"line":15,"column":1}},"line":5}},"branchMap":{},"s":{"0":1,"1":1},"f":{"0":1},"b":{},"_coverageSchema":"1a1c01bbd47fc00a2c39e90264f33305004495a9","hash":"652f245d2d3433305228d373d477dc012a19f64b"}
,"/Users/zubrahmsemo/Desktop/ALX_REACT/0x01.Learn React Components/task_2/alx_dashboard/src/Header/Header.jsx": {"path":"/Users/zubrahmsemo/Desktop/ALX_REACT/0x01.Learn React Components/task_2/alx_dashboard/src/Header/Header.jsx","statementMap":{"0":{"start":{"line":5,"column":15},"end":{"line":15,"column":1}},"1":{"start":{"line":6,"column":4},"end":{"line":14,"column":5}}},"fnMap":{"0":{"name":"(anonymous_0)","decl":{"start":{"line":5,"column":15},"end":{"line":5,"column":16}},"loc":{"start":{"line":5,"column":21},"end":{"line":15,"column":1}},"line":5}},"branchMap":{},"s":{"0":1,"1":1},"f":{"0":1},"b":{},"_coverageSchema":"1a1c01bbd47fc00a2c39e90264f33305004495a9","hash":"fd336001018c2dd4a2ed291fe4e2974fa33c7eb2"}
,"/Users/zubrahmsemo/Desktop/ALX_REACT/0x01.Learn React Components/task_2/alx_dashboard/src/Login/Login.jsx": {"path":"/Users/zubrahmsemo/Desktop/ALX_REACT/0x01.Learn React Components/task_2/alx_dashboard/src/Login/Login.jsx","statementMap":{"0":{"start":{"line":4,"column":14},"end":{"line":62,"column":1}},"1":{"start":{"line":5,"column":4},"end":{"line":61,"column":5}}},"fnMap":{"0":{"name":"(anonymous_0)","decl":{"start":{"line":4,"column":14},"end":{"line":4,"column":15}},"loc":{"start":{"line":4,"column":20},"end":{"line":62,"column":1}},"line":4}},"branchMap":{},"s":{"0":1,"1":1},"f":{"0":1},"b":{},"_coverageSchema":"1a1c01bbd47fc00a2c39e90264f33305004495a9","hash":"3ca3d1ca00d4d156ff93c7232cb76d9157e54525"}
,"/Users/zubrahmsemo/Desktop/ALX_REACT/0x01.Learn React Components/task_2/alx_dashboard/src/Notifications/NotificationItem.jsx": {"path":"/Users/zubrahmsemo/Desktop/ALX_REACT/0x01.Learn React Components/task_2/alx_dashboard/src/Notifications/NotificationItem.jsx","statementMap":{"0":{"start":{"line":7,"column":18},"end":{"line":7,"column":53}},"1":{"start":{"line":11,"column":4},"end":{"line":15,"column":6}},"2":{"start":{"line":19,"column":0},"end":{"line":25,"column":2}}},"fnMap":{"0":{"name":"NotificationItem","decl":{"start":{"line":4,"column":9},"end":{"line":4,"column":25}},"loc":{"start":{"line":4,"column":49},"end":{"line":16,"column":1}},"line":4}},"branchMap":{"0":{"loc":{"start":{"line":7,"column":18},"end":{"line":7,"column":53}},"type":"cond-expr","locations":[{"start":{"line":7,"column":39},"end":{"line":7,"column":45}},{"start":{"line":7,"column":48},"end":{"line":7,"column":53}}],"line":7},"1":{"loc":{"start":{"line":13,"column":13},"end":{"line":13,"column":66}},"type":"cond-expr","locations":[{"start":{"line":13,"column":20},"end":{"line":13,"column":58}},{"start":{"line":13,"column":61},"end":{"line":13,"column":66}}],"line":13}},"s":{"0":1,"1":1,"2":1},"f":{"0":1},"b":{"0":[0,1],"1":[1,0]},"_coverageSchema":"1a1c01bbd47fc00a2c39e90264f33305004495a9","hash":"992e556b86f6e67e6cd526fdbdfce653307605ee"}
}
