TN:
SF:src/App.jsx
FN:7,App
FNF:1
FNH:0
FNDA:0,App
DA:8,0
LF:1
LH:0
BRF:0
BRH:0
end_of_record
TN:
SF:src/fileMock.js
FNF:0
FNH:0
LF:0
LH:0
BRF:0
BRH:0
end_of_record
TN:
SF:src/main.jsx
FNF:0
FNH:0
DA:13,0
LF:1
LH:0
BRF:0
BRH:0
end_of_record
TN:
SF:src/utils.jsx
FN:2,getFullYear
FN:7,getFooterCopy
FN:12,getLatestNotification
FNF:3
FNH:3
FNDA:17,getFullYear
FNDA:18,getFooterCopy
FNDA:5,getLatestNotification
DA:3,17
DA:8,18
DA:13,5
LF:3
LH:3
BRDA:8,0,0,17
BRDA:8,0,1,1
BRF:2
BRH:2
end_of_record
TN:
SF:src/BodySection/BodySection.jsx
FN:13,(anonymous_0)
FNF:1
FNH:1
FNDA:18,(anonymous_0)
DA:6,3
DA:13,3
DA:14,18
LF:3
LH:3
BRF:0
BRH:0
end_of_record
TN:
SF:src/BodySection/BodySectionWithMarginBottom.jsx
FN:18,(anonymous_0)
FNF:1
FNH:1
FNDA:9,(anonymous_0)
DA:9,2
DA:18,2
DA:19,9
DA:20,9
DA:30,2
LF:5
LH:5
BRF:0
BRH:0
end_of_record
TN:
SF:src/CourseList/CourseList.jsx
FN:30,(anonymous_0)
FN:49,(anonymous_1)
FNF:2
FNH:2
FNDA:3,(anonymous_0)
FNDA:2,(anonymous_1)
DA:6,2
DA:30,2
DA:31,3
DA:50,2
DA:62,2
DA:72,2
LF:6
LH:6
BRDA:46,0,0,3
BRDA:46,0,1,2
BRF:2
BRH:2
end_of_record
TN:
SF:src/CourseList/CourseListRow.jsx
FN:31,(anonymous_0)
FN:34,(anonymous_1)
FNF:2
FNH:2
FNDA:15,(anonymous_0)
FNDA:2,(anonymous_1)
DA:5,3
DA:31,3
DA:32,15
DA:34,15
DA:35,2
DA:38,15
DA:60,15
DA:67,3
DA:73,3
LF:9
LH:9
BRDA:38,0,0,7
BRDA:38,0,1,8
BRDA:45,1,0,8
BRDA:45,1,1,1
BRDA:54,2,0,8
BRDA:54,2,1,1
BRDA:61,3,0,7
BRDA:61,3,1,8
BRF:8
BRH:8
end_of_record
TN:
SF:src/Footer/Footer.jsx
FN:71,(anonymous_0)
FNF:1
FNH:1
FNDA:10,(anonymous_0)
DA:6,2
DA:71,2
DA:72,10
DA:74,10
LF:4
LH:4
BRDA:77,0,0,10
BRDA:77,0,1,0
BRF:2
BRH:1
end_of_record
TN:
SF:src/HOC/WithLogging.jsx
FN:3,(anonymous_0)
FN:5,(anonymous_1)
FN:9,(anonymous_2)
FN:13,(anonymous_3)
FNF:4
FNH:4
FNDA:14,(anonymous_0)
FNDA:7,(anonymous_1)
FNDA:7,(anonymous_2)
FNDA:7,(anonymous_3)
DA:3,1
DA:6,7
DA:10,7
DA:14,7
DA:17,14
DA:18,14
LF:6
LH:6
BRDA:6,0,0,7
BRDA:6,0,1,7
BRDA:6,0,2,0
BRDA:10,1,0,7
BRDA:10,1,1,7
BRDA:10,1,2,0
BRDA:17,2,0,14
BRDA:17,2,1,14
BRDA:17,2,2,0
BRF:9
BRH:6
end_of_record
TN:
SF:src/Header/Header.jsx
FN:58,(anonymous_0)
FNF:1
FNH:0
FNDA:0,(anonymous_0)
DA:6,0
DA:60,0
LF:2
LH:0
BRF:0
BRH:0
end_of_record
TN:
SF:src/Login/Login.jsx
FN:145,(anonymous_0)
FN:157,(anonymous_1)
FN:169,(anonymous_2)
FN:170,(anonymous_3)
FN:183,(anonymous_4)
FN:184,(anonymous_5)
FN:197,(anonymous_6)
FNF:7
FNH:7
FNDA:10,(anonymous_0)
FNDA:1,(anonymous_1)
FNDA:2,(anonymous_2)
FNDA:2,(anonymous_3)
FNDA:2,(anonymous_4)
FNDA:2,(anonymous_5)
FNDA:18,(anonymous_6)
DA:7,2
DA:146,10
DA:147,10
DA:157,10
DA:158,1
DA:161,1
DA:162,1
DA:169,10
DA:170,2
DA:171,2
DA:172,0
DA:176,2
DA:183,10
DA:184,2
DA:185,2
DA:186,2
DA:190,0
DA:199,18
DA:201,18
LF:19
LH:17
BRDA:171,0,0,0
BRDA:171,0,1,2
BRDA:171,1,0,2
BRDA:171,1,1,2
BRDA:185,2,0,2
BRDA:185,2,1,0
BRDA:185,3,0,2
BRDA:185,3,1,2
BRF:8
BRH:6
end_of_record
TN:
SF:src/Notifications/NotificationItem.jsx
FN:14,NotificationItem
FN:15,(anonymous_1)
FNF:2
FNH:2
FNDA:19,NotificationItem
FNDA:3,(anonymous_1)
DA:5,3
DA:15,19
DA:16,3
DA:19,19
DA:21,19
DA:28,3
LF:6
LH:6
BRDA:19,0,0,11
BRDA:19,0,1,8
BRDA:23,1,0,3
BRDA:23,1,1,16
BRF:4
BRH:4
end_of_record
TN:
SF:src/Notifications/Notifications.jsx
FN:79,(anonymous_0)
FN:89,(anonymous_1)
FN:90,(anonymous_2)
FN:95,(anonymous_3)
FN:104,(anonymous_4)
FN:126,(anonymous_5)
FNF:6
FNH:4
FNDA:7,(anonymous_0)
FNDA:0,(anonymous_1)
FNDA:0,(anonymous_2)
FNDA:8,(anonymous_3)
FNDA:1,(anonymous_4)
FNDA:17,(anonymous_5)
DA:6,2
DA:80,7
DA:81,7
DA:84,7
DA:90,0
DA:96,8
DA:97,8
DA:99,8
DA:105,1
DA:106,1
DA:107,1
DA:109,0
DA:127,17
LF:13
LH:11
BRDA:105,0,0,1
BRDA:105,0,1,0
BRDA:119,1,0,7
BRDA:119,1,1,1
BRDA:120,2,0,7
BRDA:120,2,1,0
BRDA:121,3,0,1
BRDA:121,3,1,6
BRF:8
BRH:6
end_of_record
TN:
SF:src/actions/courseActionCreators.jsx
FN:5,(anonymous_0)
FN:10,(anonymous_1)
FNF:2
FNH:0
FNDA:0,(anonymous_0)
FNDA:0,(anonymous_1)
DA:5,0
DA:10,0
DA:17,0
DA:19,0
DA:20,0
LF:5
LH:0
BRF:0
BRH:0
end_of_record
TN:
SF:src/actions/courseActionTypes.jsx
FNF:0
FNH:0
DA:1,0
DA:2,0
LF:2
LH:0
BRF:0
BRH:0
end_of_record
TN:
SF:src/actions/notificationActionCreators.jsx
FN:6,(anonymous_0)
FN:11,(anonymous_1)
FNF:2
FNH:0
FNDA:0,(anonymous_0)
FNDA:0,(anonymous_1)
DA:6,0
DA:11,0
DA:18,0
DA:20,0
DA:21,0
LF:5
LH:0
BRF:0
BRH:0
end_of_record
TN:
SF:src/actions/notificationActionTypes.jsx
FNF:0
FNH:0
DA:1,0
DA:2,0
DA:7,0
LF:3
LH:0
BRF:0
BRH:0
end_of_record
TN:
SF:src/actions/uiActionCreators.jsx
FN:11,(anonymous_0)
FN:16,(anonymous_1)
FN:20,(anonymous_2)
FN:24,(anonymous_3)
FN:30,(anonymous_4)
FN:34,(anonymous_5)
FN:49,(anonymous_6)
FN:50,(anonymous_7)
FNF:8
FNH:0
FNDA:0,(anonymous_0)
FNDA:0,(anonymous_1)
FNDA:0,(anonymous_2)
FNDA:0,(anonymous_3)
FNDA:0,(anonymous_4)
FNDA:0,(anonymous_5)
FNDA:0,(anonymous_6)
FNDA:0,(anonymous_7)
DA:11,0
DA:16,0
DA:20,0
DA:24,0
DA:30,0
DA:34,0
DA:40,0
DA:42,0
DA:43,0
DA:44,0
DA:45,0
DA:49,0
DA:50,0
DA:51,0
DA:52,0
DA:53,0
DA:54,0
DA:55,0
DA:57,0
DA:60,0
LF:20
LH:0
BRDA:54,0,0,0
BRDA:54,0,1,0
BRF:2
BRH:0
end_of_record
TN:
SF:src/actions/uiActionTypes.jsx
FNF:0
FNH:0
DA:1,0
DA:2,0
DA:3,0
DA:4,0
DA:7,0
DA:8,0
LF:6
LH:0
BRF:0
BRH:0
end_of_record
TN:
SF:src/pages/Home.jsx
FN:200,Home
FN:223,(anonymous_1)
FNF:2
FNH:2
FNDA:6,Home
FNDA:1,(anonymous_1)
DA:10,1
DA:201,6
DA:202,6
DA:223,1
LF:4
LH:4
BRF:0
BRH:0
end_of_record
TN:
SF:src/pages/Dashboard/Dashboard.jsx
FN:180,(anonymous_0)
FN:207,(anonymous_1)
FN:208,(anonymous_2)
FN:232,(anonymous_3)
FN:236,(anonymous_4)
FN:240,(anonymous_5)
FN:255,(anonymous_6)
FN:257,(anonymous_7)
FN:265,(anonymous_8)
FN:267,(anonymous_9)
FN:282,(anonymous_10)
FN:293,(anonymous_11)
FN:307,(anonymous_12)
FN:352,(anonymous_13)
FN:358,(anonymous_14)
FNF:15
FNH:8
FNDA:5,(anonymous_0)
FNDA:0,(anonymous_1)
FNDA:0,(anonymous_2)
FNDA:4,(anonymous_3)
FNDA:4,(anonymous_4)
FNDA:0,(anonymous_5)
FNDA:1,(anonymous_6)
FNDA:3,(anonymous_7)
FNDA:2,(anonymous_8)
FNDA:2,(anonymous_9)
FNDA:0,(anonymous_10)
FNDA:0,(anonymous_11)
FNDA:7,(anonymous_12)
FNDA:0,(anonymous_13)
FNDA:0,(anonymous_14)
DA:23,1
DA:177,1
DA:181,5
DA:182,4
DA:183,4
DA:187,4
DA:208,0
DA:221,1
DA:227,1
DA:233,4
DA:237,4
DA:241,0
DA:242,0
DA:243,0
DA:244,0
DA:248,4
DA:256,1
DA:257,3
DA:259,1
DA:265,4
DA:267,2
DA:282,4
DA:283,0
DA:293,4
DA:294,0
DA:309,7
DA:310,7
DA:311,7
DA:312,7
DA:317,7
DA:352,0
DA:358,0
LF:32
LH:23
BRDA:242,0,0,0
BRDA:242,0,1,0
BRDA:242,1,0,0
BRDA:242,1,1,0
BRDA:338,2,0,7
BRDA:338,2,1,3
BRDA:349,3,0,7
BRDA:349,3,1,0
BRDA:366,4,0,0
BRDA:366,4,1,7
BRF:10
BRH:4
end_of_record
TN:
SF:src/pages/Dashboard/DashboardContext.jsx
FN:11,(anonymous_0)
FNF:1
FNH:0
FNDA:0,(anonymous_0)
DA:4,2
DA:11,2
DA:14,2
LF:3
LH:3
BRF:0
BRH:0
end_of_record
TN:
SF:src/schema/notifications.jsx
FN:19,getAllNotificationsByUser
FN:21,(anonymous_1)
FNF:2
FNH:0
FNDA:0,getAllNotificationsByUser
FNDA:0,(anonymous_1)
DA:4,1
DA:5,1
DA:6,1
DA:11,1
DA:13,1
DA:20,0
DA:21,0
LF:7
LH:5
BRDA:20,0,0,0
BRDA:20,0,1,0
BRF:2
BRH:0
end_of_record
