<?xml version="1.0" encoding="UTF-8"?>
<coverage generated="1685572287372" clover="3.2.0">
  <project timestamp="1685572287372" name="All files">
    <metrics statements="10" coveredstatements="10" conditionals="2" coveredconditionals="2" methods="7" coveredmethods="7" elements="19" coveredelements="19" complexity="0" loc="10" ncloc="10" packages="4" files="5" classes="5"/>
    <package name="src">
      <metrics statements="4" coveredstatements="4" conditionals="2" coveredconditionals="2" methods="4" coveredmethods="4"/>
      <file name="App.jsx" path="/Users/zubrahmsemo/Desktop/ALX_REACT/0x01.Learn React Components/task_0/alx_dashboard/src/App.jsx">
        <metrics statements="1" coveredstatements="1" conditionals="0" coveredconditionals="0" methods="1" coveredmethods="1"/>
        <line num="11" count="4" type="stmt"/>
      </file>
      <file name="utils.jsx" path="/Users/zubrahmsemo/Desktop/ALX_REACT/0x01.Learn React Components/task_0/alx_dashboard/src/utils.jsx">
        <metrics statements="3" coveredstatements="3" conditionals="2" coveredconditionals="2" methods="3" coveredmethods="3"/>
        <line num="3" count="1" type="stmt"/>
        <line num="8" count="2" type="cond" truecount="2" falsecount="0"/>
        <line num="13" count="1" type="stmt"/>
      </file>
    </package>
    <package name="src.Footer">
      <metrics statements="2" coveredstatements="2" conditionals="0" coveredconditionals="0" methods="1" coveredmethods="1"/>
      <file name="Footer.jsx" path="/Users/zubrahmsemo/Desktop/ALX_REACT/0x01.Learn React Components/task_0/alx_dashboard/src/Footer/Footer.jsx">
        <metrics statements="2" coveredstatements="2" conditionals="0" coveredconditionals="0" methods="1" coveredmethods="1"/>
        <line num="5" count="1" type="stmt"/>
        <line num="6" count="1" type="stmt"/>
      </file>
    </package>
    <package name="src.Header">
      <metrics statements="2" coveredstatements="2" conditionals="0" coveredconditionals="0" methods="1" coveredmethods="1"/>
      <file name="Header.jsx" path="/Users/zubrahmsemo/Desktop/ALX_REACT/0x01.Learn React Components/task_0/alx_dashboard/src/Header/Header.jsx">
        <metrics statements="2" coveredstatements="2" conditionals="0" coveredconditionals="0" methods="1" coveredmethods="1"/>
        <line num="5" count="1" type="stmt"/>
        <line num="6" count="1" type="stmt"/>
      </file>
    </package>
    <package name="src.Login">
      <metrics statements="2" coveredstatements="2" conditionals="0" coveredconditionals="0" methods="1" coveredmethods="1"/>
      <file name="Login.jsx" path="/Users/zubrahmsemo/Desktop/ALX_REACT/0x01.Learn React Components/task_0/alx_dashboard/src/Login/Login.jsx">
        <metrics statements="2" coveredstatements="2" conditionals="0" coveredconditionals="0" methods="1" coveredmethods="1"/>
        <line num="4" count="1" type="stmt"/>
        <line num="5" count="1" type="stmt"/>
      </file>
    </package>
  </project>
</coverage>
