{"/Users/zubrahmsemo/Desktop/ALX_REACT/0x01.Learn React Components/task_0/alx_dashboard/src/App.jsx": {"path":"/Users/zubrahmsemo/Desktop/ALX_REACT/0x01.Learn React Components/task_0/alx_dashboard/src/App.jsx","statementMap":{"0":{"start":{"line":11,"column":4},"end":{"line":31,"column":6}}},"fnMap":{"0":{"name":"App","decl":{"start":{"line":10,"column":9},"end":{"line":10,"column":12}},"loc":{"start":{"line":10,"column":15},"end":{"line":32,"column":1}},"line":10}},"branchMap":{},"s":{"0":4},"f":{"0":4},"b":{},"_coverageSchema":"1a1c01bbd47fc00a2c39e90264f33305004495a9","hash":"c50ebd765f5c4dc0a2a40eec884bf4eb14624918"}
,"/Users/zubrahmsemo/Desktop/ALX_REACT/0x01.Learn React Components/task_0/alx_dashboard/src/utils.jsx": {"path":"/Users/zubrahmsemo/Desktop/ALX_REACT/0x01.Learn React Components/task_0/alx_dashboard/src/utils.jsx","statementMap":{"0":{"start":{"line":3,"column":2},"end":{"line":3,"column":34}},"1":{"start":{"line":8,"column":2},"end":{"line":8,"column":52}},"2":{"start":{"line":13,"column":2},"end":{"line":13,"column":65}}},"fnMap":{"0":{"name":"getFullYear","decl":{"start":{"line":2,"column":16},"end":{"line":2,"column":27}},"loc":{"start":{"line":2,"column":30},"end":{"line":4,"column":1}},"line":2},"1":{"name":"getFooterCopy","decl":{"start":{"line":7,"column":16},"end":{"line":7,"column":29}},"loc":{"start":{"line":7,"column":39},"end":{"line":9,"column":1}},"line":7},"2":{"name":"getLatestNotification","decl":{"start":{"line":12,"column":16},"end":{"line":12,"column":37}},"loc":{"start":{"line":12,"column":40},"end":{"line":14,"column":1}},"line":12}},"branchMap":{"0":{"loc":{"start":{"line":8,"column":9},"end":{"line":8,"column":51}},"type":"cond-expr","locations":[{"start":{"line":8,"column":19},"end":{"line":8,"column":28}},{"start":{"line":8,"column":31},"end":{"line":8,"column":51}}],"line":8}},"s":{"0":1,"1":2,"2":1},"f":{"0":1,"1":2,"2":1},"b":{"0":[1,1]},"_coverageSchema":"1a1c01bbd47fc00a2c39e90264f33305004495a9","hash":"6df0b8016b90dd77c2832032fd89cd407f78f464"}
,"/Users/zubrahmsemo/Desktop/ALX_REACT/0x01.Learn React Components/task_0/alx_dashboard/src/Footer/Footer.jsx": {"path":"/Users/zubrahmsemo/Desktop/ALX_REACT/0x01.Learn React Components/task_0/alx_dashboard/src/Footer/Footer.jsx","statementMap":{"0":{"start":{"line":5,"column":15},"end":{"line":15,"column":1}},"1":{"start":{"line":6,"column":4},"end":{"line":14,"column":5}}},"fnMap":{"0":{"name":"(anonymous_0)","decl":{"start":{"line":5,"column":15},"end":{"line":5,"column":16}},"loc":{"start":{"line":5,"column":21},"end":{"line":15,"column":1}},"line":5}},"branchMap":{},"s":{"0":1,"1":1},"f":{"0":1},"b":{},"_coverageSchema":"1a1c01bbd47fc00a2c39e90264f33305004495a9","hash":"7174036c560fd73861682073a50140936c15f1ea"}
,"/Users/zubrahmsemo/Desktop/ALX_REACT/0x01.Learn React Components/task_0/alx_dashboard/src/Header/Header.jsx": {"path":"/Users/zubrahmsemo/Desktop/ALX_REACT/0x01.Learn React Components/task_0/alx_dashboard/src/Header/Header.jsx","statementMap":{"0":{"start":{"line":5,"column":15},"end":{"line":15,"column":1}},"1":{"start":{"line":6,"column":4},"end":{"line":14,"column":5}}},"fnMap":{"0":{"name":"(anonymous_0)","decl":{"start":{"line":5,"column":15},"end":{"line":5,"column":16}},"loc":{"start":{"line":5,"column":21},"end":{"line":15,"column":1}},"line":5}},"branchMap":{},"s":{"0":1,"1":1},"f":{"0":1},"b":{},"_coverageSchema":"1a1c01bbd47fc00a2c39e90264f33305004495a9","hash":"da38e4703a1d9e973e8e7ef982052728a9efd550"}
,"/Users/zubrahmsemo/Desktop/ALX_REACT/0x01.Learn React Components/task_0/alx_dashboard/src/Login/Login.jsx": {"path":"/Users/zubrahmsemo/Desktop/ALX_REACT/0x01.Learn React Components/task_0/alx_dashboard/src/Login/Login.jsx","statementMap":{"0":{"start":{"line":4,"column":14},"end":{"line":62,"column":1}},"1":{"start":{"line":5,"column":4},"end":{"line":61,"column":5}}},"fnMap":{"0":{"name":"(anonymous_0)","decl":{"start":{"line":4,"column":14},"end":{"line":4,"column":15}},"loc":{"start":{"line":4,"column":20},"end":{"line":62,"column":1}},"line":4}},"branchMap":{},"s":{"0":1,"1":1},"f":{"0":1},"b":{},"_coverageSchema":"1a1c01bbd47fc00a2c39e90264f33305004495a9","hash":"58bb72a0954015ae8d8caf07ee38c491090066c4"}
}
