{"/Users/zubrahmsemo/Desktop/ALX_REACT/0x01.Learn React Components/task_3/alx_dashboard/src/App.jsx": {"path":"/Users/zubrahmsemo/Desktop/ALX_REACT/0x01.Learn React Components/task_3/alx_dashboard/src/App.jsx","statementMap":{"0":{"start":{"line":11,"column":4},"end":{"line":31,"column":6}}},"fnMap":{"0":{"name":"App","decl":{"start":{"line":10,"column":9},"end":{"line":10,"column":12}},"loc":{"start":{"line":10,"column":15},"end":{"line":32,"column":1}},"line":10}},"branchMap":{},"s":{"0":3},"f":{"0":3},"b":{},"_coverageSchema":"1a1c01bbd47fc00a2c39e90264f33305004495a9","hash":"473b386a4e2ee531c42cf3dc555c9e034f2f8bb1"}
,"/Users/zubrahmsemo/Desktop/ALX_REACT/0x01.Learn React Components/task_3/alx_dashboard/src/fileMock.js": {"path":"/Users/zubrahmsemo/Desktop/ALX_REACT/0x01.Learn React Components/task_3/alx_dashboard/src/fileMock.js","statementMap":{},"fnMap":{},"branchMap":{},"s":{},"f":{},"b":{},"_coverageSchema":"1a1c01bbd47fc00a2c39e90264f33305004495a9","hash":"7c2d2bec71d526728ccecef0d344641cc4ec6ccd"}
,"/Users/zubrahmsemo/Desktop/ALX_REACT/0x01.Learn React Components/task_3/alx_dashboard/src/utils.jsx": {"path":"/Users/zubrahmsemo/Desktop/ALX_REACT/0x01.Learn React Components/task_3/alx_dashboard/src/utils.jsx","statementMap":{"0":{"start":{"line":3,"column":2},"end":{"line":3,"column":34}},"1":{"start":{"line":8,"column":2},"end":{"line":8,"column":52}},"2":{"start":{"line":13,"column":2},"end":{"line":13,"column":65}}},"fnMap":{"0":{"name":"getFullYear","decl":{"start":{"line":2,"column":16},"end":{"line":2,"column":27}},"loc":{"start":{"line":2,"column":30},"end":{"line":4,"column":1}},"line":2},"1":{"name":"getFooterCopy","decl":{"start":{"line":7,"column":16},"end":{"line":7,"column":29}},"loc":{"start":{"line":7,"column":39},"end":{"line":9,"column":1}},"line":7},"2":{"name":"getLatestNotification","decl":{"start":{"line":12,"column":16},"end":{"line":12,"column":37}},"loc":{"start":{"line":12,"column":40},"end":{"line":14,"column":1}},"line":12}},"branchMap":{"0":{"loc":{"start":{"line":8,"column":9},"end":{"line":8,"column":51}},"type":"cond-expr","locations":[{"start":{"line":8,"column":19},"end":{"line":8,"column":28}},{"start":{"line":8,"column":31},"end":{"line":8,"column":51}}],"line":8}},"s":{"0":0,"1":0,"2":0},"f":{"0":0,"1":0,"2":0},"b":{"0":[0,0]}}
,"/Users/zubrahmsemo/Desktop/ALX_REACT/0x01.Learn React Components/task_3/alx_dashboard/src/Footer/Footer.jsx": {"path":"/Users/zubrahmsemo/Desktop/ALX_REACT/0x01.Learn React Components/task_3/alx_dashboard/src/Footer/Footer.jsx","statementMap":{"0":{"start":{"line":5,"column":15},"end":{"line":15,"column":1}},"1":{"start":{"line":6,"column":4},"end":{"line":14,"column":5}}},"fnMap":{"0":{"name":"(anonymous_0)","decl":{"start":{"line":5,"column":15},"end":{"line":5,"column":16}},"loc":{"start":{"line":5,"column":21},"end":{"line":15,"column":1}},"line":5}},"branchMap":{},"s":{"0":1,"1":1},"f":{"0":1},"b":{},"_coverageSchema":"1a1c01bbd47fc00a2c39e90264f33305004495a9","hash":"f90556dd9fb04392fb90ec8d666232c096bf71eb"}
,"/Users/zubrahmsemo/Desktop/ALX_REACT/0x01.Learn React Components/task_3/alx_dashboard/src/Header/Header.jsx": {"path":"/Users/zubrahmsemo/Desktop/ALX_REACT/0x01.Learn React Components/task_3/alx_dashboard/src/Header/Header.jsx","statementMap":{"0":{"start":{"line":5,"column":15},"end":{"line":15,"column":1}},"1":{"start":{"line":6,"column":4},"end":{"line":14,"column":5}}},"fnMap":{"0":{"name":"(anonymous_0)","decl":{"start":{"line":5,"column":15},"end":{"line":5,"column":16}},"loc":{"start":{"line":5,"column":21},"end":{"line":15,"column":1}},"line":5}},"branchMap":{},"s":{"0":1,"1":2},"f":{"0":2},"b":{},"_coverageSchema":"1a1c01bbd47fc00a2c39e90264f33305004495a9","hash":"6f8aba8de73b96f7b9558149954eca5f8e8c39d4"}
,"/Users/zubrahmsemo/Desktop/ALX_REACT/0x01.Learn React Components/task_3/alx_dashboard/src/Login/Login.jsx": {"path":"/Users/zubrahmsemo/Desktop/ALX_REACT/0x01.Learn React Components/task_3/alx_dashboard/src/Login/Login.jsx","statementMap":{"0":{"start":{"line":4,"column":14},"end":{"line":62,"column":1}},"1":{"start":{"line":5,"column":4},"end":{"line":61,"column":5}}},"fnMap":{"0":{"name":"(anonymous_0)","decl":{"start":{"line":4,"column":14},"end":{"line":4,"column":15}},"loc":{"start":{"line":4,"column":20},"end":{"line":62,"column":1}},"line":4}},"branchMap":{},"s":{"0":1,"1":1},"f":{"0":1},"b":{},"_coverageSchema":"1a1c01bbd47fc00a2c39e90264f33305004495a9","hash":"3d7717a620b851c0570407727e8194a85aa91597"}
,"/Users/zubrahmsemo/Desktop/ALX_REACT/0x01.Learn React Components/task_3/alx_dashboard/src/Notifications/NotificationItem.jsx": {"path":"/Users/zubrahmsemo/Desktop/ALX_REACT/0x01.Learn React Components/task_3/alx_dashboard/src/Notifications/NotificationItem.jsx","statementMap":{"0":{"start":{"line":7,"column":18},"end":{"line":7,"column":53}},"1":{"start":{"line":11,"column":4},"end":{"line":15,"column":6}},"2":{"start":{"line":19,"column":0},"end":{"line":25,"column":2}}},"fnMap":{"0":{"name":"NotificationItem","decl":{"start":{"line":4,"column":9},"end":{"line":4,"column":25}},"loc":{"start":{"line":4,"column":49},"end":{"line":16,"column":1}},"line":4}},"branchMap":{"0":{"loc":{"start":{"line":7,"column":18},"end":{"line":7,"column":53}},"type":"cond-expr","locations":[{"start":{"line":7,"column":39},"end":{"line":7,"column":45}},{"start":{"line":7,"column":48},"end":{"line":7,"column":53}}],"line":7},"1":{"loc":{"start":{"line":13,"column":13},"end":{"line":13,"column":66}},"type":"cond-expr","locations":[{"start":{"line":13,"column":20},"end":{"line":13,"column":58}},{"start":{"line":13,"column":61},"end":{"line":13,"column":66}}],"line":13}},"s":{"0":1,"1":1,"2":1},"f":{"0":1},"b":{"0":[0,1],"1":[1,0]},"_coverageSchema":"1a1c01bbd47fc00a2c39e90264f33305004495a9","hash":"d7801eaeeea3dec3f85e2cb6e0e245356742c253"}
}
