TN:
SF:src/App.jsx
FN:7,App
FNF:1
FNH:0
FNDA:0,App
DA:8,0
LF:1
LH:0
BRF:0
BRH:0
end_of_record
TN:
SF:src/fileMock.js
FNF:0
FNH:0
LF:0
LH:0
BRF:0
BRH:0
end_of_record
TN:
SF:src/main.jsx
FNF:0
FNH:0
DA:10,0
DA:14,0
LF:2
LH:0
BRF:0
BRH:0
end_of_record
TN:
SF:src/utils.jsx
FN:2,getFullYear
FN:7,getFooterCopy
FN:12,getLatestNotification
FNF:3
FNH:3
FNDA:19,getFullYear
FNDA:20,getFooterCopy
FNDA:7,getLatestNotification
DA:3,19
DA:8,20
DA:13,7
LF:3
LH:3
BRDA:8,0,0,19
BRDA:8,0,1,1
BRF:2
BRH:2
end_of_record
TN:
SF:src/BodySection/BodySection.jsx
FN:13,(anonymous_0)
FNF:1
FNH:1
FNDA:22,(anonymous_0)
DA:6,3
DA:13,3
DA:14,22
LF:3
LH:3
BRF:0
BRH:0
end_of_record
TN:
SF:src/BodySection/BodySectionWithMarginBottom.jsx
FN:18,(anonymous_0)
FNF:1
FNH:1
FNDA:11,(anonymous_0)
DA:9,2
DA:18,2
DA:19,11
DA:20,11
DA:30,2
LF:5
LH:5
BRF:0
BRH:0
end_of_record
TN:
SF:src/CourseList/CourseList.jsx
FN:30,(anonymous_0)
FN:49,(anonymous_1)
FNF:2
FNH:2
FNDA:3,(anonymous_0)
FNDA:2,(anonymous_1)
DA:6,2
DA:30,2
DA:31,3
DA:50,2
DA:62,2
DA:72,2
LF:6
LH:6
BRDA:46,0,0,3
BRDA:46,0,1,2
BRF:2
BRH:2
end_of_record
TN:
SF:src/CourseList/CourseListRow.jsx
FN:31,(anonymous_0)
FN:34,(anonymous_1)
FNF:2
FNH:2
FNDA:15,(anonymous_0)
FNDA:2,(anonymous_1)
DA:5,3
DA:31,3
DA:32,15
DA:34,15
DA:35,2
DA:38,15
DA:60,15
DA:67,3
DA:73,3
LF:9
LH:9
BRDA:38,0,0,7
BRDA:38,0,1,8
BRDA:45,1,0,8
BRDA:45,1,1,1
BRDA:54,2,0,8
BRDA:54,2,1,1
BRDA:61,3,0,7
BRDA:61,3,1,8
BRF:8
BRH:8
end_of_record
TN:
SF:src/Footer/Footer.jsx
FN:71,(anonymous_0)
FNF:1
FNH:1
FNDA:12,(anonymous_0)
DA:6,2
DA:71,2
DA:72,12
DA:74,12
LF:4
LH:4
BRDA:77,0,0,12
BRDA:77,0,1,0
BRF:2
BRH:1
end_of_record
TN:
SF:src/HOC/WithLogging.jsx
FN:3,(anonymous_0)
FN:5,(anonymous_1)
FN:9,(anonymous_2)
FN:13,(anonymous_3)
FNF:4
FNH:4
FNDA:18,(anonymous_0)
FNDA:9,(anonymous_1)
FNDA:9,(anonymous_2)
FNDA:9,(anonymous_3)
DA:3,1
DA:6,9
DA:10,9
DA:14,9
DA:17,18
DA:18,18
LF:6
LH:6
BRDA:6,0,0,9
BRDA:6,0,1,9
BRDA:6,0,2,0
BRDA:10,1,0,9
BRDA:10,1,1,9
BRDA:10,1,2,0
BRDA:17,2,0,18
BRDA:17,2,1,18
BRDA:17,2,2,0
BRF:9
BRH:6
end_of_record
TN:
SF:src/Header/Header.jsx
FN:58,(anonymous_0)
FNF:1
FNH:0
FNDA:0,(anonymous_0)
DA:6,0
DA:60,0
LF:2
LH:0
BRF:0
BRH:0
end_of_record
TN:
SF:src/Login/Login.jsx
FN:145,(anonymous_0)
FN:157,(anonymous_1)
FN:169,(anonymous_2)
FN:170,(anonymous_3)
FN:183,(anonymous_4)
FN:184,(anonymous_5)
FN:197,(anonymous_6)
FNF:7
FNH:7
FNDA:12,(anonymous_0)
FNDA:1,(anonymous_1)
FNDA:2,(anonymous_2)
FNDA:2,(anonymous_3)
FNDA:2,(anonymous_4)
FNDA:2,(anonymous_5)
FNDA:20,(anonymous_6)
DA:7,2
DA:146,12
DA:147,12
DA:157,12
DA:158,1
DA:161,1
DA:162,1
DA:169,12
DA:170,2
DA:171,2
DA:172,0
DA:176,2
DA:183,12
DA:184,2
DA:185,2
DA:186,2
DA:190,0
DA:199,20
DA:201,20
LF:19
LH:17
BRDA:171,0,0,0
BRDA:171,0,1,2
BRDA:171,1,0,2
BRDA:171,1,1,2
BRDA:185,2,0,2
BRDA:185,2,1,0
BRDA:185,3,0,2
BRDA:185,3,1,2
BRF:8
BRH:6
end_of_record
TN:
SF:src/Notifications/NotificationItem.jsx
FN:14,NotificationItem
FN:15,(anonymous_1)
FNF:2
FNH:2
FNDA:19,NotificationItem
FNDA:3,(anonymous_1)
DA:5,3
DA:15,19
DA:16,3
DA:19,19
DA:21,19
DA:28,3
LF:6
LH:6
BRDA:19,0,0,11
BRDA:19,0,1,8
BRDA:23,1,0,3
BRDA:23,1,1,16
BRF:4
BRH:4
end_of_record
TN:
SF:src/Notifications/Notifications.jsx
FN:79,(anonymous_0)
FN:89,(anonymous_1)
FN:90,(anonymous_2)
FN:95,(anonymous_3)
FN:104,(anonymous_4)
FN:126,(anonymous_5)
FNF:6
FNH:4
FNDA:7,(anonymous_0)
FNDA:0,(anonymous_1)
FNDA:0,(anonymous_2)
FNDA:8,(anonymous_3)
FNDA:1,(anonymous_4)
FNDA:17,(anonymous_5)
DA:6,2
DA:80,7
DA:81,7
DA:84,7
DA:90,0
DA:96,8
DA:97,8
DA:99,8
DA:105,1
DA:106,1
DA:107,1
DA:109,0
DA:127,17
LF:13
LH:11
BRDA:105,0,0,1
BRDA:105,0,1,0
BRDA:119,1,0,7
BRDA:119,1,1,1
BRDA:120,2,0,7
BRDA:120,2,1,0
BRDA:121,3,0,1
BRDA:121,3,1,6
BRF:8
BRH:6
end_of_record
TN:
SF:src/actions/courseActionCreators.jsx
FN:5,(anonymous_0)
FN:10,(anonymous_1)
FN:15,(anonymous_2)
FNF:3
FNH:2
FNDA:1,(anonymous_0)
FNDA:1,(anonymous_1)
FNDA:0,(anonymous_2)
DA:5,1
DA:10,1
DA:15,1
DA:23,1
DA:24,1
DA:25,1
LF:6
LH:6
BRF:0
BRH:0
end_of_record
TN:
SF:src/actions/courseActionTypes.jsx
FNF:0
FNH:0
DA:2,2
DA:3,2
DA:4,2
LF:3
LH:3
BRF:0
BRH:0
end_of_record
TN:
SF:src/actions/notificationActionCreators.jsx
FN:5,(anonymous_0)
FN:10,(anonymous_1)
FN:15,(anonymous_2)
FNF:3
FNH:2
FNDA:1,(anonymous_0)
FNDA:2,(anonymous_1)
FNDA:0,(anonymous_2)
DA:5,1
DA:10,2
DA:15,1
DA:20,1
DA:21,1
LF:5
LH:5
BRF:0
BRH:0
end_of_record
TN:
SF:src/actions/notificationActionTypes.jsx
FNF:0
FNH:0
DA:3,2
DA:4,2
DA:5,2
DA:7,2
LF:4
LH:4
BRF:0
BRH:0
end_of_record
TN:
SF:src/actions/uiActionCreators.jsx
FN:11,(anonymous_0)
FN:16,(anonymous_1)
FN:20,(anonymous_2)
FN:24,(anonymous_3)
FN:30,(anonymous_4)
FN:34,(anonymous_5)
FN:49,(anonymous_6)
FN:50,(anonymous_7)
FNF:8
FNH:6
FNDA:1,(anonymous_0)
FNDA:1,(anonymous_1)
FNDA:1,(anonymous_2)
FNDA:1,(anonymous_3)
FNDA:1,(anonymous_4)
FNDA:1,(anonymous_5)
FNDA:0,(anonymous_6)
FNDA:0,(anonymous_7)
DA:11,1
DA:16,1
DA:20,1
DA:24,1
DA:30,1
DA:34,1
DA:42,1
DA:43,1
DA:44,1
DA:45,1
DA:49,1
DA:50,0
DA:52,0
DA:53,0
DA:54,0
DA:55,0
DA:57,0
DA:60,0
DA:64,0
LF:19
LH:11
BRDA:55,0,0,0
BRDA:55,0,1,0
BRF:2
BRH:0
end_of_record
TN:
SF:src/actions/uiActionTypes.jsx
FNF:0
FNH:0
DA:1,3
DA:2,3
DA:3,3
DA:4,3
DA:7,3
DA:8,3
LF:6
LH:6
BRF:0
BRH:0
end_of_record
TN:
SF:src/pages/Dashboard/Dashboard.jsx
FN:181,(anonymous_0)
FN:208,(anonymous_1)
FN:209,(anonymous_2)
FN:233,(anonymous_3)
FN:237,(anonymous_4)
FN:241,(anonymous_5)
FN:256,(anonymous_6)
FN:258,(anonymous_7)
FN:266,(anonymous_8)
FN:268,(anonymous_9)
FN:283,(anonymous_10)
FN:294,(anonymous_11)
FN:308,(anonymous_12)
FN:353,(anonymous_13)
FN:359,(anonymous_14)
FN:391,(anonymous_15)
FNF:16
FNH:9
FNDA:6,(anonymous_0)
FNDA:0,(anonymous_1)
FNDA:0,(anonymous_2)
FNDA:6,(anonymous_3)
FNDA:6,(anonymous_4)
FNDA:0,(anonymous_5)
FNDA:1,(anonymous_6)
FNDA:3,(anonymous_7)
FNDA:2,(anonymous_8)
FNDA:2,(anonymous_9)
FNDA:0,(anonymous_10)
FNDA:0,(anonymous_11)
FNDA:9,(anonymous_12)
FNDA:0,(anonymous_13)
FNDA:0,(anonymous_14)
FNDA:7,(anonymous_15)
DA:24,1
DA:178,1
DA:182,6
DA:183,6
DA:184,6
DA:188,6
DA:209,0
DA:222,1
DA:228,1
DA:234,6
DA:238,6
DA:242,0
DA:243,0
DA:244,0
DA:249,6
DA:257,1
DA:258,3
DA:260,1
DA:266,6
DA:268,2
DA:283,6
DA:284,0
DA:294,6
DA:295,0
DA:310,9
DA:311,9
DA:312,9
DA:313,9
DA:318,9
DA:353,0
DA:359,0
DA:391,1
DA:392,7
LF:33
LH:25
BRDA:243,0,0,0
BRDA:243,0,1,0
BRDA:243,1,0,0
BRDA:243,1,1,0
BRDA:339,2,0,9
BRDA:339,2,1,3
BRDA:350,3,0,9
BRDA:350,3,1,0
BRDA:367,4,0,0
BRDA:367,4,1,9
BRF:10
BRH:4
end_of_record
TN:
SF:src/pages/Dashboard/DashboardContext.jsx
FN:11,(anonymous_0)
FNF:1
FNH:0
FNDA:0,(anonymous_0)
DA:4,2
DA:11,2
DA:14,2
LF:3
LH:3
BRF:0
BRH:0
end_of_record
TN:
SF:src/pages/Home/Home.jsx
FN:200,Home
FN:223,(anonymous_1)
FNF:2
FNH:2
FNDA:6,Home
FNDA:1,(anonymous_1)
DA:10,1
DA:201,6
DA:202,6
DA:223,1
LF:4
LH:4
BRF:0
BRH:0
end_of_record
TN:
SF:src/reducers/courseReducer.jsx
FN:10,(anonymous_0)
FNF:1
FNH:1
FNDA:4,(anonymous_0)
DA:5,1
DA:10,1
DA:11,4
DA:13,1
DA:14,1
DA:16,1
DA:18,1
DA:20,1
LF:8
LH:8
BRDA:10,0,0,2
BRDA:11,1,0,1
BRDA:11,1,1,1
BRDA:11,1,2,1
BRDA:11,1,3,1
BRF:5
BRH:5
end_of_record
TN:
SF:src/reducers/notificationReducer.jsx
FN:13,(anonymous_0)
FN:16,(anonymous_1)
FNF:2
FNH:2
FNDA:4,(anonymous_0)
FNDA:3,(anonymous_1)
DA:8,1
DA:13,1
DA:14,4
DA:16,1
DA:17,3
DA:18,3
DA:21,1
DA:23,1
DA:25,1
LF:9
LH:9
BRDA:13,0,0,2
BRDA:14,1,0,1
BRDA:14,1,1,1
BRDA:14,1,2,1
BRDA:14,1,3,1
BRF:5
BRH:5
end_of_record
TN:
SF:src/reducers/uiReducer.jsx
FN:30,(anonymous_0)
FNF:1
FNH:1
FNDA:8,(anonymous_0)
DA:19,2
DA:30,2
DA:31,8
DA:33,1
DA:35,1
DA:37,1
DA:40,2
DA:42,3
LF:8
LH:8
BRDA:30,0,0,1
BRDA:31,1,0,1
BRDA:31,1,1,1
BRDA:31,1,2,1
BRDA:31,1,3,1
BRDA:31,1,4,2
BRDA:31,1,5,3
BRF:7
BRH:7
end_of_record
TN:
SF:src/schema/courses.jsx
FN:5,(anonymous_0)
FNF:1
FNH:1
FNDA:1,(anonymous_0)
DA:3,2
DA:5,2
DA:6,1
DA:7,1
LF:4
LH:4
BRF:0
BRH:0
end_of_record
TN:
SF:src/schema/notifications.jsx
FN:20,getAllNotificationsByUser
FN:22,(anonymous_1)
FN:32,(anonymous_2)
FNF:3
FNH:0
FNDA:0,getAllNotificationsByUser
FNDA:0,(anonymous_1)
FNDA:0,(anonymous_2)
DA:5,1
DA:6,1
DA:7,1
DA:12,1
DA:14,1
DA:21,0
DA:22,0
DA:27,1
DA:32,1
DA:33,0
DA:34,0
LF:11
LH:7
BRDA:21,0,0,0
BRDA:21,0,1,0
BRF:2
BRH:0
end_of_record
TN:
SF:src/selectors/notificationSelector.jsx
FN:3,(anonymous_0)
FN:7,(anonymous_1)
FN:12,(anonymous_2)
FN:17,(anonymous_3)
FN:17,(anonymous_4)
FNF:5
FNH:5
FNDA:2,(anonymous_0)
FNDA:1,(anonymous_1)
FNDA:1,(anonymous_2)
FNDA:1,(anonymous_3)
FNDA:3,(anonymous_4)
DA:3,2
DA:5,1
DA:7,1
DA:10,1
DA:12,1
DA:15,1
DA:17,3
LF:7
LH:7
BRDA:3,0,0,2
BRDA:3,0,1,2
BRDA:7,1,0,1
BRDA:7,1,1,1
BRDA:12,2,0,1
BRDA:12,2,1,1
BRDA:17,3,0,1
BRDA:17,3,1,1
BRF:8
BRH:8
end_of_record
