{"/Users/zubrahmsemo/Desktop/ALX_REACT/0x08.React_Connectors_Providers/task_5/alx_dashboard/src/App.jsx": {"path":"/Users/zubrahmsemo/Desktop/ALX_REACT/0x08.React_Connectors_Providers/task_5/alx_dashboard/src/App.jsx","statementMap":{"0":{"start":{"line":8,"column":4},"end":{"line":15,"column":6}}},"fnMap":{"0":{"name":"App","decl":{"start":{"line":7,"column":24},"end":{"line":7,"column":27}},"loc":{"start":{"line":7,"column":30},"end":{"line":16,"column":1}},"line":7}},"branchMap":{},"s":{"0":0},"f":{"0":0},"b":{}}
,"/Users/zubrahmsemo/Desktop/ALX_REACT/0x08.React_Connectors_Providers/task_5/alx_dashboard/src/fileMock.js": {"path":"/Users/zubrahmsemo/Desktop/ALX_REACT/0x08.React_Connectors_Providers/task_5/alx_dashboard/src/fileMock.js","statementMap":{},"fnMap":{},"branchMap":{},"s":{},"f":{},"b":{},"_coverageSchema":"1a1c01bbd47fc00a2c39e90264f33305004495a9","hash":"1cfcc7860335cffac1d083358d511cc0e89f088a"}
,"/Users/zubrahmsemo/Desktop/ALX_REACT/0x08.React_Connectors_Providers/task_5/alx_dashboard/src/main.jsx": {"path":"/Users/zubrahmsemo/Desktop/ALX_REACT/0x08.React_Connectors_Providers/task_5/alx_dashboard/src/main.jsx","statementMap":{"0":{"start":{"line":11,"column":14},"end":{"line":21,"column":2}},"1":{"start":{"line":14,"column":4},"end":{"line":20,"column":6}},"2":{"start":{"line":23,"column":0},"end":{"line":32,"column":2}}},"fnMap":{"0":{"name":"(anonymous_0)","decl":{"start":{"line":13,"column":14},"end":{"line":13,"column":15}},"loc":{"start":{"line":14,"column":4},"end":{"line":20,"column":6}},"line":14}},"branchMap":{},"s":{"0":0,"1":0,"2":0},"f":{"0":0},"b":{}}
,"/Users/zubrahmsemo/Desktop/ALX_REACT/0x08.React_Connectors_Providers/task_5/alx_dashboard/src/utils.jsx": {"path":"/Users/zubrahmsemo/Desktop/ALX_REACT/0x08.React_Connectors_Providers/task_5/alx_dashboard/src/utils.jsx","statementMap":{"0":{"start":{"line":3,"column":2},"end":{"line":3,"column":34}},"1":{"start":{"line":8,"column":2},"end":{"line":8,"column":52}},"2":{"start":{"line":13,"column":2},"end":{"line":13,"column":65}}},"fnMap":{"0":{"name":"getFullYear","decl":{"start":{"line":2,"column":16},"end":{"line":2,"column":27}},"loc":{"start":{"line":2,"column":30},"end":{"line":4,"column":1}},"line":2},"1":{"name":"getFooterCopy","decl":{"start":{"line":7,"column":16},"end":{"line":7,"column":29}},"loc":{"start":{"line":7,"column":39},"end":{"line":9,"column":1}},"line":7},"2":{"name":"getLatestNotification","decl":{"start":{"line":12,"column":16},"end":{"line":12,"column":37}},"loc":{"start":{"line":12,"column":40},"end":{"line":14,"column":1}},"line":12}},"branchMap":{"0":{"loc":{"start":{"line":8,"column":9},"end":{"line":8,"column":51}},"type":"cond-expr","locations":[{"start":{"line":8,"column":19},"end":{"line":8,"column":28}},{"start":{"line":8,"column":31},"end":{"line":8,"column":51}}],"line":8}},"s":{"0":10,"1":11,"2":1},"f":{"0":10,"1":11,"2":1},"b":{"0":[10,1]},"_coverageSchema":"1a1c01bbd47fc00a2c39e90264f33305004495a9","hash":"70ec6db46de2b5ec0ec9274bee42e20c03bc98ec"}
,"/Users/zubrahmsemo/Desktop/ALX_REACT/0x08.React_Connectors_Providers/task_5/alx_dashboard/src/BodySection/BodySection.jsx": {"path":"/Users/zubrahmsemo/Desktop/ALX_REACT/0x08.React_Connectors_Providers/task_5/alx_dashboard/src/BodySection/BodySection.jsx","statementMap":{"0":{"start":{"line":6,"column":15},"end":{"line":11,"column":2}},"1":{"start":{"line":13,"column":20},"end":{"line":20,"column":1}},"2":{"start":{"line":14,"column":4},"end":{"line":19,"column":6}}},"fnMap":{"0":{"name":"(anonymous_0)","decl":{"start":{"line":13,"column":20},"end":{"line":13,"column":21}},"loc":{"start":{"line":13,"column":45},"end":{"line":20,"column":1}},"line":13}},"branchMap":{},"s":{"0":2,"1":2,"2":4},"f":{"0":4},"b":{},"_coverageSchema":"1a1c01bbd47fc00a2c39e90264f33305004495a9","hash":"6a45e07055378379e84836bc6355fe442d02b5ca"}
,"/Users/zubrahmsemo/Desktop/ALX_REACT/0x08.React_Connectors_Providers/task_5/alx_dashboard/src/BodySection/BodySectionWithMarginBottom.jsx": {"path":"/Users/zubrahmsemo/Desktop/ALX_REACT/0x08.React_Connectors_Providers/task_5/alx_dashboard/src/BodySection/BodySectionWithMarginBottom.jsx","statementMap":{"0":{"start":{"line":9,"column":15},"end":{"line":15,"column":2}},"1":{"start":{"line":18,"column":36},"end":{"line":27,"column":1}},"2":{"start":{"line":19,"column":32},"end":{"line":19,"column":37}},"3":{"start":{"line":20,"column":4},"end":{"line":26,"column":6}},"4":{"start":{"line":30,"column":0},"end":{"line":33,"column":2}}},"fnMap":{"0":{"name":"(anonymous_0)","decl":{"start":{"line":18,"column":36},"end":{"line":18,"column":37}},"loc":{"start":{"line":18,"column":47},"end":{"line":27,"column":1}},"line":18}},"branchMap":{},"s":{"0":1,"1":1,"2":2,"3":2,"4":1},"f":{"0":2},"b":{},"_coverageSchema":"1a1c01bbd47fc00a2c39e90264f33305004495a9","hash":"01020b4fb7e7eacb6a9b34b2c9b8a7d649dfd54e"}
,"/Users/zubrahmsemo/Desktop/ALX_REACT/0x08.React_Connectors_Providers/task_5/alx_dashboard/src/CourseList/CourseList.jsx": {"path":"/Users/zubrahmsemo/Desktop/ALX_REACT/0x08.React_Connectors_Providers/task_5/alx_dashboard/src/CourseList/CourseList.jsx","statementMap":{"0":{"start":{"line":6,"column":15},"end":{"line":28,"column":2}},"1":{"start":{"line":30,"column":19},"end":{"line":60,"column":1}},"2":{"start":{"line":31,"column":4},"end":{"line":59,"column":6}},"3":{"start":{"line":50,"column":20},"end":{"line":55,"column":22}},"4":{"start":{"line":62,"column":0},"end":{"line":70,"column":2}},"5":{"start":{"line":72,"column":0},"end":{"line":74,"column":2}}},"fnMap":{"0":{"name":"(anonymous_0)","decl":{"start":{"line":30,"column":19},"end":{"line":30,"column":20}},"loc":{"start":{"line":30,"column":40},"end":{"line":60,"column":1}},"line":30},"1":{"name":"(anonymous_1)","decl":{"start":{"line":49,"column":33},"end":{"line":49,"column":34}},"loc":{"start":{"line":50,"column":20},"end":{"line":55,"column":22}},"line":50}},"branchMap":{"0":{"loc":{"start":{"line":46,"column":17},"end":{"line":48,"column":17}},"type":"binary-expr","locations":[{"start":{"line":46,"column":17},"end":{"line":46,"column":41}},{"start":{"line":47,"column":20},"end":{"line":47,"column":94}}],"line":46}},"s":{"0":1,"1":1,"2":3,"3":2,"4":1,"5":1},"f":{"0":3,"1":2},"b":{"0":[3,2]},"_coverageSchema":"1a1c01bbd47fc00a2c39e90264f33305004495a9","hash":"1f2d19e979a782172cd9f1117339925516d2e166"}
,"/Users/zubrahmsemo/Desktop/ALX_REACT/0x08.React_Connectors_Providers/task_5/alx_dashboard/src/CourseList/CourseListRow.jsx": {"path":"/Users/zubrahmsemo/Desktop/ALX_REACT/0x08.React_Connectors_Providers/task_5/alx_dashboard/src/CourseList/CourseListRow.jsx","statementMap":{"0":{"start":{"line":5,"column":15},"end":{"line":29,"column":2}},"1":{"start":{"line":31,"column":22},"end":{"line":65,"column":1}},"2":{"start":{"line":32,"column":38},"end":{"line":32,"column":53}},"3":{"start":{"line":34,"column":33},"end":{"line":36,"column":5}},"4":{"start":{"line":35,"column":8},"end":{"line":35,"column":33}},"5":{"start":{"line":38,"column":17},"end":{"line":58,"column":5}},"6":{"start":{"line":60,"column":4},"end":{"line":64,"column":6}},"7":{"start":{"line":67,"column":0},"end":{"line":71,"column":2}},"8":{"start":{"line":73,"column":0},"end":{"line":76,"column":2}}},"fnMap":{"0":{"name":"(anonymous_0)","decl":{"start":{"line":31,"column":22},"end":{"line":31,"column":23}},"loc":{"start":{"line":31,"column":71},"end":{"line":65,"column":1}},"line":31},"1":{"name":"(anonymous_1)","decl":{"start":{"line":34,"column":33},"end":{"line":34,"column":34}},"loc":{"start":{"line":34,"column":39},"end":{"line":36,"column":5}},"line":34}},"branchMap":{"0":{"loc":{"start":{"line":38,"column":17},"end":{"line":58,"column":5}},"type":"cond-expr","locations":[{"start":{"line":39,"column":8},"end":{"line":42,"column":11}},{"start":{"line":44,"column":8},"end":{"line":57,"column":11}}],"line":38},"1":{"loc":{"start":{"line":45,"column":42},"end":{"line":45,"column":72}},"type":"binary-expr","locations":[{"start":{"line":45,"column":42},"end":{"line":45,"column":51}},{"start":{"line":45,"column":55},"end":{"line":45,"column":72}}],"line":45},"2":{"loc":{"start":{"line":54,"column":42},"end":{"line":54,"column":72}},"type":"binary-expr","locations":[{"start":{"line":54,"column":42},"end":{"line":54,"column":51}},{"start":{"line":54,"column":55},"end":{"line":54,"column":72}}],"line":54},"3":{"loc":{"start":{"line":61,"column":23},"end":{"line":61,"column":73}},"type":"cond-expr","locations":[{"start":{"line":61,"column":34},"end":{"line":61,"column":55}},{"start":{"line":61,"column":58},"end":{"line":61,"column":73}}],"line":61}},"s":{"0":2,"1":2,"2":15,"3":15,"4":2,"5":15,"6":15,"7":2,"8":2},"f":{"0":15,"1":2},"b":{"0":[7,8],"1":[8,1],"2":[8,1],"3":[7,8]},"_coverageSchema":"1a1c01bbd47fc00a2c39e90264f33305004495a9","hash":"c4dd6bb1ea08b7d05204b40144b623bde28d3c7d"}
,"/Users/zubrahmsemo/Desktop/ALX_REACT/0x08.React_Connectors_Providers/task_5/alx_dashboard/src/Footer/Footer.jsx": {"path":"/Users/zubrahmsemo/Desktop/ALX_REACT/0x08.React_Connectors_Providers/task_5/alx_dashboard/src/Footer/Footer.jsx","statementMap":{"0":{"start":{"line":7,"column":15},"end":{"line":71,"column":2}},"1":{"start":{"line":73,"column":15},"end":{"line":89,"column":1}},"2":{"start":{"line":74,"column":28},"end":{"line":76,"column":5}},"3":{"start":{"line":78,"column":4},"end":{"line":88,"column":6}},"4":{"start":{"line":91,"column":0},"end":{"line":95,"column":2}},"5":{"start":{"line":97,"column":24},"end":{"line":101,"column":1}},"6":{"start":{"line":98,"column":4},"end":{"line":100,"column":6}}},"fnMap":{"0":{"name":"(anonymous_0)","decl":{"start":{"line":73,"column":15},"end":{"line":73,"column":16}},"loc":{"start":{"line":73,"column":29},"end":{"line":89,"column":1}},"line":73},"1":{"name":"(anonymous_1)","decl":{"start":{"line":74,"column":28},"end":{"line":74,"column":29}},"loc":{"start":{"line":74,"column":34},"end":{"line":76,"column":5}},"line":74},"2":{"name":"(anonymous_2)","decl":{"start":{"line":97,"column":24},"end":{"line":97,"column":25}},"loc":{"start":{"line":97,"column":35},"end":{"line":101,"column":1}},"line":97}},"branchMap":{"0":{"loc":{"start":{"line":81,"column":13},"end":{"line":85,"column":13}},"type":"binary-expr","locations":[{"start":{"line":81,"column":13},"end":{"line":81,"column":28}},{"start":{"line":82,"column":16},"end":{"line":84,"column":20}}],"line":81}},"s":{"0":1,"1":1,"2":3,"3":3,"4":1,"5":1,"6":3},"f":{"0":3,"1":0,"2":3},"b":{"0":[3,2]},"_coverageSchema":"1a1c01bbd47fc00a2c39e90264f33305004495a9","hash":"836491d69c6d0d75a1525fe225c27047b27cb713"}
,"/Users/zubrahmsemo/Desktop/ALX_REACT/0x08.React_Connectors_Providers/task_5/alx_dashboard/src/HOC/WithLogging.jsx": {"path":"/Users/zubrahmsemo/Desktop/ALX_REACT/0x08.React_Connectors_Providers/task_5/alx_dashboard/src/HOC/WithLogging.jsx","statementMap":{"0":{"start":{"line":3,"column":20},"end":{"line":19,"column":1}},"1":{"start":{"line":6,"column":12},"end":{"line":6,"column":120}},"2":{"start":{"line":10,"column":12},"end":{"line":10,"column":129}},"3":{"start":{"line":14,"column":12},"end":{"line":14,"column":56}},"4":{"start":{"line":17,"column":4},"end":{"line":17,"column":117}},"5":{"start":{"line":18,"column":4},"end":{"line":18,"column":23}}},"fnMap":{"0":{"name":"(anonymous_0)","decl":{"start":{"line":3,"column":20},"end":{"line":3,"column":21}},"loc":{"start":{"line":3,"column":42},"end":{"line":19,"column":1}},"line":3},"1":{"name":"(anonymous_1)","decl":{"start":{"line":5,"column":8},"end":{"line":5,"column":9}},"loc":{"start":{"line":5,"column":28},"end":{"line":7,"column":9}},"line":5},"2":{"name":"(anonymous_2)","decl":{"start":{"line":9,"column":8},"end":{"line":9,"column":9}},"loc":{"start":{"line":9,"column":31},"end":{"line":11,"column":9}},"line":9},"3":{"name":"(anonymous_3)","decl":{"start":{"line":13,"column":8},"end":{"line":13,"column":9}},"loc":{"start":{"line":13,"column":17},"end":{"line":15,"column":9}},"line":13}},"branchMap":{"0":{"loc":{"start":{"line":6,"column":37},"end":{"line":6,"column":105}},"type":"binary-expr","locations":[{"start":{"line":6,"column":37},"end":{"line":6,"column":65}},{"start":{"line":6,"column":69},"end":{"line":6,"column":90}},{"start":{"line":6,"column":94},"end":{"line":6,"column":105}}],"line":6},"1":{"loc":{"start":{"line":10,"column":37},"end":{"line":10,"column":105}},"type":"binary-expr","locations":[{"start":{"line":10,"column":37},"end":{"line":10,"column":65}},{"start":{"line":10,"column":69},"end":{"line":10,"column":90}},{"start":{"line":10,"column":94},"end":{"line":10,"column":105}}],"line":10},"2":{"loc":{"start":{"line":17,"column":45},"end":{"line":17,"column":113}},"type":"binary-expr","locations":[{"start":{"line":17,"column":45},"end":{"line":17,"column":73}},{"start":{"line":17,"column":77},"end":{"line":17,"column":98}},{"start":{"line":17,"column":102},"end":{"line":17,"column":113}}],"line":17}},"s":{"0":0,"1":0,"2":0,"3":0,"4":0,"5":0},"f":{"0":0,"1":0,"2":0,"3":0},"b":{"0":[0,0,0],"1":[0,0,0],"2":[0,0,0]}}
,"/Users/zubrahmsemo/Desktop/ALX_REACT/0x08.React_Connectors_Providers/task_5/alx_dashboard/src/Header/Header.jsx": {"path":"/Users/zubrahmsemo/Desktop/ALX_REACT/0x08.React_Connectors_Providers/task_5/alx_dashboard/src/Header/Header.jsx","statementMap":{"0":{"start":{"line":7,"column":15},"end":{"line":54,"column":2}},"1":{"start":{"line":58,"column":33},"end":{"line":58,"column":43}},"2":{"start":{"line":60,"column":8},"end":{"line":80,"column":10}},"3":{"start":{"line":84,"column":24},"end":{"line":88,"column":1}},"4":{"start":{"line":85,"column":4},"end":{"line":87,"column":6}}},"fnMap":{"0":{"name":"(anonymous_0)","decl":{"start":{"line":57,"column":4},"end":{"line":57,"column":5}},"loc":{"start":{"line":57,"column":13},"end":{"line":81,"column":5}},"line":57},"1":{"name":"(anonymous_1)","decl":{"start":{"line":84,"column":24},"end":{"line":84,"column":25}},"loc":{"start":{"line":84,"column":35},"end":{"line":88,"column":1}},"line":84}},"branchMap":{"0":{"loc":{"start":{"line":66,"column":17},"end":{"line":78,"column":17}},"type":"binary-expr","locations":[{"start":{"line":66,"column":17},"end":{"line":66,"column":32}},{"start":{"line":67,"column":20},"end":{"line":77,"column":26}}],"line":66}},"s":{"0":0,"1":0,"2":0,"3":0,"4":0},"f":{"0":0,"1":0},"b":{"0":[0,0]}}
,"/Users/zubrahmsemo/Desktop/ALX_REACT/0x08.React_Connectors_Providers/task_5/alx_dashboard/src/Login/Login.jsx": {"path":"/Users/zubrahmsemo/Desktop/ALX_REACT/0x08.React_Connectors_Providers/task_5/alx_dashboard/src/Login/Login.jsx","statementMap":{"0":{"start":{"line":7,"column":15},"end":{"line":142,"column":2}},"1":{"start":{"line":146,"column":8},"end":{"line":146,"column":21}},"2":{"start":{"line":147,"column":8},"end":{"line":152,"column":10}},"3":{"start":{"line":157,"column":24},"end":{"line":167,"column":5}},"4":{"start":{"line":158,"column":8},"end":{"line":158,"column":27}},"5":{"start":{"line":161,"column":36},"end":{"line":161,"column":46}},"6":{"start":{"line":162,"column":8},"end":{"line":162,"column":42}},"7":{"start":{"line":169,"column":24},"end":{"line":181,"column":5}},"8":{"start":{"line":170,"column":8},"end":{"line":180,"column":11}},"9":{"start":{"line":171,"column":12},"end":{"line":179,"column":13}},"10":{"start":{"line":172,"column":16},"end":{"line":172,"column":54}},"11":{"start":{"line":176,"column":16},"end":{"line":176,"column":55}},"12":{"start":{"line":183,"column":27},"end":{"line":195,"column":5}},"13":{"start":{"line":184,"column":8},"end":{"line":194,"column":11}},"14":{"start":{"line":185,"column":12},"end":{"line":193,"column":13}},"15":{"start":{"line":186,"column":16},"end":{"line":186,"column":54}},"16":{"start":{"line":190,"column":16},"end":{"line":190,"column":55}},"17":{"start":{"line":199,"column":33},"end":{"line":199,"column":43}},"18":{"start":{"line":201,"column":8},"end":{"line":240,"column":10}}},"fnMap":{"0":{"name":"(anonymous_0)","decl":{"start":{"line":145,"column":4},"end":{"line":145,"column":5}},"loc":{"start":{"line":145,"column":23},"end":{"line":153,"column":5}},"line":145},"1":{"name":"(anonymous_1)","decl":{"start":{"line":157,"column":24},"end":{"line":157,"column":25}},"loc":{"start":{"line":157,"column":31},"end":{"line":167,"column":5}},"line":157},"2":{"name":"(anonymous_2)","decl":{"start":{"line":169,"column":24},"end":{"line":169,"column":25}},"loc":{"start":{"line":169,"column":31},"end":{"line":181,"column":5}},"line":169},"3":{"name":"(anonymous_3)","decl":{"start":{"line":170,"column":49},"end":{"line":170,"column":50}},"loc":{"start":{"line":170,"column":55},"end":{"line":180,"column":9}},"line":170},"4":{"name":"(anonymous_4)","decl":{"start":{"line":183,"column":27},"end":{"line":183,"column":28}},"loc":{"start":{"line":183,"column":34},"end":{"line":195,"column":5}},"line":183},"5":{"name":"(anonymous_5)","decl":{"start":{"line":184,"column":52},"end":{"line":184,"column":53}},"loc":{"start":{"line":184,"column":58},"end":{"line":194,"column":9}},"line":184},"6":{"name":"(anonymous_6)","decl":{"start":{"line":197,"column":4},"end":{"line":197,"column":5}},"loc":{"start":{"line":197,"column":13},"end":{"line":241,"column":5}},"line":197}},"branchMap":{"0":{"loc":{"start":{"line":171,"column":12},"end":{"line":179,"column":13}},"type":"if","locations":[{"start":{"line":171,"column":12},"end":{"line":179,"column":13}},{"start":{"line":175,"column":19},"end":{"line":179,"column":13}}],"line":171},"1":{"loc":{"start":{"line":171,"column":16},"end":{"line":171,"column":69}},"type":"binary-expr","locations":[{"start":{"line":171,"column":16},"end":{"line":171,"column":39}},{"start":{"line":171,"column":43},"end":{"line":171,"column":69}}],"line":171},"2":{"loc":{"start":{"line":185,"column":12},"end":{"line":193,"column":13}},"type":"if","locations":[{"start":{"line":185,"column":12},"end":{"line":193,"column":13}},{"start":{"line":189,"column":19},"end":{"line":193,"column":13}}],"line":185},"3":{"loc":{"start":{"line":185,"column":16},"end":{"line":185,"column":69}},"type":"binary-expr","locations":[{"start":{"line":185,"column":16},"end":{"line":185,"column":39}},{"start":{"line":185,"column":43},"end":{"line":185,"column":69}}],"line":185}},"s":{"0":1,"1":3,"2":3,"3":3,"4":1,"5":1,"6":1,"7":3,"8":2,"9":2,"10":0,"11":2,"12":3,"13":2,"14":2,"15":2,"16":0,"17":11,"18":11},"f":{"0":3,"1":1,"2":2,"3":2,"4":2,"5":2,"6":11},"b":{"0":[0,2],"1":[2,2],"2":[2,0],"3":[2,2]},"_coverageSchema":"1a1c01bbd47fc00a2c39e90264f33305004495a9","hash":"66e629a0e2f87ca5028644e5fb17687da02b695e"}
,"/Users/zubrahmsemo/Desktop/ALX_REACT/0x08.React_Connectors_Providers/task_5/alx_dashboard/src/Notifications/NotificationItem.jsx": {"path":"/Users/zubrahmsemo/Desktop/ALX_REACT/0x08.React_Connectors_Providers/task_5/alx_dashboard/src/Notifications/NotificationItem.jsx","statementMap":{"0":{"start":{"line":5,"column":15},"end":{"line":12,"column":2}},"1":{"start":{"line":15,"column":24},"end":{"line":17,"column":5}},"2":{"start":{"line":16,"column":8},"end":{"line":16,"column":23}},"3":{"start":{"line":19,"column":30},"end":{"line":19,"column":81}},"4":{"start":{"line":21,"column":4},"end":{"line":25,"column":6}},"5":{"start":{"line":28,"column":0},"end":{"line":36,"column":2}}},"fnMap":{"0":{"name":"NotificationItem","decl":{"start":{"line":14,"column":9},"end":{"line":14,"column":25}},"loc":{"start":{"line":14,"column":65},"end":{"line":26,"column":1}},"line":14},"1":{"name":"(anonymous_1)","decl":{"start":{"line":15,"column":24},"end":{"line":15,"column":25}},"loc":{"start":{"line":15,"column":30},"end":{"line":17,"column":5}},"line":15}},"branchMap":{"0":{"loc":{"start":{"line":19,"column":30},"end":{"line":19,"column":81}},"type":"cond-expr","locations":[{"start":{"line":19,"column":51},"end":{"line":19,"column":65}},{"start":{"line":19,"column":68},"end":{"line":19,"column":81}}],"line":19},"1":{"loc":{"start":{"line":23,"column":13},"end":{"line":23,"column":66}},"type":"cond-expr","locations":[{"start":{"line":23,"column":20},"end":{"line":23,"column":58}},{"start":{"line":23,"column":61},"end":{"line":23,"column":66}}],"line":23}},"s":{"0":2,"1":13,"2":2,"3":13,"4":13,"5":2},"f":{"0":13,"1":2},"b":{"0":[9,4],"1":[1,12]},"_coverageSchema":"1a1c01bbd47fc00a2c39e90264f33305004495a9","hash":"df7b478855bc7c1ecbdbf9e55915e7a81d451a71"}
,"/Users/zubrahmsemo/Desktop/ALX_REACT/0x08.React_Connectors_Providers/task_5/alx_dashboard/src/Notifications/Notifications.jsx": {"path":"/Users/zubrahmsemo/Desktop/ALX_REACT/0x08.React_Connectors_Providers/task_5/alx_dashboard/src/Notifications/Notifications.jsx","statementMap":{"0":{"start":{"line":6,"column":15},"end":{"line":76,"column":2}},"1":{"start":{"line":80,"column":8},"end":{"line":80,"column":21}},"2":{"start":{"line":81,"column":8},"end":{"line":83,"column":10}},"3":{"start":{"line":84,"column":8},"end":{"line":84,"column":71}},"4":{"start":{"line":90,"column":8},"end":{"line":92,"column":12}},"5":{"start":{"line":90,"column":38},"end":{"line":92,"column":9}},"6":{"start":{"line":96,"column":94},"end":{"line":96,"column":104}},"7":{"start":{"line":97,"column":33},"end":{"line":97,"column":43}},"8":{"start":{"line":99,"column":8},"end":{"line":144,"column":10}},"9":{"start":{"line":105,"column":24},"end":{"line":110,"column":25}},"10":{"start":{"line":106,"column":28},"end":{"line":106,"column":73}},"11":{"start":{"line":107,"column":28},"end":{"line":107,"column":50}},"12":{"start":{"line":109,"column":28},"end":{"line":109,"column":50}},"13":{"start":{"line":127,"column":32},"end":{"line":134,"column":34}}},"fnMap":{"0":{"name":"(anonymous_0)","decl":{"start":{"line":79,"column":4},"end":{"line":79,"column":5}},"loc":{"start":{"line":79,"column":23},"end":{"line":85,"column":5}},"line":79},"1":{"name":"(anonymous_1)","decl":{"start":{"line":89,"column":4},"end":{"line":89,"column":5}},"loc":{"start":{"line":89,"column":26},"end":{"line":93,"column":5}},"line":89},"2":{"name":"(anonymous_2)","decl":{"start":{"line":90,"column":22},"end":{"line":90,"column":23}},"loc":{"start":{"line":90,"column":38},"end":{"line":92,"column":9}},"line":90},"3":{"name":"(anonymous_3)","decl":{"start":{"line":95,"column":4},"end":{"line":95,"column":5}},"loc":{"start":{"line":95,"column":13},"end":{"line":145,"column":5}},"line":95},"4":{"name":"(anonymous_4)","decl":{"start":{"line":104,"column":29},"end":{"line":104,"column":30}},"loc":{"start":{"line":104,"column":35},"end":{"line":111,"column":21}},"line":104},"5":{"name":"(anonymous_5)","decl":{"start":{"line":126,"column":46},"end":{"line":126,"column":47}},"loc":{"start":{"line":127,"column":32},"end":{"line":134,"column":34}},"line":127}},"branchMap":{"0":{"loc":{"start":{"line":105,"column":24},"end":{"line":110,"column":25}},"type":"if","locations":[{"start":{"line":105,"column":24},"end":{"line":110,"column":25}},{"start":{"line":108,"column":31},"end":{"line":110,"column":25}}],"line":105},"1":{"loc":{"start":{"line":119,"column":17},"end":{"line":142,"column":17}},"type":"cond-expr","locations":[{"start":{"line":120,"column":20},"end":{"line":137,"column":25}},{"start":{"line":139,"column":20},"end":{"line":141,"column":24}}],"line":119},"2":{"loc":{"start":{"line":120,"column":42},"end":{"line":120,"column":73}},"type":"cond-expr","locations":[{"start":{"line":120,"column":57},"end":{"line":120,"column":64}},{"start":{"line":120,"column":67},"end":{"line":120,"column":73}}],"line":120},"3":{"loc":{"start":{"line":121,"column":25},"end":{"line":136,"column":25}},"type":"cond-expr","locations":[{"start":{"line":122,"column":28},"end":{"line":124,"column":32}},{"start":{"line":126,"column":28},"end":{"line":135,"column":30}}],"line":121}},"s":{"0":1,"1":5,"2":5,"3":5,"4":0,"5":0,"6":5,"7":5,"8":5,"9":1,"10":1,"11":1,"12":0,"13":9},"f":{"0":5,"1":0,"2":0,"3":5,"4":1,"5":9},"b":{"0":[1,0],"1":[4,1],"2":[4,0],"3":[1,3]},"_coverageSchema":"1a1c01bbd47fc00a2c39e90264f33305004495a9","hash":"36736e03806a51aaa929b23ec782bc173edb20f3"}
,"/Users/zubrahmsemo/Desktop/ALX_REACT/0x08.React_Connectors_Providers/task_5/alx_dashboard/src/actions/courseActionCreators.jsx": {"path":"/Users/zubrahmsemo/Desktop/ALX_REACT/0x08.React_Connectors_Providers/task_5/alx_dashboard/src/actions/courseActionCreators.jsx","statementMap":{"0":{"start":{"line":5,"column":28},"end":{"line":8,"column":2}},"1":{"start":{"line":5,"column":40},"end":{"line":8,"column":1}},"2":{"start":{"line":10,"column":30},"end":{"line":13,"column":2}},"3":{"start":{"line":10,"column":42},"end":{"line":13,"column":1}},"4":{"start":{"line":15,"column":34},"end":{"line":18,"column":2}},"5":{"start":{"line":15,"column":45},"end":{"line":18,"column":1}},"6":{"start":{"line":23,"column":34},"end":{"line":23,"column":66}},"7":{"start":{"line":24,"column":35},"end":{"line":24,"column":69}},"8":{"start":{"line":25,"column":39},"end":{"line":25,"column":77}}},"fnMap":{"0":{"name":"(anonymous_0)","decl":{"start":{"line":5,"column":28},"end":{"line":5,"column":29}},"loc":{"start":{"line":5,"column":40},"end":{"line":8,"column":1}},"line":5},"1":{"name":"(anonymous_1)","decl":{"start":{"line":10,"column":30},"end":{"line":10,"column":31}},"loc":{"start":{"line":10,"column":42},"end":{"line":13,"column":1}},"line":10},"2":{"name":"(anonymous_2)","decl":{"start":{"line":15,"column":34},"end":{"line":15,"column":35}},"loc":{"start":{"line":15,"column":45},"end":{"line":18,"column":1}},"line":15}},"branchMap":{},"s":{"0":1,"1":1,"2":1,"3":1,"4":1,"5":0,"6":1,"7":1,"8":1},"f":{"0":1,"1":1,"2":0},"b":{},"_coverageSchema":"1a1c01bbd47fc00a2c39e90264f33305004495a9","hash":"1fbee4f098772f8c1f64a92aa6cbae7ba674d1b8"}
,"/Users/zubrahmsemo/Desktop/ALX_REACT/0x08.React_Connectors_Providers/task_5/alx_dashboard/src/actions/courseActionTypes.jsx": {"path":"/Users/zubrahmsemo/Desktop/ALX_REACT/0x08.React_Connectors_Providers/task_5/alx_dashboard/src/actions/courseActionTypes.jsx","statementMap":{"0":{"start":{"line":2,"column":29},"end":{"line":2,"column":44}},"1":{"start":{"line":3,"column":31},"end":{"line":3,"column":48}},"2":{"start":{"line":4,"column":36},"end":{"line":4,"column":58}}},"fnMap":{},"branchMap":{},"s":{"0":2,"1":2,"2":2},"f":{},"b":{},"_coverageSchema":"1a1c01bbd47fc00a2c39e90264f33305004495a9","hash":"e993e5abb90127af624697ca0d1f8f69a3dd9497"}
,"/Users/zubrahmsemo/Desktop/ALX_REACT/0x08.React_Connectors_Providers/task_5/alx_dashboard/src/actions/notificationActionCreators.jsx": {"path":"/Users/zubrahmsemo/Desktop/ALX_REACT/0x08.React_Connectors_Providers/task_5/alx_dashboard/src/actions/notificationActionCreators.jsx","statementMap":{"0":{"start":{"line":5,"column":26},"end":{"line":8,"column":2}},"1":{"start":{"line":5,"column":38},"end":{"line":8,"column":1}},"2":{"start":{"line":10,"column":37},"end":{"line":13,"column":2}},"3":{"start":{"line":10,"column":50},"end":{"line":13,"column":1}},"4":{"start":{"line":15,"column":41},"end":{"line":18,"column":2}},"5":{"start":{"line":15,"column":52},"end":{"line":18,"column":1}},"6":{"start":{"line":20,"column":31},"end":{"line":20,"column":61}},"7":{"start":{"line":21,"column":42},"end":{"line":21,"column":83}}},"fnMap":{"0":{"name":"(anonymous_0)","decl":{"start":{"line":5,"column":26},"end":{"line":5,"column":27}},"loc":{"start":{"line":5,"column":38},"end":{"line":8,"column":1}},"line":5},"1":{"name":"(anonymous_1)","decl":{"start":{"line":10,"column":37},"end":{"line":10,"column":38}},"loc":{"start":{"line":10,"column":50},"end":{"line":13,"column":1}},"line":10},"2":{"name":"(anonymous_2)","decl":{"start":{"line":15,"column":41},"end":{"line":15,"column":42}},"loc":{"start":{"line":15,"column":52},"end":{"line":18,"column":1}},"line":15}},"branchMap":{},"s":{"0":1,"1":1,"2":1,"3":2,"4":1,"5":0,"6":1,"7":1},"f":{"0":1,"1":2,"2":0},"b":{},"_coverageSchema":"1a1c01bbd47fc00a2c39e90264f33305004495a9","hash":"b4177ea3e8d7c6ca3c0f1c58879b13ba154ceb9b"}
,"/Users/zubrahmsemo/Desktop/ALX_REACT/0x08.React_Connectors_Providers/task_5/alx_dashboard/src/actions/notificationActionTypes.jsx": {"path":"/Users/zubrahmsemo/Desktop/ALX_REACT/0x08.React_Connectors_Providers/task_5/alx_dashboard/src/actions/notificationActionTypes.jsx","statementMap":{"0":{"start":{"line":3,"column":28},"end":{"line":3,"column":42}},"1":{"start":{"line":4,"column":31},"end":{"line":4,"column":48}},"2":{"start":{"line":5,"column":43},"end":{"line":5,"column":72}},"3":{"start":{"line":7,"column":39},"end":{"line":10,"column":1}}},"fnMap":{},"branchMap":{},"s":{"0":2,"1":2,"2":2,"3":2},"f":{},"b":{},"_coverageSchema":"1a1c01bbd47fc00a2c39e90264f33305004495a9","hash":"fbb532d76c5926d7fc5818ee611d6e08a734f44e"}
,"/Users/zubrahmsemo/Desktop/ALX_REACT/0x08.React_Connectors_Providers/task_5/alx_dashboard/src/actions/uiActionCreators.jsx": {"path":"/Users/zubrahmsemo/Desktop/ALX_REACT/0x08.React_Connectors_Providers/task_5/alx_dashboard/src/actions/uiActionCreators.jsx","statementMap":{"0":{"start":{"line":10,"column":21},"end":{"line":13,"column":2}},"1":{"start":{"line":10,"column":43},"end":{"line":13,"column":1}},"2":{"start":{"line":15,"column":22},"end":{"line":17,"column":2}},"3":{"start":{"line":15,"column":29},"end":{"line":17,"column":1}},"4":{"start":{"line":19,"column":41},"end":{"line":21,"column":2}},"5":{"start":{"line":19,"column":48},"end":{"line":21,"column":1}},"6":{"start":{"line":23,"column":38},"end":{"line":25,"column":2}},"7":{"start":{"line":23,"column":45},"end":{"line":25,"column":1}},"8":{"start":{"line":27,"column":28},"end":{"line":29,"column":2}},"9":{"start":{"line":27,"column":35},"end":{"line":29,"column":1}},"10":{"start":{"line":31,"column":28},"end":{"line":33,"column":2}},"11":{"start":{"line":31,"column":35},"end":{"line":33,"column":1}},"12":{"start":{"line":35,"column":28},"end":{"line":49,"column":1}},"13":{"start":{"line":36,"column":4},"end":{"line":48,"column":6}},"14":{"start":{"line":37,"column":8},"end":{"line":37,"column":41}},"15":{"start":{"line":38,"column":8},"end":{"line":47,"column":9}},"16":{"start":{"line":39,"column":29},"end":{"line":39,"column":73}},"17":{"start":{"line":40,"column":12},"end":{"line":44,"column":13}},"18":{"start":{"line":41,"column":16},"end":{"line":41,"column":41}},"19":{"start":{"line":43,"column":16},"end":{"line":43,"column":41}},"20":{"start":{"line":46,"column":12},"end":{"line":46,"column":37}},"21":{"start":{"line":51,"column":33},"end":{"line":55,"column":1}},"22":{"start":{"line":52,"column":4},"end":{"line":54,"column":6}},"23":{"start":{"line":53,"column":8},"end":{"line":53,"column":48}},"24":{"start":{"line":57,"column":33},"end":{"line":61,"column":1}},"25":{"start":{"line":58,"column":4},"end":{"line":60,"column":6}},"26":{"start":{"line":59,"column":8},"end":{"line":59,"column":33}},"27":{"start":{"line":63,"column":33},"end":{"line":67,"column":1}},"28":{"start":{"line":64,"column":4},"end":{"line":66,"column":6}},"29":{"start":{"line":65,"column":8},"end":{"line":65,"column":33}},"30":{"start":{"line":69,"column":46},"end":{"line":73,"column":1}},"31":{"start":{"line":70,"column":4},"end":{"line":72,"column":6}},"32":{"start":{"line":71,"column":8},"end":{"line":71,"column":46}},"33":{"start":{"line":75,"column":43},"end":{"line":79,"column":1}},"34":{"start":{"line":76,"column":4},"end":{"line":78,"column":6}},"35":{"start":{"line":77,"column":8},"end":{"line":77,"column":43}},"36":{"start":{"line":81,"column":26},"end":{"line":85,"column":1}},"37":{"start":{"line":82,"column":4},"end":{"line":84,"column":6}},"38":{"start":{"line":83,"column":8},"end":{"line":83,"column":41}},"39":{"start":{"line":87,"column":27},"end":{"line":91,"column":1}},"40":{"start":{"line":88,"column":4},"end":{"line":90,"column":6}},"41":{"start":{"line":89,"column":8},"end":{"line":89,"column":27}}},"fnMap":{"0":{"name":"(anonymous_0)","decl":{"start":{"line":10,"column":21},"end":{"line":10,"column":22}},"loc":{"start":{"line":10,"column":43},"end":{"line":13,"column":1}},"line":10},"1":{"name":"(anonymous_1)","decl":{"start":{"line":15,"column":22},"end":{"line":15,"column":23}},"loc":{"start":{"line":15,"column":29},"end":{"line":17,"column":1}},"line":15},"2":{"name":"(anonymous_2)","decl":{"start":{"line":19,"column":41},"end":{"line":19,"column":42}},"loc":{"start":{"line":19,"column":48},"end":{"line":21,"column":1}},"line":19},"3":{"name":"(anonymous_3)","decl":{"start":{"line":23,"column":38},"end":{"line":23,"column":39}},"loc":{"start":{"line":23,"column":45},"end":{"line":25,"column":1}},"line":23},"4":{"name":"(anonymous_4)","decl":{"start":{"line":27,"column":28},"end":{"line":27,"column":29}},"loc":{"start":{"line":27,"column":35},"end":{"line":29,"column":1}},"line":27},"5":{"name":"(anonymous_5)","decl":{"start":{"line":31,"column":28},"end":{"line":31,"column":29}},"loc":{"start":{"line":31,"column":35},"end":{"line":33,"column":1}},"line":31},"6":{"name":"(anonymous_6)","decl":{"start":{"line":35,"column":28},"end":{"line":35,"column":29}},"loc":{"start":{"line":35,"column":49},"end":{"line":49,"column":1}},"line":35},"7":{"name":"(anonymous_7)","decl":{"start":{"line":36,"column":11},"end":{"line":36,"column":12}},"loc":{"start":{"line":36,"column":31},"end":{"line":48,"column":5}},"line":36},"8":{"name":"(anonymous_8)","decl":{"start":{"line":51,"column":33},"end":{"line":51,"column":34}},"loc":{"start":{"line":51,"column":54},"end":{"line":55,"column":1}},"line":51},"9":{"name":"(anonymous_9)","decl":{"start":{"line":52,"column":11},"end":{"line":52,"column":12}},"loc":{"start":{"line":52,"column":25},"end":{"line":54,"column":5}},"line":52},"10":{"name":"(anonymous_10)","decl":{"start":{"line":57,"column":33},"end":{"line":57,"column":34}},"loc":{"start":{"line":57,"column":39},"end":{"line":61,"column":1}},"line":57},"11":{"name":"(anonymous_11)","decl":{"start":{"line":58,"column":11},"end":{"line":58,"column":12}},"loc":{"start":{"line":58,"column":25},"end":{"line":60,"column":5}},"line":58},"12":{"name":"(anonymous_12)","decl":{"start":{"line":63,"column":33},"end":{"line":63,"column":34}},"loc":{"start":{"line":63,"column":39},"end":{"line":67,"column":1}},"line":63},"13":{"name":"(anonymous_13)","decl":{"start":{"line":64,"column":11},"end":{"line":64,"column":12}},"loc":{"start":{"line":64,"column":25},"end":{"line":66,"column":5}},"line":64},"14":{"name":"(anonymous_14)","decl":{"start":{"line":69,"column":46},"end":{"line":69,"column":47}},"loc":{"start":{"line":69,"column":52},"end":{"line":73,"column":1}},"line":69},"15":{"name":"(anonymous_15)","decl":{"start":{"line":70,"column":11},"end":{"line":70,"column":12}},"loc":{"start":{"line":70,"column":25},"end":{"line":72,"column":5}},"line":70},"16":{"name":"(anonymous_16)","decl":{"start":{"line":75,"column":43},"end":{"line":75,"column":44}},"loc":{"start":{"line":75,"column":49},"end":{"line":79,"column":1}},"line":75},"17":{"name":"(anonymous_17)","decl":{"start":{"line":76,"column":11},"end":{"line":76,"column":12}},"loc":{"start":{"line":76,"column":25},"end":{"line":78,"column":5}},"line":76},"18":{"name":"(anonymous_18)","decl":{"start":{"line":81,"column":26},"end":{"line":81,"column":27}},"loc":{"start":{"line":81,"column":47},"end":{"line":85,"column":1}},"line":81},"19":{"name":"(anonymous_19)","decl":{"start":{"line":82,"column":11},"end":{"line":82,"column":12}},"loc":{"start":{"line":82,"column":25},"end":{"line":84,"column":5}},"line":82},"20":{"name":"(anonymous_20)","decl":{"start":{"line":87,"column":27},"end":{"line":87,"column":28}},"loc":{"start":{"line":87,"column":33},"end":{"line":91,"column":1}},"line":87},"21":{"name":"(anonymous_21)","decl":{"start":{"line":88,"column":11},"end":{"line":88,"column":12}},"loc":{"start":{"line":88,"column":25},"end":{"line":90,"column":5}},"line":88}},"branchMap":{"0":{"loc":{"start":{"line":40,"column":12},"end":{"line":44,"column":13}},"type":"if","locations":[{"start":{"line":40,"column":12},"end":{"line":44,"column":13}},{"start":{"line":42,"column":19},"end":{"line":44,"column":13}}],"line":40}},"s":{"0":1,"1":1,"2":1,"3":1,"4":1,"5":1,"6":1,"7":1,"8":1,"9":1,"10":1,"11":1,"12":1,"13":0,"14":0,"15":0,"16":0,"17":0,"18":0,"19":0,"20":0,"21":1,"22":0,"23":0,"24":1,"25":0,"26":0,"27":1,"28":0,"29":0,"30":1,"31":0,"32":0,"33":1,"34":0,"35":0,"36":1,"37":0,"38":0,"39":1,"40":0,"41":0},"f":{"0":1,"1":1,"2":1,"3":1,"4":1,"5":1,"6":0,"7":0,"8":0,"9":0,"10":0,"11":0,"12":0,"13":0,"14":0,"15":0,"16":0,"17":0,"18":0,"19":0,"20":0,"21":0},"b":{"0":[0,0]},"_coverageSchema":"1a1c01bbd47fc00a2c39e90264f33305004495a9","hash":"4df1916d0a23c50703fea31da0d09e00b95c04f8"}
,"/Users/zubrahmsemo/Desktop/ALX_REACT/0x08.React_Connectors_Providers/task_5/alx_dashboard/src/actions/uiActionTypes.jsx": {"path":"/Users/zubrahmsemo/Desktop/ALX_REACT/0x08.React_Connectors_Providers/task_5/alx_dashboard/src/actions/uiActionTypes.jsx","statementMap":{"0":{"start":{"line":1,"column":21},"end":{"line":1,"column":28}},"1":{"start":{"line":2,"column":22},"end":{"line":2,"column":30}},"2":{"start":{"line":3,"column":43},"end":{"line":3,"column":72}},"3":{"start":{"line":4,"column":40},"end":{"line":4,"column":66}},"4":{"start":{"line":7,"column":29},"end":{"line":7,"column":44}},"5":{"start":{"line":8,"column":29},"end":{"line":8,"column":44}}},"fnMap":{},"branchMap":{},"s":{"0":2,"1":2,"2":2,"3":2,"4":2,"5":2},"f":{},"b":{},"_coverageSchema":"1a1c01bbd47fc00a2c39e90264f33305004495a9","hash":"5ce8a79435824290560bcf35fb24d7798b83b9f4"}
,"/Users/zubrahmsemo/Desktop/ALX_REACT/0x08.React_Connectors_Providers/task_5/alx_dashboard/src/pages/Dashboard/Dashboard.jsx": {"path":"/Users/zubrahmsemo/Desktop/ALX_REACT/0x08.React_Connectors_Providers/task_5/alx_dashboard/src/pages/Dashboard/Dashboard.jsx","statementMap":{"0":{"start":{"line":26,"column":15},"end":{"line":175,"column":2}},"1":{"start":{"line":184,"column":8},"end":{"line":184,"column":21}},"2":{"start":{"line":185,"column":8},"end":{"line":185,"column":59}},"3":{"start":{"line":186,"column":8},"end":{"line":186,"column":77}},"4":{"start":{"line":190,"column":8},"end":{"line":219,"column":9}},"5":{"start":{"line":211,"column":16},"end":{"line":217,"column":20}},"6":{"start":{"line":211,"column":46},"end":{"line":217,"column":17}},"7":{"start":{"line":224,"column":23},"end":{"line":231,"column":5}},"8":{"start":{"line":234,"column":26},"end":{"line":237,"column":5}},"9":{"start":{"line":240,"column":8},"end":{"line":240,"column":65}},"10":{"start":{"line":244,"column":8},"end":{"line":244,"column":68}},"11":{"start":{"line":248,"column":33},"end":{"line":248,"column":38}},"12":{"start":{"line":249,"column":8},"end":{"line":252,"column":9}},"13":{"start":{"line":250,"column":12},"end":{"line":250,"column":37}},"14":{"start":{"line":255,"column":18},"end":{"line":259,"column":5}},"15":{"start":{"line":263,"column":37},"end":{"line":265,"column":9}},"16":{"start":{"line":264,"column":35},"end":{"line":264,"column":62}},"17":{"start":{"line":266,"column":8},"end":{"line":266,"column":67}},"18":{"start":{"line":272,"column":26},"end":{"line":287,"column":5}},"19":{"start":{"line":274,"column":70},"end":{"line":274,"column":80}},"20":{"start":{"line":275,"column":8},"end":{"line":285,"column":9}},"21":{"start":{"line":276,"column":12},"end":{"line":276,"column":37}},"22":{"start":{"line":277,"column":12},"end":{"line":279,"column":16}},"23":{"start":{"line":277,"column":42},"end":{"line":279,"column":13}},"24":{"start":{"line":281,"column":12},"end":{"line":281,"column":40}},"25":{"start":{"line":282,"column":12},"end":{"line":284,"column":16}},"26":{"start":{"line":282,"column":42},"end":{"line":284,"column":13}},"27":{"start":{"line":290,"column":12},"end":{"line":300,"column":5}},"28":{"start":{"line":293,"column":8},"end":{"line":299,"column":10}},"29":{"start":{"line":303,"column":13},"end":{"line":311,"column":5}},"30":{"start":{"line":304,"column":8},"end":{"line":310,"column":11}},"31":{"start":{"line":319,"column":38},"end":{"line":319,"column":61}},"32":{"start":{"line":320,"column":33},"end":{"line":320,"column":51}},"33":{"start":{"line":321,"column":78},"end":{"line":321,"column":88}},"34":{"start":{"line":322,"column":26},"end":{"line":322,"column":36}},"35":{"start":{"line":323,"column":27},"end":{"line":323,"column":39}},"36":{"start":{"line":328,"column":8},"end":{"line":395,"column":10}},"37":{"start":{"line":363,"column":51},"end":{"line":363,"column":64}},"38":{"start":{"line":369,"column":55},"end":{"line":369,"column":63}},"39":{"start":{"line":401,"column":31},"end":{"line":407,"column":1}},"40":{"start":{"line":402,"column":4},"end":{"line":406,"column":6}},"41":{"start":{"line":410,"column":34},"end":{"line":415,"column":1}}},"fnMap":{"0":{"name":"(anonymous_0)","decl":{"start":{"line":183,"column":4},"end":{"line":183,"column":5}},"loc":{"start":{"line":183,"column":23},"end":{"line":220,"column":5}},"line":183},"1":{"name":"(anonymous_1)","decl":{"start":{"line":210,"column":20},"end":{"line":210,"column":21}},"loc":{"start":{"line":210,"column":26},"end":{"line":218,"column":13}},"line":210},"2":{"name":"(anonymous_2)","decl":{"start":{"line":211,"column":30},"end":{"line":211,"column":31}},"loc":{"start":{"line":211,"column":46},"end":{"line":217,"column":17}},"line":211},"3":{"name":"(anonymous_3)","decl":{"start":{"line":239,"column":4},"end":{"line":239,"column":5}},"loc":{"start":{"line":239,"column":24},"end":{"line":241,"column":5}},"line":239},"4":{"name":"(anonymous_4)","decl":{"start":{"line":243,"column":4},"end":{"line":243,"column":5}},"loc":{"start":{"line":243,"column":27},"end":{"line":245,"column":5}},"line":243},"5":{"name":"(anonymous_5)","decl":{"start":{"line":247,"column":4},"end":{"line":247,"column":5}},"loc":{"start":{"line":247,"column":25},"end":{"line":253,"column":5}},"line":247},"6":{"name":"(anonymous_6)","decl":{"start":{"line":262,"column":4},"end":{"line":262,"column":5}},"loc":{"start":{"line":262,"column":31},"end":{"line":267,"column":5}},"line":262},"7":{"name":"(anonymous_7)","decl":{"start":{"line":264,"column":12},"end":{"line":264,"column":13}},"loc":{"start":{"line":264,"column":35},"end":{"line":264,"column":62}},"line":264},"8":{"name":"(anonymous_8)","decl":{"start":{"line":272,"column":26},"end":{"line":272,"column":27}},"loc":{"start":{"line":272,"column":32},"end":{"line":287,"column":5}},"line":272},"9":{"name":"(anonymous_9)","decl":{"start":{"line":277,"column":26},"end":{"line":277,"column":27}},"loc":{"start":{"line":277,"column":42},"end":{"line":279,"column":13}},"line":277},"10":{"name":"(anonymous_10)","decl":{"start":{"line":282,"column":26},"end":{"line":282,"column":27}},"loc":{"start":{"line":282,"column":42},"end":{"line":284,"column":13}},"line":282},"11":{"name":"(anonymous_11)","decl":{"start":{"line":290,"column":12},"end":{"line":290,"column":13}},"loc":{"start":{"line":290,"column":33},"end":{"line":300,"column":5}},"line":290},"12":{"name":"(anonymous_12)","decl":{"start":{"line":303,"column":13},"end":{"line":303,"column":14}},"loc":{"start":{"line":303,"column":19},"end":{"line":311,"column":5}},"line":303},"13":{"name":"(anonymous_13)","decl":{"start":{"line":317,"column":4},"end":{"line":317,"column":5}},"loc":{"start":{"line":317,"column":13},"end":{"line":397,"column":5}},"line":317},"14":{"name":"(anonymous_14)","decl":{"start":{"line":363,"column":45},"end":{"line":363,"column":46}},"loc":{"start":{"line":363,"column":51},"end":{"line":363,"column":64}},"line":363},"15":{"name":"(anonymous_15)","decl":{"start":{"line":369,"column":49},"end":{"line":369,"column":50}},"loc":{"start":{"line":369,"column":55},"end":{"line":369,"column":63}},"line":369},"16":{"name":"(anonymous_16)","decl":{"start":{"line":401,"column":31},"end":{"line":401,"column":32}},"loc":{"start":{"line":401,"column":42},"end":{"line":407,"column":1}},"line":401}},"branchMap":{"0":{"loc":{"start":{"line":249,"column":8},"end":{"line":252,"column":9}},"type":"if","locations":[{"start":{"line":249,"column":8},"end":{"line":252,"column":9}},{"start":{},"end":{}}],"line":249},"1":{"loc":{"start":{"line":249,"column":12},"end":{"line":249,"column":34}},"type":"binary-expr","locations":[{"start":{"line":249,"column":12},"end":{"line":249,"column":19}},{"start":{"line":249,"column":23},"end":{"line":249,"column":34}}],"line":249},"2":{"loc":{"start":{"line":275,"column":8},"end":{"line":285,"column":9}},"type":"if","locations":[{"start":{"line":275,"column":8},"end":{"line":285,"column":9}},{"start":{"line":280,"column":15},"end":{"line":285,"column":9}}],"line":275},"3":{"loc":{"start":{"line":349,"column":37},"end":{"line":353,"column":95}},"type":"binary-expr","locations":[{"start":{"line":349,"column":37},"end":{"line":349,"column":54}},{"start":{"line":349,"column":58},"end":{"line":353,"column":95}}],"line":349},"4":{"loc":{"start":{"line":360,"column":29},"end":{"line":374,"column":29}},"type":"binary-expr","locations":[{"start":{"line":360,"column":29},"end":{"line":360,"column":44}},{"start":{"line":361,"column":32},"end":{"line":373,"column":38}}],"line":360},"5":{"loc":{"start":{"line":377,"column":29},"end":{"line":383,"column":62}},"type":"cond-expr","locations":[{"start":{"line":378,"column":32},"end":{"line":380,"column":62}},{"start":{"line":381,"column":32},"end":{"line":383,"column":62}}],"line":377}},"s":{"0":0,"1":0,"2":0,"3":0,"4":0,"5":0,"6":0,"7":0,"8":0,"9":0,"10":0,"11":0,"12":0,"13":0,"14":0,"15":0,"16":0,"17":0,"18":0,"19":0,"20":0,"21":0,"22":0,"23":0,"24":0,"25":0,"26":0,"27":0,"28":0,"29":0,"30":0,"31":0,"32":0,"33":0,"34":0,"35":0,"36":0,"37":0,"38":0,"39":0,"40":0,"41":0},"f":{"0":0,"1":0,"2":0,"3":0,"4":0,"5":0,"6":0,"7":0,"8":0,"9":0,"10":0,"11":0,"12":0,"13":0,"14":0,"15":0,"16":0},"b":{"0":[0,0],"1":[0,0],"2":[0,0],"3":[0,0],"4":[0,0],"5":[0,0]}}
,"/Users/zubrahmsemo/Desktop/ALX_REACT/0x08.React_Connectors_Providers/task_5/alx_dashboard/src/pages/Dashboard/DashboardContext.jsx": {"path":"/Users/zubrahmsemo/Desktop/ALX_REACT/0x08.React_Connectors_Providers/task_5/alx_dashboard/src/pages/Dashboard/DashboardContext.jsx","statementMap":{"0":{"start":{"line":4,"column":20},"end":{"line":8,"column":1}},"1":{"start":{"line":11,"column":22},"end":{"line":11,"column":31}},"2":{"start":{"line":14,"column":25},"end":{"line":17,"column":2}}},"fnMap":{"0":{"name":"(anonymous_0)","decl":{"start":{"line":11,"column":22},"end":{"line":11,"column":23}},"loc":{"start":{"line":11,"column":28},"end":{"line":11,"column":31}},"line":11}},"branchMap":{},"s":{"0":0,"1":0,"2":0},"f":{"0":0},"b":{}}
,"/Users/zubrahmsemo/Desktop/ALX_REACT/0x08.React_Connectors_Providers/task_5/alx_dashboard/src/pages/Home/Home.jsx": {"path":"/Users/zubrahmsemo/Desktop/ALX_REACT/0x08.React_Connectors_Providers/task_5/alx_dashboard/src/pages/Home/Home.jsx","statementMap":{"0":{"start":{"line":10,"column":15},"end":{"line":198,"column":2}},"1":{"start":{"line":201,"column":21},"end":{"line":201,"column":34}},"2":{"start":{"line":202,"column":4},"end":{"line":245,"column":6}},"3":{"start":{"line":223,"column":42},"end":{"line":223,"column":64}}},"fnMap":{"0":{"name":"Home","decl":{"start":{"line":200,"column":9},"end":{"line":200,"column":13}},"loc":{"start":{"line":200,"column":16},"end":{"line":246,"column":1}},"line":200},"1":{"name":"(anonymous_1)","decl":{"start":{"line":223,"column":36},"end":{"line":223,"column":37}},"loc":{"start":{"line":223,"column":42},"end":{"line":223,"column":64}},"line":223}},"branchMap":{},"s":{"0":1,"1":6,"2":6,"3":1},"f":{"0":6,"1":1},"b":{},"_coverageSchema":"1a1c01bbd47fc00a2c39e90264f33305004495a9","hash":"f1c52253f04c542be49b740ee760daaf96c3b822"}
,"/Users/zubrahmsemo/Desktop/ALX_REACT/0x08.React_Connectors_Providers/task_5/alx_dashboard/src/reducers/courseReducer.jsx": {"path":"/Users/zubrahmsemo/Desktop/ALX_REACT/0x08.React_Connectors_Providers/task_5/alx_dashboard/src/reducers/courseReducer.jsx","statementMap":{"0":{"start":{"line":5,"column":21},"end":{"line":8,"column":2}},"1":{"start":{"line":10,"column":22},"end":{"line":22,"column":1}},"2":{"start":{"line":11,"column":4},"end":{"line":21,"column":5}},"3":{"start":{"line":13,"column":38},"end":{"line":13,"column":68}},"4":{"start":{"line":14,"column":12},"end":{"line":14,"column":65}},"5":{"start":{"line":16,"column":12},"end":{"line":16,"column":89}},"6":{"start":{"line":18,"column":12},"end":{"line":18,"column":90}},"7":{"start":{"line":20,"column":12},"end":{"line":20,"column":25}}},"fnMap":{"0":{"name":"(anonymous_0)","decl":{"start":{"line":10,"column":22},"end":{"line":10,"column":23}},"loc":{"start":{"line":10,"column":56},"end":{"line":22,"column":1}},"line":10}},"branchMap":{"0":{"loc":{"start":{"line":10,"column":23},"end":{"line":10,"column":43}},"type":"default-arg","locations":[{"start":{"line":10,"column":31},"end":{"line":10,"column":43}}],"line":10},"1":{"loc":{"start":{"line":11,"column":4},"end":{"line":21,"column":5}},"type":"switch","locations":[{"start":{"line":12,"column":8},"end":{"line":14,"column":65}},{"start":{"line":15,"column":8},"end":{"line":16,"column":89}},{"start":{"line":17,"column":8},"end":{"line":18,"column":90}},{"start":{"line":19,"column":8},"end":{"line":20,"column":25}}],"line":11}},"s":{"0":1,"1":1,"2":4,"3":1,"4":1,"5":1,"6":1,"7":1},"f":{"0":4},"b":{"0":[2],"1":[1,1,1,1]},"_coverageSchema":"1a1c01bbd47fc00a2c39e90264f33305004495a9","hash":"46a6656a84afa439cf45317854ded6d9f38e3762"}
,"/Users/zubrahmsemo/Desktop/ALX_REACT/0x08.React_Connectors_Providers/task_5/alx_dashboard/src/reducers/notificationReducer.jsx": {"path":"/Users/zubrahmsemo/Desktop/ALX_REACT/0x08.React_Connectors_Providers/task_5/alx_dashboard/src/reducers/notificationReducer.jsx","statementMap":{"0":{"start":{"line":8,"column":21},"end":{"line":11,"column":2}},"1":{"start":{"line":13,"column":28},"end":{"line":27,"column":1}},"2":{"start":{"line":14,"column":4},"end":{"line":26,"column":5}},"3":{"start":{"line":16,"column":12},"end":{"line":19,"column":20}},"4":{"start":{"line":17,"column":16},"end":{"line":17,"column":63}},"5":{"start":{"line":18,"column":16},"end":{"line":18,"column":27}},"6":{"start":{"line":21,"column":12},"end":{"line":21,"column":91}},"7":{"start":{"line":23,"column":12},"end":{"line":23,"column":54}},"8":{"start":{"line":25,"column":12},"end":{"line":25,"column":25}}},"fnMap":{"0":{"name":"(anonymous_0)","decl":{"start":{"line":13,"column":28},"end":{"line":13,"column":29}},"loc":{"start":{"line":13,"column":62},"end":{"line":27,"column":1}},"line":13},"1":{"name":"(anonymous_1)","decl":{"start":{"line":16,"column":71},"end":{"line":16,"column":72}},"loc":{"start":{"line":16,"column":94},"end":{"line":19,"column":13}},"line":16}},"branchMap":{"0":{"loc":{"start":{"line":13,"column":29},"end":{"line":13,"column":49}},"type":"default-arg","locations":[{"start":{"line":13,"column":37},"end":{"line":13,"column":49}}],"line":13},"1":{"loc":{"start":{"line":14,"column":4},"end":{"line":26,"column":5}},"type":"switch","locations":[{"start":{"line":15,"column":8},"end":{"line":19,"column":20}},{"start":{"line":20,"column":8},"end":{"line":21,"column":91}},{"start":{"line":22,"column":8},"end":{"line":23,"column":54}},{"start":{"line":24,"column":8},"end":{"line":25,"column":25}}],"line":14}},"s":{"0":1,"1":1,"2":4,"3":1,"4":3,"5":3,"6":1,"7":1,"8":1},"f":{"0":4,"1":3},"b":{"0":[2],"1":[1,1,1,1]},"_coverageSchema":"1a1c01bbd47fc00a2c39e90264f33305004495a9","hash":"f5f8ceecc8f87796cd5fd5d43e09b5c11596a22a"}
,"/Users/zubrahmsemo/Desktop/ALX_REACT/0x08.React_Connectors_Providers/task_5/alx_dashboard/src/reducers/uiReducer.jsx": {"path":"/Users/zubrahmsemo/Desktop/ALX_REACT/0x08.React_Connectors_Providers/task_5/alx_dashboard/src/reducers/uiReducer.jsx","statementMap":{"0":{"start":{"line":19,"column":21},"end":{"line":23,"column":2}},"1":{"start":{"line":30,"column":18},"end":{"line":44,"column":1}},"2":{"start":{"line":31,"column":4},"end":{"line":43,"column":5}},"3":{"start":{"line":33,"column":12},"end":{"line":33,"column":66}},"4":{"start":{"line":35,"column":12},"end":{"line":35,"column":67}},"5":{"start":{"line":37,"column":12},"end":{"line":37,"column":53}},"6":{"start":{"line":40,"column":12},"end":{"line":40,"column":54}},"7":{"start":{"line":42,"column":12},"end":{"line":42,"column":25}}},"fnMap":{"0":{"name":"(anonymous_0)","decl":{"start":{"line":30,"column":18},"end":{"line":30,"column":19}},"loc":{"start":{"line":30,"column":52},"end":{"line":44,"column":1}},"line":30}},"branchMap":{"0":{"loc":{"start":{"line":30,"column":19},"end":{"line":30,"column":39}},"type":"default-arg","locations":[{"start":{"line":30,"column":27},"end":{"line":30,"column":39}}],"line":30},"1":{"loc":{"start":{"line":31,"column":4},"end":{"line":43,"column":5}},"type":"switch","locations":[{"start":{"line":32,"column":8},"end":{"line":33,"column":66}},{"start":{"line":34,"column":8},"end":{"line":35,"column":67}},{"start":{"line":36,"column":8},"end":{"line":37,"column":53}},{"start":{"line":38,"column":8},"end":{"line":38,"column":27}},{"start":{"line":39,"column":8},"end":{"line":40,"column":54}},{"start":{"line":41,"column":8},"end":{"line":42,"column":25}}],"line":31}},"s":{"0":1,"1":1,"2":7,"3":1,"4":1,"5":1,"6":2,"7":2},"f":{"0":7},"b":{"0":[0],"1":[1,1,1,1,2,2]},"_coverageSchema":"1a1c01bbd47fc00a2c39e90264f33305004495a9","hash":"99582f811f5f0955070f275e87caef713a10a37b"}
,"/Users/zubrahmsemo/Desktop/ALX_REACT/0x08.React_Connectors_Providers/task_5/alx_dashboard/src/schema/courses.jsx": {"path":"/Users/zubrahmsemo/Desktop/ALX_REACT/0x08.React_Connectors_Providers/task_5/alx_dashboard/src/schema/courses.jsx","statementMap":{"0":{"start":{"line":3,"column":22},"end":{"line":3,"column":50}},"1":{"start":{"line":5,"column":33},"end":{"line":8,"column":1}},"2":{"start":{"line":6,"column":27},"end":{"line":6,"column":52}},"3":{"start":{"line":7,"column":4},"end":{"line":7,"column":43}}},"fnMap":{"0":{"name":"(anonymous_0)","decl":{"start":{"line":5,"column":33},"end":{"line":5,"column":34}},"loc":{"start":{"line":5,"column":43},"end":{"line":8,"column":1}},"line":5}},"branchMap":{},"s":{"0":2,"1":2,"2":1,"3":1},"f":{"0":1},"b":{},"_coverageSchema":"1a1c01bbd47fc00a2c39e90264f33305004495a9","hash":"e55f7b0219945a422b98588ea9e5cc8f2cf03958"}
,"/Users/zubrahmsemo/Desktop/ALX_REACT/0x08.React_Connectors_Providers/task_5/alx_dashboard/src/schema/notifications.jsx": {"path":"/Users/zubrahmsemo/Desktop/ALX_REACT/0x08.React_Connectors_Providers/task_5/alx_dashboard/src/schema/notifications.jsx","statementMap":{"0":{"start":{"line":5,"column":13},"end":{"line":5,"column":39}},"1":{"start":{"line":6,"column":16},"end":{"line":6,"column":45}},"2":{"start":{"line":7,"column":21},"end":{"line":10,"column":2}},"3":{"start":{"line":12,"column":28},"end":{"line":12,"column":42}},"4":{"start":{"line":14,"column":23},"end":{"line":14,"column":72}},"5":{"start":{"line":21,"column":28},"end":{"line":21,"column":86}},"6":{"start":{"line":22,"column":2},"end":{"line":22,"column":106}},"7":{"start":{"line":22,"column":51},"end":{"line":22,"column":104}},"8":{"start":{"line":27,"column":34},"end":{"line":29,"column":2}},"9":{"start":{"line":32,"column":39},"end":{"line":36,"column":1}},"10":{"start":{"line":33,"column":25},"end":{"line":33,"column":63}},"11":{"start":{"line":34,"column":2},"end":{"line":34,"column":33}}},"fnMap":{"0":{"name":"getAllNotificationsByUser","decl":{"start":{"line":20,"column":16},"end":{"line":20,"column":41}},"loc":{"start":{"line":20,"column":50},"end":{"line":23,"column":1}},"line":20},"1":{"name":"(anonymous_1)","decl":{"start":{"line":22,"column":31},"end":{"line":22,"column":32}},"loc":{"start":{"line":22,"column":51},"end":{"line":22,"column":104}},"line":22},"2":{"name":"(anonymous_2)","decl":{"start":{"line":32,"column":39},"end":{"line":32,"column":40}},"loc":{"start":{"line":32,"column":49},"end":{"line":36,"column":1}},"line":32}},"branchMap":{"0":{"loc":{"start":{"line":21,"column":28},"end":{"line":21,"column":86}},"type":"binary-expr","locations":[{"start":{"line":21,"column":28},"end":{"line":21,"column":80}},{"start":{"line":21,"column":84},"end":{"line":21,"column":86}}],"line":21}},"s":{"0":1,"1":1,"2":1,"3":1,"4":1,"5":0,"6":0,"7":0,"8":1,"9":1,"10":0,"11":0},"f":{"0":0,"1":0,"2":0},"b":{"0":[0,0]},"_coverageSchema":"1a1c01bbd47fc00a2c39e90264f33305004495a9","hash":"1d4c9d14a401dc0a446b71b2b6476eff066a28b0"}
,"/Users/zubrahmsemo/Desktop/ALX_REACT/0x08.React_Connectors_Providers/task_5/alx_dashboard/src/selectors/notificationSelector.jsx": {"path":"/Users/zubrahmsemo/Desktop/ALX_REACT/0x08.React_Connectors_Providers/task_5/alx_dashboard/src/selectors/notificationSelector.jsx","statementMap":{"0":{"start":{"line":3,"column":29},"end":{"line":3,"column":68}},"1":{"start":{"line":3,"column":40},"end":{"line":3,"column":68}},"2":{"start":{"line":5,"column":34},"end":{"line":8,"column":1}},"3":{"start":{"line":7,"column":27},"end":{"line":7,"column":79}},"4":{"start":{"line":10,"column":32},"end":{"line":13,"column":1}},"5":{"start":{"line":12,"column":27},"end":{"line":12,"column":86}},"6":{"start":{"line":15,"column":38},"end":{"line":18,"column":1}},"7":{"start":{"line":17,"column":23},"end":{"line":17,"column":107}},"8":{"start":{"line":17,"column":79},"end":{"line":17,"column":106}}},"fnMap":{"0":{"name":"(anonymous_0)","decl":{"start":{"line":3,"column":29},"end":{"line":3,"column":30}},"loc":{"start":{"line":3,"column":40},"end":{"line":3,"column":68}},"line":3},"1":{"name":"(anonymous_1)","decl":{"start":{"line":7,"column":4},"end":{"line":7,"column":5}},"loc":{"start":{"line":7,"column":27},"end":{"line":7,"column":79}},"line":7},"2":{"name":"(anonymous_2)","decl":{"start":{"line":12,"column":4},"end":{"line":12,"column":5}},"loc":{"start":{"line":12,"column":27},"end":{"line":12,"column":86}},"line":12},"3":{"name":"(anonymous_3)","decl":{"start":{"line":17,"column":4},"end":{"line":17,"column":5}},"loc":{"start":{"line":17,"column":23},"end":{"line":17,"column":107}},"line":17},"4":{"name":"(anonymous_4)","decl":{"start":{"line":17,"column":61},"end":{"line":17,"column":62}},"loc":{"start":{"line":17,"column":79},"end":{"line":17,"column":106}},"line":17}},"branchMap":{"0":{"loc":{"start":{"line":3,"column":40},"end":{"line":3,"column":68}},"type":"binary-expr","locations":[{"start":{"line":3,"column":40},"end":{"line":3,"column":45}},{"start":{"line":3,"column":49},"end":{"line":3,"column":68}}],"line":3},"1":{"loc":{"start":{"line":7,"column":27},"end":{"line":7,"column":79}},"type":"binary-expr","locations":[{"start":{"line":7,"column":27},"end":{"line":7,"column":44}},{"start":{"line":7,"column":48},"end":{"line":7,"column":79}}],"line":7},"2":{"loc":{"start":{"line":12,"column":27},"end":{"line":12,"column":86}},"type":"binary-expr","locations":[{"start":{"line":12,"column":27},"end":{"line":12,"column":44}},{"start":{"line":12,"column":48},"end":{"line":12,"column":86}}],"line":12},"3":{"loc":{"start":{"line":17,"column":23},"end":{"line":17,"column":107}},"type":"binary-expr","locations":[{"start":{"line":17,"column":23},"end":{"line":17,"column":36}},{"start":{"line":17,"column":40},"end":{"line":17,"column":107}}],"line":17}},"s":{"0":1,"1":2,"2":1,"3":1,"4":1,"5":1,"6":1,"7":1,"8":3},"f":{"0":2,"1":1,"2":1,"3":1,"4":3},"b":{"0":[2,2],"1":[1,1],"2":[1,1],"3":[1,1]},"_coverageSchema":"1a1c01bbd47fc00a2c39e90264f33305004495a9","hash":"c27fb17802135a2679cbc2be6f3b5db5daa106a6"}
}
