TN:
SF:src/App.jsx
FN:7,App
FNF:1
FNH:0
FNDA:0,App
DA:8,0
LF:1
LH:0
BRF:0
BRH:0
end_of_record
TN:
SF:src/fileMock.js
FNF:0
FNH:0
LF:0
LH:0
BRF:0
BRH:0
end_of_record
TN:
SF:src/main.jsx
FN:13,(anonymous_0)
FNF:1
FNH:0
FNDA:0,(anonymous_0)
DA:11,0
DA:14,0
DA:23,0
LF:3
LH:0
BRF:0
BRH:0
end_of_record
TN:
SF:src/utils.jsx
FN:2,getFullYear
FN:7,getFooterCopy
FN:12,getLatestNotification
FNF:3
FNH:3
FNDA:10,getFullYear
FNDA:11,getFooterCopy
FNDA:1,getLatestNotification
DA:3,10
DA:8,11
DA:13,1
LF:3
LH:3
BRDA:8,0,0,10
BRDA:8,0,1,1
BRF:2
BRH:2
end_of_record
TN:
SF:src/BodySection/BodySection.jsx
FN:13,(anonymous_0)
FNF:1
FNH:1
FNDA:4,(anonymous_0)
DA:6,2
DA:13,2
DA:14,4
LF:3
LH:3
BRF:0
BRH:0
end_of_record
TN:
SF:src/BodySection/BodySectionWithMarginBottom.jsx
FN:18,(anonymous_0)
FNF:1
FNH:1
FNDA:2,(anonymous_0)
DA:9,1
DA:18,1
DA:19,2
DA:20,2
DA:30,1
LF:5
LH:5
BRF:0
BRH:0
end_of_record
TN:
SF:src/CourseList/CourseList.jsx
FN:30,(anonymous_0)
FN:49,(anonymous_1)
FNF:2
FNH:2
FNDA:3,(anonymous_0)
FNDA:2,(anonymous_1)
DA:6,1
DA:30,1
DA:31,3
DA:50,2
DA:62,1
DA:72,1
LF:6
LH:6
BRDA:46,0,0,3
BRDA:46,0,1,2
BRF:2
BRH:2
end_of_record
TN:
SF:src/CourseList/CourseListRow.jsx
FN:31,(anonymous_0)
FN:34,(anonymous_1)
FNF:2
FNH:2
FNDA:15,(anonymous_0)
FNDA:2,(anonymous_1)
DA:5,2
DA:31,2
DA:32,15
DA:34,15
DA:35,2
DA:38,15
DA:60,15
DA:67,2
DA:73,2
LF:9
LH:9
BRDA:38,0,0,7
BRDA:38,0,1,8
BRDA:45,1,0,8
BRDA:45,1,1,1
BRDA:54,2,0,8
BRDA:54,2,1,1
BRDA:61,3,0,7
BRDA:61,3,1,8
BRF:8
BRH:8
end_of_record
TN:
SF:src/Footer/Footer.jsx
FN:73,(anonymous_0)
FN:74,(anonymous_1)
FN:97,(anonymous_2)
FNF:3
FNH:2
FNDA:3,(anonymous_0)
FNDA:0,(anonymous_1)
FNDA:3,(anonymous_2)
DA:7,1
DA:73,1
DA:74,3
DA:78,3
DA:91,1
DA:97,1
DA:98,3
LF:7
LH:7
BRDA:81,0,0,3
BRDA:81,0,1,2
BRF:2
BRH:2
end_of_record
TN:
SF:src/HOC/WithLogging.jsx
FN:3,(anonymous_0)
FN:5,(anonymous_1)
FN:9,(anonymous_2)
FN:13,(anonymous_3)
FNF:4
FNH:0
FNDA:0,(anonymous_0)
FNDA:0,(anonymous_1)
FNDA:0,(anonymous_2)
FNDA:0,(anonymous_3)
DA:3,0
DA:6,0
DA:10,0
DA:14,0
DA:17,0
DA:18,0
LF:6
LH:0
BRDA:6,0,0,0
BRDA:6,0,1,0
BRDA:6,0,2,0
BRDA:10,1,0,0
BRDA:10,1,1,0
BRDA:10,1,2,0
BRDA:17,2,0,0
BRDA:17,2,1,0
BRDA:17,2,2,0
BRF:9
BRH:0
end_of_record
TN:
SF:src/Header/Header.jsx
FN:57,(anonymous_0)
FN:84,(anonymous_1)
FNF:2
FNH:0
FNDA:0,(anonymous_0)
FNDA:0,(anonymous_1)
DA:7,0
DA:58,0
DA:60,0
DA:84,0
DA:85,0
LF:5
LH:0
BRDA:66,0,0,0
BRDA:66,0,1,0
BRF:2
BRH:0
end_of_record
TN:
SF:src/Login/Login.jsx
FN:145,(anonymous_0)
FN:157,(anonymous_1)
FN:169,(anonymous_2)
FN:170,(anonymous_3)
FN:183,(anonymous_4)
FN:184,(anonymous_5)
FN:197,(anonymous_6)
FNF:7
FNH:7
FNDA:3,(anonymous_0)
FNDA:1,(anonymous_1)
FNDA:2,(anonymous_2)
FNDA:2,(anonymous_3)
FNDA:2,(anonymous_4)
FNDA:2,(anonymous_5)
FNDA:11,(anonymous_6)
DA:7,1
DA:146,3
DA:147,3
DA:157,3
DA:158,1
DA:161,1
DA:162,1
DA:169,3
DA:170,2
DA:171,2
DA:172,0
DA:176,2
DA:183,3
DA:184,2
DA:185,2
DA:186,2
DA:190,0
DA:199,11
DA:201,11
LF:19
LH:17
BRDA:171,0,0,0
BRDA:171,0,1,2
BRDA:171,1,0,2
BRDA:171,1,1,2
BRDA:185,2,0,2
BRDA:185,2,1,0
BRDA:185,3,0,2
BRDA:185,3,1,2
BRF:8
BRH:6
end_of_record
TN:
SF:src/Notifications/NotificationItem.jsx
FN:14,NotificationItem
FN:15,(anonymous_1)
FNF:2
FNH:2
FNDA:13,NotificationItem
FNDA:2,(anonymous_1)
DA:5,2
DA:15,13
DA:16,2
DA:19,13
DA:21,13
DA:28,2
LF:6
LH:6
BRDA:19,0,0,9
BRDA:19,0,1,4
BRDA:23,1,0,1
BRDA:23,1,1,12
BRF:4
BRH:4
end_of_record
TN:
SF:src/Notifications/Notifications.jsx
FN:79,(anonymous_0)
FN:89,(anonymous_1)
FN:90,(anonymous_2)
FN:95,(anonymous_3)
FN:104,(anonymous_4)
FN:126,(anonymous_5)
FNF:6
FNH:4
FNDA:5,(anonymous_0)
FNDA:0,(anonymous_1)
FNDA:0,(anonymous_2)
FNDA:5,(anonymous_3)
FNDA:1,(anonymous_4)
FNDA:9,(anonymous_5)
DA:6,1
DA:80,5
DA:81,5
DA:84,5
DA:90,0
DA:96,5
DA:97,5
DA:99,5
DA:105,1
DA:106,1
DA:107,1
DA:109,0
DA:127,9
LF:13
LH:11
BRDA:105,0,0,1
BRDA:105,0,1,0
BRDA:119,1,0,4
BRDA:119,1,1,1
BRDA:120,2,0,4
BRDA:120,2,1,0
BRDA:121,3,0,1
BRDA:121,3,1,3
BRF:8
BRH:6
end_of_record
TN:
SF:src/actions/courseActionCreators.jsx
FN:5,(anonymous_0)
FN:10,(anonymous_1)
FN:15,(anonymous_2)
FNF:3
FNH:2
FNDA:1,(anonymous_0)
FNDA:1,(anonymous_1)
FNDA:0,(anonymous_2)
DA:5,1
DA:10,1
DA:15,1
DA:23,1
DA:24,1
DA:25,1
LF:6
LH:6
BRF:0
BRH:0
end_of_record
TN:
SF:src/actions/courseActionTypes.jsx
FNF:0
FNH:0
DA:2,2
DA:3,2
DA:4,2
LF:3
LH:3
BRF:0
BRH:0
end_of_record
TN:
SF:src/actions/notificationActionCreators.jsx
FN:5,(anonymous_0)
FN:10,(anonymous_1)
FN:15,(anonymous_2)
FNF:3
FNH:2
FNDA:1,(anonymous_0)
FNDA:2,(anonymous_1)
FNDA:0,(anonymous_2)
DA:5,1
DA:10,2
DA:15,1
DA:20,1
DA:21,1
LF:5
LH:5
BRF:0
BRH:0
end_of_record
TN:
SF:src/actions/notificationActionTypes.jsx
FNF:0
FNH:0
DA:3,2
DA:4,2
DA:5,2
DA:7,2
LF:4
LH:4
BRF:0
BRH:0
end_of_record
TN:
SF:src/actions/uiActionCreators.jsx
FN:10,(anonymous_0)
FN:15,(anonymous_1)
FN:19,(anonymous_2)
FN:23,(anonymous_3)
FN:27,(anonymous_4)
FN:31,(anonymous_5)
FN:35,(anonymous_6)
FN:36,(anonymous_7)
FN:51,(anonymous_8)
FN:52,(anonymous_9)
FN:57,(anonymous_10)
FN:58,(anonymous_11)
FN:63,(anonymous_12)
FN:64,(anonymous_13)
FN:69,(anonymous_14)
FN:70,(anonymous_15)
FN:75,(anonymous_16)
FN:76,(anonymous_17)
FN:81,(anonymous_18)
FN:82,(anonymous_19)
FN:87,(anonymous_20)
FN:88,(anonymous_21)
FNF:22
FNH:6
FNDA:1,(anonymous_0)
FNDA:1,(anonymous_1)
FNDA:1,(anonymous_2)
FNDA:1,(anonymous_3)
FNDA:1,(anonymous_4)
FNDA:1,(anonymous_5)
FNDA:0,(anonymous_6)
FNDA:0,(anonymous_7)
FNDA:0,(anonymous_8)
FNDA:0,(anonymous_9)
FNDA:0,(anonymous_10)
FNDA:0,(anonymous_11)
FNDA:0,(anonymous_12)
FNDA:0,(anonymous_13)
FNDA:0,(anonymous_14)
FNDA:0,(anonymous_15)
FNDA:0,(anonymous_16)
FNDA:0,(anonymous_17)
FNDA:0,(anonymous_18)
FNDA:0,(anonymous_19)
FNDA:0,(anonymous_20)
FNDA:0,(anonymous_21)
DA:10,1
DA:15,1
DA:19,1
DA:23,1
DA:27,1
DA:31,1
DA:35,1
DA:36,0
DA:37,0
DA:38,0
DA:39,0
DA:40,0
DA:41,0
DA:43,0
DA:46,0
DA:51,1
DA:52,0
DA:53,0
DA:57,1
DA:58,0
DA:59,0
DA:63,1
DA:64,0
DA:65,0
DA:69,1
DA:70,0
DA:71,0
DA:75,1
DA:76,0
DA:77,0
DA:81,1
DA:82,0
DA:83,0
DA:87,1
DA:88,0
DA:89,0
LF:36
LH:14
BRDA:40,0,0,0
BRDA:40,0,1,0
BRF:2
BRH:0
end_of_record
TN:
SF:src/actions/uiActionTypes.jsx
FNF:0
FNH:0
DA:1,2
DA:2,2
DA:3,2
DA:4,2
DA:7,2
DA:8,2
LF:6
LH:6
BRF:0
BRH:0
end_of_record
TN:
SF:src/pages/Dashboard/Dashboard.jsx
FN:183,(anonymous_0)
FN:210,(anonymous_1)
FN:211,(anonymous_2)
FN:239,(anonymous_3)
FN:243,(anonymous_4)
FN:247,(anonymous_5)
FN:262,(anonymous_6)
FN:264,(anonymous_7)
FN:272,(anonymous_8)
FN:277,(anonymous_9)
FN:282,(anonymous_10)
FN:290,(anonymous_11)
FN:303,(anonymous_12)
FN:317,(anonymous_13)
FN:363,(anonymous_14)
FN:369,(anonymous_15)
FN:401,(anonymous_16)
FNF:17
FNH:0
FNDA:0,(anonymous_0)
FNDA:0,(anonymous_1)
FNDA:0,(anonymous_2)
FNDA:0,(anonymous_3)
FNDA:0,(anonymous_4)
FNDA:0,(anonymous_5)
FNDA:0,(anonymous_6)
FNDA:0,(anonymous_7)
FNDA:0,(anonymous_8)
FNDA:0,(anonymous_9)
FNDA:0,(anonymous_10)
FNDA:0,(anonymous_11)
FNDA:0,(anonymous_12)
FNDA:0,(anonymous_13)
FNDA:0,(anonymous_14)
FNDA:0,(anonymous_15)
FNDA:0,(anonymous_16)
DA:26,0
DA:184,0
DA:185,0
DA:186,0
DA:190,0
DA:211,0
DA:224,0
DA:234,0
DA:240,0
DA:244,0
DA:248,0
DA:249,0
DA:250,0
DA:255,0
DA:263,0
DA:264,0
DA:266,0
DA:272,0
DA:274,0
DA:275,0
DA:276,0
DA:277,0
DA:281,0
DA:282,0
DA:290,0
DA:293,0
DA:303,0
DA:304,0
DA:319,0
DA:320,0
DA:321,0
DA:322,0
DA:323,0
DA:328,0
DA:363,0
DA:369,0
DA:401,0
DA:402,0
DA:410,0
LF:39
LH:0
BRDA:249,0,0,0
BRDA:249,0,1,0
BRDA:249,1,0,0
BRDA:249,1,1,0
BRDA:275,2,0,0
BRDA:275,2,1,0
BRDA:349,3,0,0
BRDA:349,3,1,0
BRDA:360,4,0,0
BRDA:360,4,1,0
BRDA:377,5,0,0
BRDA:377,5,1,0
BRF:12
BRH:0
end_of_record
TN:
SF:src/pages/Dashboard/DashboardContext.jsx
FN:11,(anonymous_0)
FNF:1
FNH:0
FNDA:0,(anonymous_0)
DA:4,0
DA:11,0
DA:14,0
LF:3
LH:0
BRF:0
BRH:0
end_of_record
TN:
SF:src/pages/Home/Home.jsx
FN:200,Home
FN:223,(anonymous_1)
FNF:2
FNH:2
FNDA:6,Home
FNDA:1,(anonymous_1)
DA:10,1
DA:201,6
DA:202,6
DA:223,1
LF:4
LH:4
BRF:0
BRH:0
end_of_record
TN:
SF:src/reducers/courseReducer.jsx
FN:10,(anonymous_0)
FNF:1
FNH:1
FNDA:4,(anonymous_0)
DA:5,1
DA:10,1
DA:11,4
DA:13,1
DA:14,1
DA:16,1
DA:18,1
DA:20,1
LF:8
LH:8
BRDA:10,0,0,2
BRDA:11,1,0,1
BRDA:11,1,1,1
BRDA:11,1,2,1
BRDA:11,1,3,1
BRF:5
BRH:5
end_of_record
TN:
SF:src/reducers/notificationReducer.jsx
FN:13,(anonymous_0)
FN:16,(anonymous_1)
FNF:2
FNH:2
FNDA:4,(anonymous_0)
FNDA:3,(anonymous_1)
DA:8,1
DA:13,1
DA:14,4
DA:16,1
DA:17,3
DA:18,3
DA:21,1
DA:23,1
DA:25,1
LF:9
LH:9
BRDA:13,0,0,2
BRDA:14,1,0,1
BRDA:14,1,1,1
BRDA:14,1,2,1
BRDA:14,1,3,1
BRF:5
BRH:5
end_of_record
TN:
SF:src/reducers/uiReducer.jsx
FN:30,(anonymous_0)
FNF:1
FNH:1
FNDA:7,(anonymous_0)
DA:19,1
DA:30,1
DA:31,7
DA:33,1
DA:35,1
DA:37,1
DA:40,2
DA:42,2
LF:8
LH:8
BRDA:30,0,0,0
BRDA:31,1,0,1
BRDA:31,1,1,1
BRDA:31,1,2,1
BRDA:31,1,3,1
BRDA:31,1,4,2
BRDA:31,1,5,2
BRF:7
BRH:6
end_of_record
TN:
SF:src/schema/courses.jsx
FN:5,(anonymous_0)
FNF:1
FNH:1
FNDA:1,(anonymous_0)
DA:3,2
DA:5,2
DA:6,1
DA:7,1
LF:4
LH:4
BRF:0
BRH:0
end_of_record
TN:
SF:src/schema/notifications.jsx
FN:20,getAllNotificationsByUser
FN:22,(anonymous_1)
FN:32,(anonymous_2)
FNF:3
FNH:0
FNDA:0,getAllNotificationsByUser
FNDA:0,(anonymous_1)
FNDA:0,(anonymous_2)
DA:5,1
DA:6,1
DA:7,1
DA:12,1
DA:14,1
DA:21,0
DA:22,0
DA:27,1
DA:32,1
DA:33,0
DA:34,0
LF:11
LH:7
BRDA:21,0,0,0
BRDA:21,0,1,0
BRF:2
BRH:0
end_of_record
TN:
SF:src/selectors/notificationSelector.jsx
FN:3,(anonymous_0)
FN:7,(anonymous_1)
FN:12,(anonymous_2)
FN:17,(anonymous_3)
FN:17,(anonymous_4)
FNF:5
FNH:5
FNDA:2,(anonymous_0)
FNDA:1,(anonymous_1)
FNDA:1,(anonymous_2)
FNDA:1,(anonymous_3)
FNDA:3,(anonymous_4)
DA:3,2
DA:5,1
DA:7,1
DA:10,1
DA:12,1
DA:15,1
DA:17,3
LF:7
LH:7
BRDA:3,0,0,2
BRDA:3,0,1,2
BRDA:7,1,0,1
BRDA:7,1,1,1
BRDA:12,2,0,1
BRDA:12,2,1,1
BRDA:17,3,0,1
BRDA:17,3,1,1
BRF:8
BRH:8
end_of_record
