{"/Users/zubrahmsemo/Desktop/ALX_REACT/0x03.Responsive_Design_React/task_0/alx_dashboard/src/App.jsx": {"path":"/Users/zubrahmsemo/Desktop/ALX_REACT/0x03.Responsive_Design_React/task_0/alx_dashboard/src/App.jsx","statementMap":{"0":{"start":{"line":8,"column":4},"end":{"line":15,"column":6}}},"fnMap":{"0":{"name":"App","decl":{"start":{"line":7,"column":24},"end":{"line":7,"column":27}},"loc":{"start":{"line":7,"column":30},"end":{"line":16,"column":1}},"line":7}},"branchMap":{},"s":{"0":0},"f":{"0":0},"b":{}}
,"/Users/zubrahmsemo/Desktop/ALX_REACT/0x03.Responsive_Design_React/task_0/alx_dashboard/src/Dashboard.jsx": {"path":"/Users/zubrahmsemo/Desktop/ALX_REACT/0x03.Responsive_Design_React/task_0/alx_dashboard/src/Dashboard.jsx","statementMap":{"0":{"start":{"line":16,"column":8},"end":{"line":16,"column":21}},"1":{"start":{"line":17,"column":8},"end":{"line":17,"column":59}},"2":{"start":{"line":20,"column":23},"end":{"line":24,"column":5}},"3":{"start":{"line":26,"column":26},"end":{"line":30,"column":5}},"4":{"start":{"line":33,"column":8},"end":{"line":33,"column":65}},"5":{"start":{"line":37,"column":8},"end":{"line":37,"column":68}},"6":{"start":{"line":41,"column":33},"end":{"line":41,"column":38}},"7":{"start":{"line":42,"column":8},"end":{"line":45,"column":9}},"8":{"start":{"line":43,"column":12},"end":{"line":43,"column":37}},"9":{"start":{"line":44,"column":12},"end":{"line":44,"column":32}},"10":{"start":{"line":47,"column":18},"end":{"line":51,"column":5}},"11":{"start":{"line":54,"column":46},"end":{"line":54,"column":56}},"12":{"start":{"line":55,"column":38},"end":{"line":55,"column":61}},"13":{"start":{"line":56,"column":33},"end":{"line":56,"column":51}},"14":{"start":{"line":57,"column":8},"end":{"line":93,"column":10}}},"fnMap":{"0":{"name":"(anonymous_0)","decl":{"start":{"line":15,"column":4},"end":{"line":15,"column":5}},"loc":{"start":{"line":15,"column":23},"end":{"line":18,"column":5}},"line":15},"1":{"name":"(anonymous_1)","decl":{"start":{"line":29,"column":16},"end":{"line":29,"column":17}},"loc":{"start":{"line":29,"column":22},"end":{"line":29,"column":25}},"line":29},"2":{"name":"(anonymous_2)","decl":{"start":{"line":32,"column":4},"end":{"line":32,"column":5}},"loc":{"start":{"line":32,"column":24},"end":{"line":34,"column":5}},"line":32},"3":{"name":"(anonymous_3)","decl":{"start":{"line":36,"column":4},"end":{"line":36,"column":5}},"loc":{"start":{"line":36,"column":27},"end":{"line":38,"column":5}},"line":36},"4":{"name":"(anonymous_4)","decl":{"start":{"line":40,"column":4},"end":{"line":40,"column":5}},"loc":{"start":{"line":40,"column":25},"end":{"line":46,"column":5}},"line":40},"5":{"name":"(anonymous_5)","decl":{"start":{"line":53,"column":4},"end":{"line":53,"column":5}},"loc":{"start":{"line":53,"column":13},"end":{"line":94,"column":5}},"line":53}},"branchMap":{"0":{"loc":{"start":{"line":42,"column":8},"end":{"line":45,"column":9}},"type":"if","locations":[{"start":{"line":42,"column":8},"end":{"line":45,"column":9}},{"start":{},"end":{}}],"line":42},"1":{"loc":{"start":{"line":42,"column":12},"end":{"line":42,"column":34}},"type":"binary-expr","locations":[{"start":{"line":42,"column":12},"end":{"line":42,"column":19}},{"start":{"line":42,"column":23},"end":{"line":42,"column":34}}],"line":42},"2":{"loc":{"start":{"line":76,"column":21},"end":{"line":82,"column":54}},"type":"cond-expr","locations":[{"start":{"line":77,"column":24},"end":{"line":79,"column":54}},{"start":{"line":80,"column":24},"end":{"line":82,"column":54}}],"line":76}},"s":{"0":0,"1":0,"2":0,"3":0,"4":0,"5":0,"6":0,"7":0,"8":0,"9":0,"10":0,"11":0,"12":0,"13":0,"14":0},"f":{"0":0,"1":0,"2":0,"3":0,"4":0,"5":0},"b":{"0":[0,0],"1":[0,0],"2":[0,0]}}
,"/Users/zubrahmsemo/Desktop/ALX_REACT/0x03.Responsive_Design_React/task_0/alx_dashboard/src/Home.jsx": {"path":"/Users/zubrahmsemo/Desktop/ALX_REACT/0x03.Responsive_Design_React/task_0/alx_dashboard/src/Home.jsx","statementMap":{"0":{"start":{"line":9,"column":21},"end":{"line":9,"column":34}},"1":{"start":{"line":10,"column":4},"end":{"line":58,"column":6}},"2":{"start":{"line":31,"column":42},"end":{"line":31,"column":64}}},"fnMap":{"0":{"name":"Home","decl":{"start":{"line":8,"column":9},"end":{"line":8,"column":13}},"loc":{"start":{"line":8,"column":16},"end":{"line":59,"column":1}},"line":8},"1":{"name":"(anonymous_1)","decl":{"start":{"line":31,"column":36},"end":{"line":31,"column":37}},"loc":{"start":{"line":31,"column":42},"end":{"line":31,"column":64}},"line":31}},"branchMap":{},"s":{"0":0,"1":0,"2":0},"f":{"0":0,"1":0},"b":{}}
,"/Users/zubrahmsemo/Desktop/ALX_REACT/0x03.Responsive_Design_React/task_0/alx_dashboard/src/fileMock.js": {"path":"/Users/zubrahmsemo/Desktop/ALX_REACT/0x03.Responsive_Design_React/task_0/alx_dashboard/src/fileMock.js","statementMap":{},"fnMap":{},"branchMap":{},"s":{},"f":{},"b":{},"_coverageSchema":"1a1c01bbd47fc00a2c39e90264f33305004495a9","hash":"d6b59ee4c6d83e25f91ab67c3352dee498d3673d"}
,"/Users/zubrahmsemo/Desktop/ALX_REACT/0x03.Responsive_Design_React/task_0/alx_dashboard/src/main.jsx": {"path":"/Users/zubrahmsemo/Desktop/ALX_REACT/0x03.Responsive_Design_React/task_0/alx_dashboard/src/main.jsx","statementMap":{"0":{"start":{"line":13,"column":0},"end":{"line":19,"column":1}}},"fnMap":{},"branchMap":{},"s":{"0":0},"f":{},"b":{}}
,"/Users/zubrahmsemo/Desktop/ALX_REACT/0x03.Responsive_Design_React/task_0/alx_dashboard/src/utils.jsx": {"path":"/Users/zubrahmsemo/Desktop/ALX_REACT/0x03.Responsive_Design_React/task_0/alx_dashboard/src/utils.jsx","statementMap":{"0":{"start":{"line":3,"column":2},"end":{"line":3,"column":34}},"1":{"start":{"line":8,"column":2},"end":{"line":8,"column":52}},"2":{"start":{"line":13,"column":2},"end":{"line":13,"column":65}}},"fnMap":{"0":{"name":"getFullYear","decl":{"start":{"line":2,"column":16},"end":{"line":2,"column":27}},"loc":{"start":{"line":2,"column":30},"end":{"line":4,"column":1}},"line":2},"1":{"name":"getFooterCopy","decl":{"start":{"line":7,"column":16},"end":{"line":7,"column":29}},"loc":{"start":{"line":7,"column":39},"end":{"line":9,"column":1}},"line":7},"2":{"name":"getLatestNotification","decl":{"start":{"line":12,"column":16},"end":{"line":12,"column":37}},"loc":{"start":{"line":12,"column":40},"end":{"line":14,"column":1}},"line":12}},"branchMap":{"0":{"loc":{"start":{"line":8,"column":9},"end":{"line":8,"column":51}},"type":"cond-expr","locations":[{"start":{"line":8,"column":19},"end":{"line":8,"column":28}},{"start":{"line":8,"column":31},"end":{"line":8,"column":51}}],"line":8}},"s":{"0":1,"1":2,"2":1},"f":{"0":1,"1":2,"2":1},"b":{"0":[1,1]},"_coverageSchema":"1a1c01bbd47fc00a2c39e90264f33305004495a9","hash":"5ce7e48d95518a64d009888f06daeaf0282ff517"}
,"/Users/zubrahmsemo/Desktop/ALX_REACT/0x03.Responsive_Design_React/task_0/alx_dashboard/src/BodySection/BodySection.jsx": {"path":"/Users/zubrahmsemo/Desktop/ALX_REACT/0x03.Responsive_Design_React/task_0/alx_dashboard/src/BodySection/BodySection.jsx","statementMap":{"0":{"start":{"line":4,"column":20},"end":{"line":11,"column":1}},"1":{"start":{"line":5,"column":4},"end":{"line":10,"column":6}}},"fnMap":{"0":{"name":"(anonymous_0)","decl":{"start":{"line":4,"column":20},"end":{"line":4,"column":21}},"loc":{"start":{"line":4,"column":45},"end":{"line":11,"column":1}},"line":4}},"branchMap":{},"s":{"0":1,"1":1},"f":{"0":1},"b":{},"_coverageSchema":"1a1c01bbd47fc00a2c39e90264f33305004495a9","hash":"21bd63addafa8fbee75b934aaef8f409a6ba86ed"}
,"/Users/zubrahmsemo/Desktop/ALX_REACT/0x03.Responsive_Design_React/task_0/alx_dashboard/src/BodySection/BodySectionWithMarginBottom.jsx": {"path":"/Users/zubrahmsemo/Desktop/ALX_REACT/0x03.Responsive_Design_React/task_0/alx_dashboard/src/BodySection/BodySectionWithMarginBottom.jsx","statementMap":{"0":{"start":{"line":6,"column":36},"end":{"line":15,"column":1}},"1":{"start":{"line":7,"column":32},"end":{"line":7,"column":37}},"2":{"start":{"line":8,"column":4},"end":{"line":14,"column":6}},"3":{"start":{"line":18,"column":0},"end":{"line":21,"column":2}}},"fnMap":{"0":{"name":"(anonymous_0)","decl":{"start":{"line":6,"column":36},"end":{"line":6,"column":37}},"loc":{"start":{"line":6,"column":47},"end":{"line":15,"column":1}},"line":6}},"branchMap":{},"s":{"0":0,"1":0,"2":0,"3":0},"f":{"0":0},"b":{}}
,"/Users/zubrahmsemo/Desktop/ALX_REACT/0x03.Responsive_Design_React/task_0/alx_dashboard/src/CourseList/CourseList.jsx": {"path":"/Users/zubrahmsemo/Desktop/ALX_REACT/0x03.Responsive_Design_React/task_0/alx_dashboard/src/CourseList/CourseList.jsx","statementMap":{"0":{"start":{"line":6,"column":19},"end":{"line":28,"column":1}},"1":{"start":{"line":7,"column":4},"end":{"line":27,"column":6}},"2":{"start":{"line":18,"column":20},"end":{"line":23,"column":22}},"3":{"start":{"line":30,"column":0},"end":{"line":38,"column":2}},"4":{"start":{"line":40,"column":0},"end":{"line":42,"column":2}}},"fnMap":{"0":{"name":"(anonymous_0)","decl":{"start":{"line":6,"column":19},"end":{"line":6,"column":20}},"loc":{"start":{"line":6,"column":40},"end":{"line":28,"column":1}},"line":6},"1":{"name":"(anonymous_1)","decl":{"start":{"line":17,"column":33},"end":{"line":17,"column":34}},"loc":{"start":{"line":18,"column":20},"end":{"line":23,"column":22}},"line":18}},"branchMap":{"0":{"loc":{"start":{"line":14,"column":17},"end":{"line":16,"column":17}},"type":"binary-expr","locations":[{"start":{"line":14,"column":17},"end":{"line":14,"column":41}},{"start":{"line":15,"column":20},"end":{"line":15,"column":94}}],"line":14}},"s":{"0":1,"1":1,"2":0,"3":1,"4":1},"f":{"0":1,"1":0},"b":{"0":[1,1]},"_coverageSchema":"1a1c01bbd47fc00a2c39e90264f33305004495a9","hash":"af13faef76e770b77294619c285dcf0128609d26"}
,"/Users/zubrahmsemo/Desktop/ALX_REACT/0x03.Responsive_Design_React/task_0/alx_dashboard/src/CourseList/CourseListRow.jsx": {"path":"/Users/zubrahmsemo/Desktop/ALX_REACT/0x03.Responsive_Design_React/task_0/alx_dashboard/src/CourseList/CourseListRow.jsx","statementMap":{"0":{"start":{"line":5,"column":22},"end":{"line":18,"column":1}},"1":{"start":{"line":6,"column":17},"end":{"line":15,"column":5}},"2":{"start":{"line":17,"column":4},"end":{"line":17,"column":121}},"3":{"start":{"line":20,"column":0},"end":{"line":24,"column":2}},"4":{"start":{"line":26,"column":0},"end":{"line":28,"column":2}}},"fnMap":{"0":{"name":"(anonymous_0)","decl":{"start":{"line":5,"column":22},"end":{"line":5,"column":23}},"loc":{"start":{"line":5,"column":71},"end":{"line":18,"column":1}},"line":5}},"branchMap":{"0":{"loc":{"start":{"line":6,"column":17},"end":{"line":15,"column":5}},"type":"cond-expr","locations":[{"start":{"line":7,"column":8},"end":{"line":9,"column":13}},{"start":{"line":11,"column":8},"end":{"line":14,"column":11}}],"line":6},"1":{"loc":{"start":{"line":17,"column":26},"end":{"line":17,"column":66}},"type":"cond-expr","locations":[{"start":{"line":17,"column":37},"end":{"line":17,"column":53}},{"start":{"line":17,"column":56},"end":{"line":17,"column":66}}],"line":17}},"s":{"0":2,"1":5,"2":5,"3":2,"4":2},"f":{"0":5},"b":{"0":[3,2],"1":[3,2]},"_coverageSchema":"1a1c01bbd47fc00a2c39e90264f33305004495a9","hash":"388dacb083ca33ea3313254809e94df8a39b12ab"}
,"/Users/zubrahmsemo/Desktop/ALX_REACT/0x03.Responsive_Design_React/task_0/alx_dashboard/src/Footer/Footer.jsx": {"path":"/Users/zubrahmsemo/Desktop/ALX_REACT/0x03.Responsive_Design_React/task_0/alx_dashboard/src/Footer/Footer.jsx","statementMap":{"0":{"start":{"line":5,"column":15},"end":{"line":15,"column":1}},"1":{"start":{"line":6,"column":4},"end":{"line":14,"column":5}}},"fnMap":{"0":{"name":"(anonymous_0)","decl":{"start":{"line":5,"column":15},"end":{"line":5,"column":16}},"loc":{"start":{"line":5,"column":21},"end":{"line":15,"column":1}},"line":5}},"branchMap":{},"s":{"0":1,"1":1},"f":{"0":1},"b":{},"_coverageSchema":"1a1c01bbd47fc00a2c39e90264f33305004495a9","hash":"9b2a55d9ff196ae06cc37c293ffb08e3d580e992"}
,"/Users/zubrahmsemo/Desktop/ALX_REACT/0x03.Responsive_Design_React/task_0/alx_dashboard/src/HOC/WithLogging.jsx": {"path":"/Users/zubrahmsemo/Desktop/ALX_REACT/0x03.Responsive_Design_React/task_0/alx_dashboard/src/HOC/WithLogging.jsx","statementMap":{"0":{"start":{"line":3,"column":20},"end":{"line":19,"column":1}},"1":{"start":{"line":6,"column":12},"end":{"line":6,"column":120}},"2":{"start":{"line":10,"column":12},"end":{"line":10,"column":129}},"3":{"start":{"line":14,"column":12},"end":{"line":14,"column":56}},"4":{"start":{"line":17,"column":4},"end":{"line":17,"column":117}},"5":{"start":{"line":18,"column":4},"end":{"line":18,"column":23}}},"fnMap":{"0":{"name":"(anonymous_0)","decl":{"start":{"line":3,"column":20},"end":{"line":3,"column":21}},"loc":{"start":{"line":3,"column":42},"end":{"line":19,"column":1}},"line":3},"1":{"name":"(anonymous_1)","decl":{"start":{"line":5,"column":8},"end":{"line":5,"column":9}},"loc":{"start":{"line":5,"column":28},"end":{"line":7,"column":9}},"line":5},"2":{"name":"(anonymous_2)","decl":{"start":{"line":9,"column":8},"end":{"line":9,"column":9}},"loc":{"start":{"line":9,"column":31},"end":{"line":11,"column":9}},"line":9},"3":{"name":"(anonymous_3)","decl":{"start":{"line":13,"column":8},"end":{"line":13,"column":9}},"loc":{"start":{"line":13,"column":17},"end":{"line":15,"column":9}},"line":13}},"branchMap":{"0":{"loc":{"start":{"line":6,"column":37},"end":{"line":6,"column":105}},"type":"binary-expr","locations":[{"start":{"line":6,"column":37},"end":{"line":6,"column":65}},{"start":{"line":6,"column":69},"end":{"line":6,"column":90}},{"start":{"line":6,"column":94},"end":{"line":6,"column":105}}],"line":6},"1":{"loc":{"start":{"line":10,"column":37},"end":{"line":10,"column":105}},"type":"binary-expr","locations":[{"start":{"line":10,"column":37},"end":{"line":10,"column":65}},{"start":{"line":10,"column":69},"end":{"line":10,"column":90}},{"start":{"line":10,"column":94},"end":{"line":10,"column":105}}],"line":10},"2":{"loc":{"start":{"line":17,"column":45},"end":{"line":17,"column":113}},"type":"binary-expr","locations":[{"start":{"line":17,"column":45},"end":{"line":17,"column":73}},{"start":{"line":17,"column":77},"end":{"line":17,"column":98}},{"start":{"line":17,"column":102},"end":{"line":17,"column":113}}],"line":17}},"s":{"0":0,"1":0,"2":0,"3":0,"4":0,"5":0},"f":{"0":0,"1":0,"2":0,"3":0},"b":{"0":[0,0,0],"1":[0,0,0],"2":[0,0,0]}}
,"/Users/zubrahmsemo/Desktop/ALX_REACT/0x03.Responsive_Design_React/task_0/alx_dashboard/src/Header/Header.jsx": {"path":"/Users/zubrahmsemo/Desktop/ALX_REACT/0x03.Responsive_Design_React/task_0/alx_dashboard/src/Header/Header.jsx","statementMap":{"0":{"start":{"line":5,"column":15},"end":{"line":15,"column":1}},"1":{"start":{"line":6,"column":4},"end":{"line":14,"column":5}}},"fnMap":{"0":{"name":"(anonymous_0)","decl":{"start":{"line":5,"column":15},"end":{"line":5,"column":16}},"loc":{"start":{"line":5,"column":21},"end":{"line":15,"column":1}},"line":5}},"branchMap":{},"s":{"0":1,"1":2},"f":{"0":2},"b":{},"_coverageSchema":"1a1c01bbd47fc00a2c39e90264f33305004495a9","hash":"1721c35e82d8679c9e2c7e5562cbc5320e453f77"}
,"/Users/zubrahmsemo/Desktop/ALX_REACT/0x03.Responsive_Design_React/task_0/alx_dashboard/src/Login/Login.jsx": {"path":"/Users/zubrahmsemo/Desktop/ALX_REACT/0x03.Responsive_Design_React/task_0/alx_dashboard/src/Login/Login.jsx","statementMap":{"0":{"start":{"line":5,"column":14},"end":{"line":67,"column":1}},"1":{"start":{"line":6,"column":21},"end":{"line":6,"column":34}},"2":{"start":{"line":8,"column":4},"end":{"line":66,"column":5}},"3":{"start":{"line":59,"column":39},"end":{"line":59,"column":61}}},"fnMap":{"0":{"name":"(anonymous_0)","decl":{"start":{"line":5,"column":14},"end":{"line":5,"column":15}},"loc":{"start":{"line":5,"column":20},"end":{"line":67,"column":1}},"line":5},"1":{"name":"(anonymous_1)","decl":{"start":{"line":59,"column":33},"end":{"line":59,"column":34}},"loc":{"start":{"line":59,"column":39},"end":{"line":59,"column":61}},"line":59}},"branchMap":{},"s":{"0":1,"1":3,"2":3,"3":1},"f":{"0":3,"1":1},"b":{},"_coverageSchema":"1a1c01bbd47fc00a2c39e90264f33305004495a9","hash":"b1af9e9eb44933dc1e12e0e31613185d6c4c6d5c"}
,"/Users/zubrahmsemo/Desktop/ALX_REACT/0x03.Responsive_Design_React/task_0/alx_dashboard/src/Notifications/NotificationItem.jsx": {"path":"/Users/zubrahmsemo/Desktop/ALX_REACT/0x03.Responsive_Design_React/task_0/alx_dashboard/src/Notifications/NotificationItem.jsx","statementMap":{"0":{"start":{"line":5,"column":18},"end":{"line":5,"column":53}},"1":{"start":{"line":7,"column":24},"end":{"line":9,"column":5}},"2":{"start":{"line":8,"column":8},"end":{"line":8,"column":23}},"3":{"start":{"line":11,"column":4},"end":{"line":15,"column":6}},"4":{"start":{"line":18,"column":0},"end":{"line":26,"column":2}}},"fnMap":{"0":{"name":"NotificationItem","decl":{"start":{"line":4,"column":9},"end":{"line":4,"column":25}},"loc":{"start":{"line":4,"column":65},"end":{"line":16,"column":1}},"line":4},"1":{"name":"(anonymous_1)","decl":{"start":{"line":7,"column":24},"end":{"line":7,"column":25}},"loc":{"start":{"line":7,"column":30},"end":{"line":9,"column":5}},"line":7}},"branchMap":{"0":{"loc":{"start":{"line":5,"column":18},"end":{"line":5,"column":53}},"type":"cond-expr","locations":[{"start":{"line":5,"column":39},"end":{"line":5,"column":45}},{"start":{"line":5,"column":48},"end":{"line":5,"column":53}}],"line":5},"1":{"loc":{"start":{"line":13,"column":13},"end":{"line":13,"column":66}},"type":"cond-expr","locations":[{"start":{"line":13,"column":20},"end":{"line":13,"column":58}},{"start":{"line":13,"column":61},"end":{"line":13,"column":66}}],"line":13}},"s":{"0":4,"1":4,"2":1,"3":4,"4":1},"f":{"0":4,"1":1},"b":{"0":[3,1],"1":[1,3]},"_coverageSchema":"1a1c01bbd47fc00a2c39e90264f33305004495a9","hash":"4c91b2d4e244abc62b32e2eaef7ccaa7092c24da"}
,"/Users/zubrahmsemo/Desktop/ALX_REACT/0x03.Responsive_Design_React/task_0/alx_dashboard/src/Notifications/Notifications.jsx": {"path":"/Users/zubrahmsemo/Desktop/ALX_REACT/0x03.Responsive_Design_React/task_0/alx_dashboard/src/Notifications/Notifications.jsx","statementMap":{"0":{"start":{"line":10,"column":28},"end":{"line":10,"column":109}},"1":{"start":{"line":14,"column":34},"end":{"line":14,"column":44}},"2":{"start":{"line":16,"column":8},"end":{"line":52,"column":10}},"3":{"start":{"line":30,"column":55},"end":{"line":30,"column":122}},"4":{"start":{"line":63,"column":38},"end":{"line":63,"column":35984}},"5":{"start":{"line":63,"column":42},"end":{"line":63,"column":35973}},"6":{"start":{"line":63,"column":36009},"end":{"line":63,"column":36049}},"7":{"start":{"line":63,"column":36013},"end":{"line":63,"column":36038}},"8":{"start":{"line":63,"column":36050},"end":{"line":63,"column":36058}},"9":{"start":{"line":63,"column":36083},"end":{"line":63,"column":36125}},"10":{"start":{"line":63,"column":36087},"end":{"line":63,"column":36114}},"11":{"start":{"line":63,"column":36126},"end":{"line":63,"column":36134}},"12":{"start":{"line":63,"column":36153},"end":{"line":63,"column":36190}},"13":{"start":{"line":63,"column":36157},"end":{"line":63,"column":36179}},"14":{"start":{"line":63,"column":36209},"end":{"line":63,"column":36249}},"15":{"start":{"line":63,"column":36213},"end":{"line":63,"column":36238}}},"fnMap":{"0":{"name":"(anonymous_0)","decl":{"start":{"line":9,"column":4},"end":{"line":9,"column":5}},"loc":{"start":{"line":9,"column":19},"end":{"line":11,"column":5}},"line":9},"1":{"name":"(anonymous_1)","decl":{"start":{"line":13,"column":4},"end":{"line":13,"column":5}},"loc":{"start":{"line":13,"column":13},"end":{"line":53,"column":5}},"line":13},"2":{"name":"(anonymous_2)","decl":{"start":{"line":30,"column":29},"end":{"line":30,"column":30}},"loc":{"start":{"line":30,"column":55},"end":{"line":30,"column":122}},"line":30},"3":{"name":"oo_cm","decl":{"start":{"line":63,"column":30},"end":{"line":63,"column":35}},"loc":{"start":{"line":63,"column":37},"end":{"line":63,"column":35985}},"line":63},"4":{"name":"oo_oo","decl":{"start":{"line":63,"column":35995},"end":{"line":63,"column":36000}},"loc":{"start":{"line":63,"column":36008},"end":{"line":63,"column":36059}},"line":63},"5":{"name":"oo_tr","decl":{"start":{"line":63,"column":36069},"end":{"line":63,"column":36074}},"loc":{"start":{"line":63,"column":36082},"end":{"line":63,"column":36135}},"line":63},"6":{"name":"oo_ts","decl":{"start":{"line":63,"column":36145},"end":{"line":63,"column":36150}},"loc":{"start":{"line":63,"column":36152},"end":{"line":63,"column":36191}},"line":63},"7":{"name":"oo_te","decl":{"start":{"line":63,"column":36201},"end":{"line":63,"column":36206}},"loc":{"start":{"line":63,"column":36208},"end":{"line":63,"column":36250}},"line":63}},"branchMap":{"0":{"loc":{"start":{"line":41,"column":17},"end":{"line":50,"column":17}},"type":"cond-expr","locations":[{"start":{"line":42,"column":20},"end":{"line":47,"column":25}},{"start":{"line":49,"column":20},"end":{"line":49,"column":48}}],"line":41},"1":{"loc":{"start":{"line":63,"column":49},"end":{"line":63,"column":35972}},"type":"binary-expr","locations":[{"start":{"line":63,"column":49},"end":{"line":63,"column":86}},{"start":{"line":63,"column":90},"end":{"line":63,"column":35972}}],"line":63}},"s":{"0":1,"1":2,"2":2,"3":0,"4":1,"5":1,"6":1,"7":1,"8":1,"9":0,"10":0,"11":0,"12":0,"13":0,"14":0,"15":0},"f":{"0":1,"1":2,"2":0,"3":1,"4":1,"5":0,"6":0,"7":0},"b":{"0":[1,1],"1":[1,1]},"_coverageSchema":"1a1c01bbd47fc00a2c39e90264f33305004495a9","hash":"04d7e4270f489245d92fc98dd68901a5d313e6b0"}
}
