{"/Users/zubrahmsemo/Desktop/ALX_REACT/0x02.DD to React Components/task_2/alx_dashboard/src/Dashboard.jsx": {"path":"/Users/zubrahmsemo/Desktop/ALX_REACT/0x02.DD to React Components/task_2/alx_dashboard/src/Dashboard.jsx","statementMap":{"0":{"start":{"line":13,"column":8},"end":{"line":13,"column":21}},"1":{"start":{"line":14,"column":8},"end":{"line":14,"column":59}},"2":{"start":{"line":17,"column":23},"end":{"line":21,"column":5}},"3":{"start":{"line":23,"column":26},"end":{"line":27,"column":5}},"4":{"start":{"line":30,"column":8},"end":{"line":30,"column":65}},"5":{"start":{"line":34,"column":8},"end":{"line":34,"column":68}},"6":{"start":{"line":38,"column":33},"end":{"line":38,"column":38}},"7":{"start":{"line":39,"column":8},"end":{"line":42,"column":9}},"8":{"start":{"line":40,"column":12},"end":{"line":40,"column":37}},"9":{"start":{"line":41,"column":12},"end":{"line":41,"column":32}},"10":{"start":{"line":46,"column":18},"end":{"line":50,"column":5}},"11":{"start":{"line":53,"column":46},"end":{"line":53,"column":56}},"12":{"start":{"line":54,"column":8},"end":{"line":80,"column":10}}},"fnMap":{"0":{"name":"(anonymous_0)","decl":{"start":{"line":12,"column":4},"end":{"line":12,"column":5}},"loc":{"start":{"line":12,"column":23},"end":{"line":15,"column":5}},"line":12},"1":{"name":"(anonymous_1)","decl":{"start":{"line":26,"column":16},"end":{"line":26,"column":17}},"loc":{"start":{"line":26,"column":22},"end":{"line":26,"column":25}},"line":26},"2":{"name":"(anonymous_2)","decl":{"start":{"line":29,"column":4},"end":{"line":29,"column":5}},"loc":{"start":{"line":29,"column":24},"end":{"line":31,"column":5}},"line":29},"3":{"name":"(anonymous_3)","decl":{"start":{"line":33,"column":4},"end":{"line":33,"column":5}},"loc":{"start":{"line":33,"column":27},"end":{"line":35,"column":5}},"line":33},"4":{"name":"(anonymous_4)","decl":{"start":{"line":37,"column":4},"end":{"line":37,"column":5}},"loc":{"start":{"line":37,"column":25},"end":{"line":43,"column":5}},"line":37},"5":{"name":"(anonymous_5)","decl":{"start":{"line":52,"column":4},"end":{"line":52,"column":5}},"loc":{"start":{"line":52,"column":13},"end":{"line":81,"column":5}},"line":52}},"branchMap":{"0":{"loc":{"start":{"line":39,"column":8},"end":{"line":42,"column":9}},"type":"if","locations":[{"start":{"line":39,"column":8},"end":{"line":42,"column":9}},{"start":{},"end":{}}],"line":39},"1":{"loc":{"start":{"line":39,"column":12},"end":{"line":39,"column":34}},"type":"binary-expr","locations":[{"start":{"line":39,"column":12},"end":{"line":39,"column":19}},{"start":{"line":39,"column":23},"end":{"line":39,"column":34}}],"line":39},"2":{"loc":{"start":{"line":74,"column":21},"end":{"line":74,"column":91}},"type":"cond-expr","locations":[{"start":{"line":74,"column":34},"end":{"line":74,"column":79}},{"start":{"line":74,"column":82},"end":{"line":74,"column":91}}],"line":74}},"s":{"0":0,"1":0,"2":0,"3":0,"4":0,"5":0,"6":0,"7":0,"8":0,"9":0,"10":0,"11":0,"12":0},"f":{"0":0,"1":0,"2":0,"3":0,"4":0,"5":0},"b":{"0":[0,0],"1":[0,0],"2":[0,0]}}
,"/Users/zubrahmsemo/Desktop/ALX_REACT/0x02.DD to React Components/task_2/alx_dashboard/src/Home.jsx": {"path":"/Users/zubrahmsemo/Desktop/ALX_REACT/0x02.DD to React Components/task_2/alx_dashboard/src/Home.jsx","statementMap":{"0":{"start":{"line":9,"column":21},"end":{"line":9,"column":34}},"1":{"start":{"line":10,"column":4},"end":{"line":57,"column":6}},"2":{"start":{"line":30,"column":42},"end":{"line":30,"column":64}}},"fnMap":{"0":{"name":"Home","decl":{"start":{"line":8,"column":9},"end":{"line":8,"column":13}},"loc":{"start":{"line":8,"column":16},"end":{"line":58,"column":1}},"line":8},"1":{"name":"(anonymous_1)","decl":{"start":{"line":30,"column":36},"end":{"line":30,"column":37}},"loc":{"start":{"line":30,"column":42},"end":{"line":30,"column":64}},"line":30}},"branchMap":{},"s":{"0":0,"1":0,"2":0},"f":{"0":0,"1":0},"b":{}}
,"/Users/zubrahmsemo/Desktop/ALX_REACT/0x02.DD to React Components/task_2/alx_dashboard/src/fileMock.js": {"path":"/Users/zubrahmsemo/Desktop/ALX_REACT/0x02.DD to React Components/task_2/alx_dashboard/src/fileMock.js","statementMap":{},"fnMap":{},"branchMap":{},"s":{},"f":{},"b":{},"_coverageSchema":"1a1c01bbd47fc00a2c39e90264f33305004495a9","hash":"8f427ba6d8be4c4138f6dc87ef18c7161f85bb45"}
,"/Users/zubrahmsemo/Desktop/ALX_REACT/0x02.DD to React Components/task_2/alx_dashboard/src/utils.jsx": {"path":"/Users/zubrahmsemo/Desktop/ALX_REACT/0x02.DD to React Components/task_2/alx_dashboard/src/utils.jsx","statementMap":{"0":{"start":{"line":3,"column":2},"end":{"line":3,"column":34}},"1":{"start":{"line":8,"column":2},"end":{"line":8,"column":52}},"2":{"start":{"line":13,"column":2},"end":{"line":13,"column":65}}},"fnMap":{"0":{"name":"getFullYear","decl":{"start":{"line":2,"column":16},"end":{"line":2,"column":27}},"loc":{"start":{"line":2,"column":30},"end":{"line":4,"column":1}},"line":2},"1":{"name":"getFooterCopy","decl":{"start":{"line":7,"column":16},"end":{"line":7,"column":29}},"loc":{"start":{"line":7,"column":39},"end":{"line":9,"column":1}},"line":7},"2":{"name":"getLatestNotification","decl":{"start":{"line":12,"column":16},"end":{"line":12,"column":37}},"loc":{"start":{"line":12,"column":40},"end":{"line":14,"column":1}},"line":12}},"branchMap":{"0":{"loc":{"start":{"line":8,"column":9},"end":{"line":8,"column":51}},"type":"cond-expr","locations":[{"start":{"line":8,"column":19},"end":{"line":8,"column":28}},{"start":{"line":8,"column":31},"end":{"line":8,"column":51}}],"line":8}},"s":{"0":1,"1":2,"2":1},"f":{"0":1,"1":2,"2":1},"b":{"0":[1,1]},"_coverageSchema":"1a1c01bbd47fc00a2c39e90264f33305004495a9","hash":"985e80f265d161f51cf77c7eae2fdc6147b3ce17"}
,"/Users/zubrahmsemo/Desktop/ALX_REACT/0x02.DD to React Components/task_2/alx_dashboard/src/CourseList/CourseList.jsx": {"path":"/Users/zubrahmsemo/Desktop/ALX_REACT/0x02.DD to React Components/task_2/alx_dashboard/src/CourseList/CourseList.jsx","statementMap":{"0":{"start":{"line":6,"column":19},"end":{"line":28,"column":1}},"1":{"start":{"line":7,"column":4},"end":{"line":27,"column":6}},"2":{"start":{"line":18,"column":20},"end":{"line":23,"column":22}},"3":{"start":{"line":30,"column":0},"end":{"line":38,"column":2}},"4":{"start":{"line":40,"column":0},"end":{"line":42,"column":2}}},"fnMap":{"0":{"name":"(anonymous_0)","decl":{"start":{"line":6,"column":19},"end":{"line":6,"column":20}},"loc":{"start":{"line":6,"column":40},"end":{"line":28,"column":1}},"line":6},"1":{"name":"(anonymous_1)","decl":{"start":{"line":17,"column":33},"end":{"line":17,"column":34}},"loc":{"start":{"line":18,"column":20},"end":{"line":23,"column":22}},"line":18}},"branchMap":{"0":{"loc":{"start":{"line":14,"column":17},"end":{"line":16,"column":17}},"type":"binary-expr","locations":[{"start":{"line":14,"column":17},"end":{"line":14,"column":41}},{"start":{"line":15,"column":20},"end":{"line":15,"column":94}}],"line":14}},"s":{"0":1,"1":1,"2":0,"3":1,"4":1},"f":{"0":1,"1":0},"b":{"0":[1,1]},"_coverageSchema":"1a1c01bbd47fc00a2c39e90264f33305004495a9","hash":"3d6596f82a3fc1f6bc0cbf848aa2f06578e85b7f"}
,"/Users/zubrahmsemo/Desktop/ALX_REACT/0x02.DD to React Components/task_2/alx_dashboard/src/CourseList/CourseListRow.jsx": {"path":"/Users/zubrahmsemo/Desktop/ALX_REACT/0x02.DD to React Components/task_2/alx_dashboard/src/CourseList/CourseListRow.jsx","statementMap":{"0":{"start":{"line":5,"column":22},"end":{"line":18,"column":1}},"1":{"start":{"line":6,"column":17},"end":{"line":15,"column":5}},"2":{"start":{"line":17,"column":4},"end":{"line":17,"column":80}},"3":{"start":{"line":20,"column":0},"end":{"line":24,"column":2}},"4":{"start":{"line":26,"column":0},"end":{"line":28,"column":2}}},"fnMap":{"0":{"name":"(anonymous_0)","decl":{"start":{"line":5,"column":22},"end":{"line":5,"column":23}},"loc":{"start":{"line":5,"column":71},"end":{"line":18,"column":1}},"line":5}},"branchMap":{"0":{"loc":{"start":{"line":6,"column":17},"end":{"line":15,"column":5}},"type":"cond-expr","locations":[{"start":{"line":7,"column":8},"end":{"line":9,"column":13}},{"start":{"line":11,"column":8},"end":{"line":14,"column":11}}],"line":6},"1":{"loc":{"start":{"line":17,"column":26},"end":{"line":17,"column":66}},"type":"cond-expr","locations":[{"start":{"line":17,"column":37},"end":{"line":17,"column":53}},{"start":{"line":17,"column":56},"end":{"line":17,"column":66}}],"line":17}},"s":{"0":2,"1":5,"2":5,"3":2,"4":2},"f":{"0":5},"b":{"0":[3,2],"1":[3,2]},"_coverageSchema":"1a1c01bbd47fc00a2c39e90264f33305004495a9","hash":"e6f6243ce609aa185cebbcb2895477cf24239213"}
,"/Users/zubrahmsemo/Desktop/ALX_REACT/0x02.DD to React Components/task_2/alx_dashboard/src/Footer/Footer.jsx": {"path":"/Users/zubrahmsemo/Desktop/ALX_REACT/0x02.DD to React Components/task_2/alx_dashboard/src/Footer/Footer.jsx","statementMap":{"0":{"start":{"line":5,"column":15},"end":{"line":15,"column":1}},"1":{"start":{"line":6,"column":4},"end":{"line":14,"column":5}}},"fnMap":{"0":{"name":"(anonymous_0)","decl":{"start":{"line":5,"column":15},"end":{"line":5,"column":16}},"loc":{"start":{"line":5,"column":21},"end":{"line":15,"column":1}},"line":5}},"branchMap":{},"s":{"0":1,"1":1},"f":{"0":1},"b":{},"_coverageSchema":"1a1c01bbd47fc00a2c39e90264f33305004495a9","hash":"2e88ad61d5ca057304d71c72779828b3cd97417d"}
,"/Users/zubrahmsemo/Desktop/ALX_REACT/0x02.DD to React Components/task_2/alx_dashboard/src/Header/Header.jsx": {"path":"/Users/zubrahmsemo/Desktop/ALX_REACT/0x02.DD to React Components/task_2/alx_dashboard/src/Header/Header.jsx","statementMap":{"0":{"start":{"line":5,"column":15},"end":{"line":15,"column":1}},"1":{"start":{"line":6,"column":4},"end":{"line":14,"column":5}}},"fnMap":{"0":{"name":"(anonymous_0)","decl":{"start":{"line":5,"column":15},"end":{"line":5,"column":16}},"loc":{"start":{"line":5,"column":21},"end":{"line":15,"column":1}},"line":5}},"branchMap":{},"s":{"0":1,"1":2},"f":{"0":2},"b":{},"_coverageSchema":"1a1c01bbd47fc00a2c39e90264f33305004495a9","hash":"49f1ed1e3d420d6a1ffeb68d7421e5bc4350488f"}
,"/Users/zubrahmsemo/Desktop/ALX_REACT/0x02.DD to React Components/task_2/alx_dashboard/src/Login/Login.jsx": {"path":"/Users/zubrahmsemo/Desktop/ALX_REACT/0x02.DD to React Components/task_2/alx_dashboard/src/Login/Login.jsx","statementMap":{"0":{"start":{"line":5,"column":14},"end":{"line":67,"column":1}},"1":{"start":{"line":6,"column":21},"end":{"line":6,"column":34}},"2":{"start":{"line":8,"column":4},"end":{"line":66,"column":5}},"3":{"start":{"line":59,"column":39},"end":{"line":59,"column":61}}},"fnMap":{"0":{"name":"(anonymous_0)","decl":{"start":{"line":5,"column":14},"end":{"line":5,"column":15}},"loc":{"start":{"line":5,"column":20},"end":{"line":67,"column":1}},"line":5},"1":{"name":"(anonymous_1)","decl":{"start":{"line":59,"column":33},"end":{"line":59,"column":34}},"loc":{"start":{"line":59,"column":39},"end":{"line":59,"column":61}},"line":59}},"branchMap":{},"s":{"0":1,"1":3,"2":3,"3":1},"f":{"0":3,"1":1},"b":{},"_coverageSchema":"1a1c01bbd47fc00a2c39e90264f33305004495a9","hash":"55746eb4b59b88a36f4ac88b0562bcf3bb009412"}
,"/Users/zubrahmsemo/Desktop/ALX_REACT/0x02.DD to React Components/task_2/alx_dashboard/src/Notifications/NotificationItem.jsx": {"path":"/Users/zubrahmsemo/Desktop/ALX_REACT/0x02.DD to React Components/task_2/alx_dashboard/src/Notifications/NotificationItem.jsx","statementMap":{"0":{"start":{"line":5,"column":18},"end":{"line":5,"column":53}},"1":{"start":{"line":7,"column":24},"end":{"line":10,"column":5}},"2":{"start":{"line":9,"column":8},"end":{"line":9,"column":23}},"3":{"start":{"line":12,"column":4},"end":{"line":16,"column":6}},"4":{"start":{"line":19,"column":0},"end":{"line":27,"column":2}}},"fnMap":{"0":{"name":"NotificationItem","decl":{"start":{"line":4,"column":9},"end":{"line":4,"column":25}},"loc":{"start":{"line":4,"column":65},"end":{"line":17,"column":1}},"line":4},"1":{"name":"(anonymous_1)","decl":{"start":{"line":7,"column":24},"end":{"line":7,"column":25}},"loc":{"start":{"line":7,"column":30},"end":{"line":10,"column":5}},"line":7}},"branchMap":{"0":{"loc":{"start":{"line":5,"column":18},"end":{"line":5,"column":53}},"type":"cond-expr","locations":[{"start":{"line":5,"column":39},"end":{"line":5,"column":45}},{"start":{"line":5,"column":48},"end":{"line":5,"column":53}}],"line":5},"1":{"loc":{"start":{"line":14,"column":13},"end":{"line":14,"column":66}},"type":"cond-expr","locations":[{"start":{"line":14,"column":20},"end":{"line":14,"column":58}},{"start":{"line":14,"column":61},"end":{"line":14,"column":66}}],"line":14}},"s":{"0":4,"1":4,"2":1,"3":4,"4":1},"f":{"0":4,"1":1},"b":{"0":[3,1],"1":[1,3]},"_coverageSchema":"1a1c01bbd47fc00a2c39e90264f33305004495a9","hash":"963e37ffabca6083eed4cb7e1a356ff602f99adb"}
,"/Users/zubrahmsemo/Desktop/ALX_REACT/0x02.DD to React Components/task_2/alx_dashboard/src/Notifications/Notifications.jsx": {"path":"/Users/zubrahmsemo/Desktop/ALX_REACT/0x02.DD to React Components/task_2/alx_dashboard/src/Notifications/Notifications.jsx","statementMap":{"0":{"start":{"line":10,"column":8},"end":{"line":10,"column":66}},"1":{"start":{"line":14,"column":34},"end":{"line":14,"column":44}},"2":{"start":{"line":16,"column":8},"end":{"line":52,"column":10}},"3":{"start":{"line":30,"column":35},"end":{"line":30,"column":79}}},"fnMap":{"0":{"name":"(anonymous_0)","decl":{"start":{"line":9,"column":4},"end":{"line":9,"column":5}},"loc":{"start":{"line":9,"column":19},"end":{"line":11,"column":5}},"line":9},"1":{"name":"(anonymous_1)","decl":{"start":{"line":13,"column":4},"end":{"line":13,"column":5}},"loc":{"start":{"line":13,"column":13},"end":{"line":53,"column":5}},"line":13},"2":{"name":"(anonymous_2)","decl":{"start":{"line":30,"column":29},"end":{"line":30,"column":30}},"loc":{"start":{"line":30,"column":35},"end":{"line":30,"column":79}},"line":30}},"branchMap":{"0":{"loc":{"start":{"line":41,"column":17},"end":{"line":50,"column":17}},"type":"cond-expr","locations":[{"start":{"line":42,"column":20},"end":{"line":47,"column":25}},{"start":{"line":49,"column":20},"end":{"line":49,"column":48}}],"line":41}},"s":{"0":0,"1":0,"2":0,"3":0},"f":{"0":0,"1":0,"2":0},"b":{"0":[0,0]}}
}
