{"/Users/zubrahmsemo/Desktop/ALX_REACT/0x03.Responsive_Design_React/task_1/alx_dashboard/src/Dashboard.jsx": {"path":"/Users/zubrahmsemo/Desktop/ALX_REACT/0x03.Responsive_Design_React/task_1/alx_dashboard/src/Dashboard.jsx","statementMap":{"0":{"start":{"line":18,"column":15},"end":{"line":78,"column":2}},"1":{"start":{"line":84,"column":8},"end":{"line":84,"column":21}},"2":{"start":{"line":85,"column":8},"end":{"line":85,"column":59}},"3":{"start":{"line":88,"column":23},"end":{"line":92,"column":5}},"4":{"start":{"line":94,"column":26},"end":{"line":98,"column":5}},"5":{"start":{"line":101,"column":8},"end":{"line":101,"column":65}},"6":{"start":{"line":105,"column":8},"end":{"line":105,"column":68}},"7":{"start":{"line":109,"column":33},"end":{"line":109,"column":38}},"8":{"start":{"line":110,"column":8},"end":{"line":113,"column":9}},"9":{"start":{"line":111,"column":12},"end":{"line":111,"column":37}},"10":{"start":{"line":112,"column":12},"end":{"line":112,"column":32}},"11":{"start":{"line":115,"column":18},"end":{"line":119,"column":5}},"12":{"start":{"line":122,"column":46},"end":{"line":122,"column":56}},"13":{"start":{"line":123,"column":38},"end":{"line":123,"column":61}},"14":{"start":{"line":124,"column":33},"end":{"line":124,"column":51}},"15":{"start":{"line":125,"column":8},"end":{"line":163,"column":10}}},"fnMap":{"0":{"name":"(anonymous_0)","decl":{"start":{"line":83,"column":4},"end":{"line":83,"column":5}},"loc":{"start":{"line":83,"column":23},"end":{"line":86,"column":5}},"line":83},"1":{"name":"(anonymous_1)","decl":{"start":{"line":97,"column":16},"end":{"line":97,"column":17}},"loc":{"start":{"line":97,"column":22},"end":{"line":97,"column":25}},"line":97},"2":{"name":"(anonymous_2)","decl":{"start":{"line":100,"column":4},"end":{"line":100,"column":5}},"loc":{"start":{"line":100,"column":24},"end":{"line":102,"column":5}},"line":100},"3":{"name":"(anonymous_3)","decl":{"start":{"line":104,"column":4},"end":{"line":104,"column":5}},"loc":{"start":{"line":104,"column":27},"end":{"line":106,"column":5}},"line":104},"4":{"name":"(anonymous_4)","decl":{"start":{"line":108,"column":4},"end":{"line":108,"column":5}},"loc":{"start":{"line":108,"column":25},"end":{"line":114,"column":5}},"line":108},"5":{"name":"(anonymous_5)","decl":{"start":{"line":121,"column":4},"end":{"line":121,"column":5}},"loc":{"start":{"line":121,"column":13},"end":{"line":164,"column":5}},"line":121}},"branchMap":{"0":{"loc":{"start":{"line":110,"column":8},"end":{"line":113,"column":9}},"type":"if","locations":[{"start":{"line":110,"column":8},"end":{"line":113,"column":9}},{"start":{},"end":{}}],"line":110},"1":{"loc":{"start":{"line":110,"column":12},"end":{"line":110,"column":34}},"type":"binary-expr","locations":[{"start":{"line":110,"column":12},"end":{"line":110,"column":19}},{"start":{"line":110,"column":23},"end":{"line":110,"column":34}}],"line":110},"2":{"loc":{"start":{"line":145,"column":25},"end":{"line":151,"column":58}},"type":"cond-expr","locations":[{"start":{"line":146,"column":28},"end":{"line":148,"column":58}},{"start":{"line":149,"column":28},"end":{"line":151,"column":58}}],"line":145}},"s":{"0":1,"1":4,"2":3,"3":1,"4":1,"5":1,"6":1,"7":0,"8":0,"9":0,"10":0,"11":3,"12":3,"13":3,"14":3,"15":3},"f":{"0":4,"1":0,"2":1,"3":1,"4":0,"5":3},"b":{"0":[0,0],"1":[0,0],"2":[1,2]},"_coverageSchema":"1a1c01bbd47fc00a2c39e90264f33305004495a9","hash":"ba159da23355b9a33bf98d1e1bea30935921f979"}
,"/Users/zubrahmsemo/Desktop/ALX_REACT/0x03.Responsive_Design_React/task_1/alx_dashboard/src/fileMock.js": {"path":"/Users/zubrahmsemo/Desktop/ALX_REACT/0x03.Responsive_Design_React/task_1/alx_dashboard/src/fileMock.js","statementMap":{},"fnMap":{},"branchMap":{},"s":{},"f":{},"b":{},"_coverageSchema":"1a1c01bbd47fc00a2c39e90264f33305004495a9","hash":"4e3e64e47aa041a8494b19fcbc6ddb6938b58145"}
,"/Users/zubrahmsemo/Desktop/ALX_REACT/0x03.Responsive_Design_React/task_1/alx_dashboard/src/BodySection/BodySection.jsx": {"path":"/Users/zubrahmsemo/Desktop/ALX_REACT/0x03.Responsive_Design_React/task_1/alx_dashboard/src/BodySection/BodySection.jsx","statementMap":{"0":{"start":{"line":6,"column":15},"end":{"line":11,"column":2}},"1":{"start":{"line":13,"column":20},"end":{"line":20,"column":1}},"2":{"start":{"line":14,"column":4},"end":{"line":19,"column":6}}},"fnMap":{"0":{"name":"(anonymous_0)","decl":{"start":{"line":13,"column":20},"end":{"line":13,"column":21}},"loc":{"start":{"line":13,"column":45},"end":{"line":20,"column":1}},"line":13}},"branchMap":{},"s":{"0":3,"1":3,"2":10},"f":{"0":10},"b":{},"_coverageSchema":"1a1c01bbd47fc00a2c39e90264f33305004495a9","hash":"6e64936b0a32fde077832c691ec6d9e188a0de10"}
,"/Users/zubrahmsemo/Desktop/ALX_REACT/0x03.Responsive_Design_React/task_1/alx_dashboard/src/BodySection/BodySectionWithMarginBottom.jsx": {"path":"/Users/zubrahmsemo/Desktop/ALX_REACT/0x03.Responsive_Design_React/task_1/alx_dashboard/src/BodySection/BodySectionWithMarginBottom.jsx","statementMap":{"0":{"start":{"line":9,"column":15},"end":{"line":15,"column":2}},"1":{"start":{"line":18,"column":36},"end":{"line":27,"column":1}},"2":{"start":{"line":19,"column":32},"end":{"line":19,"column":37}},"3":{"start":{"line":20,"column":4},"end":{"line":26,"column":6}},"4":{"start":{"line":30,"column":0},"end":{"line":33,"column":2}}},"fnMap":{"0":{"name":"(anonymous_0)","decl":{"start":{"line":18,"column":36},"end":{"line":18,"column":37}},"loc":{"start":{"line":18,"column":47},"end":{"line":27,"column":1}},"line":18}},"branchMap":{},"s":{"0":2,"1":2,"2":6,"3":5,"4":2},"f":{"0":6},"b":{},"_coverageSchema":"1a1c01bbd47fc00a2c39e90264f33305004495a9","hash":"3e7941099e80f58a7d141d0e3f0b4c7f14688e6d"}
,"/Users/zubrahmsemo/Desktop/ALX_REACT/0x03.Responsive_Design_React/task_1/alx_dashboard/src/Notifications/NotificationItem.jsx": {"path":"/Users/zubrahmsemo/Desktop/ALX_REACT/0x03.Responsive_Design_React/task_1/alx_dashboard/src/Notifications/NotificationItem.jsx","statementMap":{"0":{"start":{"line":5,"column":18},"end":{"line":5,"column":53}},"1":{"start":{"line":7,"column":24},"end":{"line":9,"column":5}},"2":{"start":{"line":8,"column":8},"end":{"line":8,"column":23}},"3":{"start":{"line":11,"column":4},"end":{"line":19,"column":6}},"4":{"start":{"line":22,"column":0},"end":{"line":38,"column":2}}},"fnMap":{"0":{"name":"NotificationItem","decl":{"start":{"line":4,"column":9},"end":{"line":4,"column":25}},"loc":{"start":{"line":4,"column":65},"end":{"line":20,"column":1}},"line":4},"1":{"name":"(anonymous_1)","decl":{"start":{"line":7,"column":24},"end":{"line":7,"column":25}},"loc":{"start":{"line":7,"column":30},"end":{"line":9,"column":5}},"line":7}},"branchMap":{"0":{"loc":{"start":{"line":5,"column":18},"end":{"line":5,"column":53}},"type":"cond-expr","locations":[{"start":{"line":5,"column":39},"end":{"line":5,"column":45}},{"start":{"line":5,"column":48},"end":{"line":5,"column":53}}],"line":5},"1":{"loc":{"start":{"line":17,"column":13},"end":{"line":17,"column":78}},"type":"cond-expr","locations":[{"start":{"line":17,"column":20},"end":{"line":17,"column":70}},{"start":{"line":17,"column":73},"end":{"line":17,"column":78}}],"line":17}},"s":{"0":19,"1":19,"2":4,"3":19,"4":3},"f":{"0":19,"1":4},"b":{"0":[7,12],"1":[8,11]},"_coverageSchema":"1a1c01bbd47fc00a2c39e90264f33305004495a9","hash":"16e79643491cb6b71c545cf2d28418e03e768fd7"}
}
