TN:
SF:src/Dashboard.jsx
FN:83,(anonymous_0)
FN:97,(anonymous_1)
FN:100,(anonymous_2)
FN:104,(anonymous_3)
FN:108,(anonymous_4)
FN:121,(anonymous_5)
FNF:6
FNH:4
FNDA:4,(anonymous_0)
FNDA:0,(anonymous_1)
FNDA:1,(anonymous_2)
FNDA:1,(anonymous_3)
FNDA:0,(anonymous_4)
FNDA:3,(anonymous_5)
DA:18,1
DA:84,4
DA:85,3
DA:88,1
DA:94,1
DA:101,1
DA:105,1
DA:109,0
DA:110,0
DA:111,0
DA:112,0
DA:115,3
DA:122,3
DA:123,3
DA:124,3
DA:125,3
LF:16
LH:12
BRDA:110,0,0,0
BRDA:110,0,1,0
BRDA:110,1,0,0
BRDA:110,1,1,0
BRDA:145,2,0,1
BRDA:145,2,1,2
BRF:6
BRH:2
end_of_record
TN:
SF:src/fileMock.js
FNF:0
FNH:0
LF:0
LH:0
BRF:0
BRH:0
end_of_record
TN:
SF:src/BodySection/BodySection.jsx
FN:13,(anonymous_0)
FNF:1
FNH:1
FNDA:10,(anonymous_0)
DA:6,3
DA:13,3
DA:14,10
LF:3
LH:3
BRF:0
BRH:0
end_of_record
TN:
SF:src/BodySection/BodySectionWithMarginBottom.jsx
FN:18,(anonymous_0)
FNF:1
FNH:1
FNDA:6,(anonymous_0)
DA:9,2
DA:18,2
DA:19,6
DA:20,5
DA:30,2
LF:5
LH:5
BRF:0
BRH:0
end_of_record
TN:
SF:src/Notifications/NotificationItem.jsx
FN:4,NotificationItem
FN:7,(anonymous_1)
FNF:2
FNH:2
FNDA:19,NotificationItem
FNDA:4,(anonymous_1)
DA:5,19
DA:7,19
DA:8,4
DA:11,19
DA:22,3
LF:5
LH:5
BRDA:5,0,0,7
BRDA:5,0,1,12
BRDA:17,1,0,8
BRDA:17,1,1,11
BRF:4
BRH:4
end_of_record
