{"/Users/zubrahmsemo/Desktop/ALX_REACT/0x00.Introduction to React/task_5/alx_dashboard/src/App.jsx": {"path":"/Users/zubrahmsemo/Desktop/ALX_REACT/0x00.Introduction to React/task_5/alx_dashboard/src/App.jsx","statementMap":{"0":{"start":{"line":8,"column":4},"end":{"line":97,"column":6}}},"fnMap":{"0":{"name":"App","decl":{"start":{"line":7,"column":9},"end":{"line":7,"column":12}},"loc":{"start":{"line":7,"column":15},"end":{"line":98,"column":1}},"line":7}},"branchMap":{},"s":{"0":9},"f":{"0":9},"b":{},"_coverageSchema":"1a1c01bbd47fc00a2c39e90264f33305004495a9","hash":"a75c8d7d22121e6212e3afa399792ad46458b5eb"}
,"/Users/zubrahmsemo/Desktop/ALX_REACT/0x00.Introduction to React/task_5/alx_dashboard/src/Notifications.jsx": {"path":"/Users/zubrahmsemo/Desktop/ALX_REACT/0x00.Introduction to React/task_5/alx_dashboard/src/Notifications.jsx","statementMap":{"0":{"start":{"line":9,"column":4},"end":{"line":50,"column":6}},"1":{"start":{"line":25,"column":51},"end":{"line":25,"column":118}},"2":{"start":{"line":60,"column":38},"end":{"line":60,"column":35796}},"3":{"start":{"line":60,"column":42},"end":{"line":60,"column":35785}},"4":{"start":{"line":60,"column":35821},"end":{"line":60,"column":35861}},"5":{"start":{"line":60,"column":35825},"end":{"line":60,"column":35850}},"6":{"start":{"line":60,"column":35862},"end":{"line":60,"column":35870}},"7":{"start":{"line":60,"column":35895},"end":{"line":60,"column":35937}},"8":{"start":{"line":60,"column":35899},"end":{"line":60,"column":35926}},"9":{"start":{"line":60,"column":35938},"end":{"line":60,"column":35946}},"10":{"start":{"line":60,"column":35965},"end":{"line":60,"column":36002}},"11":{"start":{"line":60,"column":35969},"end":{"line":60,"column":35991}},"12":{"start":{"line":60,"column":36021},"end":{"line":60,"column":36061}},"13":{"start":{"line":60,"column":36025},"end":{"line":60,"column":36050}}},"fnMap":{"0":{"name":"Notifications","decl":{"start":{"line":8,"column":9},"end":{"line":8,"column":22}},"loc":{"start":{"line":8,"column":25},"end":{"line":51,"column":1}},"line":8},"1":{"name":"(anonymous_1)","decl":{"start":{"line":25,"column":25},"end":{"line":25,"column":26}},"loc":{"start":{"line":25,"column":51},"end":{"line":25,"column":118}},"line":25},"2":{"name":"oo_cm","decl":{"start":{"line":60,"column":30},"end":{"line":60,"column":35}},"loc":{"start":{"line":60,"column":37},"end":{"line":60,"column":35797}},"line":60},"3":{"name":"oo_oo","decl":{"start":{"line":60,"column":35807},"end":{"line":60,"column":35812}},"loc":{"start":{"line":60,"column":35820},"end":{"line":60,"column":35871}},"line":60},"4":{"name":"oo_tr","decl":{"start":{"line":60,"column":35881},"end":{"line":60,"column":35886}},"loc":{"start":{"line":60,"column":35894},"end":{"line":60,"column":35947}},"line":60},"5":{"name":"oo_ts","decl":{"start":{"line":60,"column":35957},"end":{"line":60,"column":35962}},"loc":{"start":{"line":60,"column":35964},"end":{"line":60,"column":36003}},"line":60},"6":{"name":"oo_te","decl":{"start":{"line":60,"column":36013},"end":{"line":60,"column":36018}},"loc":{"start":{"line":60,"column":36020},"end":{"line":60,"column":36062}},"line":60}},"branchMap":{"0":{"loc":{"start":{"line":60,"column":49},"end":{"line":60,"column":35784}},"type":"binary-expr","locations":[{"start":{"line":60,"column":49},"end":{"line":60,"column":86}},{"start":{"line":60,"column":90},"end":{"line":60,"column":35784}}],"line":60}},"s":{"0":4,"1":0,"2":0,"3":0,"4":0,"5":0,"6":0,"7":0,"8":0,"9":0,"10":0,"11":0,"12":0,"13":0},"f":{"0":4,"1":0,"2":0,"3":0,"4":0,"5":0,"6":0},"b":{"0":[0,0]},"_coverageSchema":"1a1c01bbd47fc00a2c39e90264f33305004495a9","hash":"1fb663840c93583db37815e59fff81e1ae5cd387"}
,"/Users/zubrahmsemo/Desktop/ALX_REACT/0x00.Introduction to React/task_5/alx_dashboard/src/fileMock.js": {"path":"/Users/zubrahmsemo/Desktop/ALX_REACT/0x00.Introduction to React/task_5/alx_dashboard/src/fileMock.js","statementMap":{},"fnMap":{},"branchMap":{},"s":{},"f":{},"b":{}}
,"/Users/zubrahmsemo/Desktop/ALX_REACT/0x00.Introduction to React/task_5/alx_dashboard/src/main.jsx": {"path":"/Users/zubrahmsemo/Desktop/ALX_REACT/0x00.Introduction to React/task_5/alx_dashboard/src/main.jsx","statementMap":{"0":{"start":{"line":7,"column":0},"end":{"line":11,"column":1}}},"fnMap":{},"branchMap":{},"s":{"0":0},"f":{},"b":{}}
,"/Users/zubrahmsemo/Desktop/ALX_REACT/0x00.Introduction to React/task_5/alx_dashboard/src/utils.jsx": {"path":"/Users/zubrahmsemo/Desktop/ALX_REACT/0x00.Introduction to React/task_5/alx_dashboard/src/utils.jsx","statementMap":{"0":{"start":{"line":3,"column":2},"end":{"line":3,"column":34}},"1":{"start":{"line":8,"column":2},"end":{"line":8,"column":52}},"2":{"start":{"line":13,"column":2},"end":{"line":13,"column":65}}},"fnMap":{"0":{"name":"getFullYear","decl":{"start":{"line":2,"column":16},"end":{"line":2,"column":27}},"loc":{"start":{"line":2,"column":30},"end":{"line":4,"column":1}},"line":2},"1":{"name":"getFooterCopy","decl":{"start":{"line":7,"column":16},"end":{"line":7,"column":29}},"loc":{"start":{"line":7,"column":39},"end":{"line":9,"column":1}},"line":7},"2":{"name":"getLatestNotification","decl":{"start":{"line":12,"column":16},"end":{"line":12,"column":37}},"loc":{"start":{"line":12,"column":40},"end":{"line":14,"column":1}},"line":12}},"branchMap":{"0":{"loc":{"start":{"line":8,"column":9},"end":{"line":8,"column":51}},"type":"cond-expr","locations":[{"start":{"line":8,"column":19},"end":{"line":8,"column":28}},{"start":{"line":8,"column":31},"end":{"line":8,"column":51}}],"line":8}},"s":{"0":12,"1":12,"2":1},"f":{"0":12,"1":12,"2":1},"b":{"0":[11,1]},"_coverageSchema":"1a1c01bbd47fc00a2c39e90264f33305004495a9","hash":"f81e941993ea74fbf58112e17eabdbe81aec4601"}
}
