{"/Users/zubrahmsemo/Desktop/ALX_REACT/0x00.Introduction to React/task_5/alx_dashboard/src/Notifications.jsx": {"path":"/Users/zubrahmsemo/Desktop/ALX_REACT/0x00.Introduction to React/task_5/alx_dashboard/src/Notifications.jsx","statementMap":{"0":{"start":{"line":9,"column":4},"end":{"line":50,"column":6}},"1":{"start":{"line":25,"column":31},"end":{"line":25,"column":75}}},"fnMap":{"0":{"name":"Notifications","decl":{"start":{"line":8,"column":9},"end":{"line":8,"column":22}},"loc":{"start":{"line":8,"column":25},"end":{"line":51,"column":1}},"line":8},"1":{"name":"(anonymous_1)","decl":{"start":{"line":25,"column":25},"end":{"line":25,"column":26}},"loc":{"start":{"line":25,"column":31},"end":{"line":25,"column":75}},"line":25}},"branchMap":{},"s":{"0":0,"1":0},"f":{"0":0,"1":0},"b":{}}
,"/Users/zubrahmsemo/Desktop/ALX_REACT/0x00.Introduction to React/task_5/alx_dashboard/src/fileMock.js": {"path":"/Users/zubrahmsemo/Desktop/ALX_REACT/0x00.Introduction to React/task_5/alx_dashboard/src/fileMock.js","statementMap":{},"fnMap":{},"branchMap":{},"s":{},"f":{},"b":{}}
,"/Users/zubrahmsemo/Desktop/ALX_REACT/0x00.Introduction to React/task_5/alx_dashboard/src/utils.jsx": {"path":"/Users/zubrahmsemo/Desktop/ALX_REACT/0x00.Introduction to React/task_5/alx_dashboard/src/utils.jsx","statementMap":{"0":{"start":{"line":3,"column":2},"end":{"line":3,"column":34}},"1":{"start":{"line":8,"column":2},"end":{"line":8,"column":52}},"2":{"start":{"line":13,"column":2},"end":{"line":13,"column":65}}},"fnMap":{"0":{"name":"getFullYear","decl":{"start":{"line":2,"column":16},"end":{"line":2,"column":27}},"loc":{"start":{"line":2,"column":30},"end":{"line":4,"column":1}},"line":2},"1":{"name":"getFooterCopy","decl":{"start":{"line":7,"column":16},"end":{"line":7,"column":29}},"loc":{"start":{"line":7,"column":39},"end":{"line":9,"column":1}},"line":7},"2":{"name":"getLatestNotification","decl":{"start":{"line":12,"column":16},"end":{"line":12,"column":37}},"loc":{"start":{"line":12,"column":40},"end":{"line":14,"column":1}},"line":12}},"branchMap":{"0":{"loc":{"start":{"line":8,"column":9},"end":{"line":8,"column":51}},"type":"cond-expr","locations":[{"start":{"line":8,"column":19},"end":{"line":8,"column":28}},{"start":{"line":8,"column":31},"end":{"line":8,"column":51}}],"line":8}},"s":{"0":1,"1":2,"2":1},"f":{"0":1,"1":2,"2":1},"b":{"0":[1,1]},"_coverageSchema":"1a1c01bbd47fc00a2c39e90264f33305004495a9","hash":"f81e941993ea74fbf58112e17eabdbe81aec4601"}
}
