TN:
SF:src/App.jsx
FN:7,App
FNF:1
FNH:1
FNDA:9,App
DA:8,9
LF:1
LH:1
BRF:0
BRH:0
end_of_record
TN:
SF:src/Notifications.jsx
FN:8,Notifications
FN:25,(anonymous_1)
FN:60,oo_cm
FN:60,oo_oo
FN:60,oo_tr
FN:60,oo_ts
FN:60,oo_te
FNF:7
FNH:1
FNDA:4,Notifications
FNDA:0,(anonymous_1)
FNDA:0,oo_cm
FNDA:0,oo_oo
FNDA:0,oo_tr
FNDA:0,oo_ts
FNDA:0,oo_te
DA:9,4
DA:25,0
DA:60,0
LF:3
LH:1
BRDA:60,0,0,0
BRDA:60,0,1,0
BRF:2
BRH:0
end_of_record
TN:
SF:src/fileMock.js
FNF:0
FNH:0
LF:0
LH:0
BRF:0
BRH:0
end_of_record
TN:
SF:src/main.jsx
FNF:0
FNH:0
DA:7,0
LF:1
LH:0
BRF:0
BRH:0
end_of_record
TN:
SF:src/utils.jsx
FN:2,getFullYear
FN:7,getFooterCopy
FN:12,getLatestNotification
FNF:3
FNH:3
FNDA:12,getFullYear
FNDA:12,getFooterCopy
FNDA:1,getLatestNotification
DA:3,12
DA:8,12
DA:13,1
LF:3
LH:3
BRDA:8,0,0,11
BRDA:8,0,1,1
BRF:2
BRH:2
end_of_record
