<?xml version="1.0" encoding="UTF-8"?>
<coverage generated="1686215234996" clover="3.2.0">
  <project timestamp="1686215234996" name="All files">
    <metrics statements="6" coveredstatements="6" conditionals="0" coveredconditionals="0" methods="2" coveredmethods="2" elements="8" coveredelements="8" complexity="0" loc="6" ncloc="6" packages="1" files="2" classes="2"/>
    <file name="BodySection.jsx" path="/Users/zubrahmsemo/Desktop/ALX_REACT/0x02.DD to React Components/task_3/alx_dashboard/src/BodySection/BodySection.jsx">
      <metrics statements="2" coveredstatements="2" conditionals="0" coveredconditionals="0" methods="1" coveredmethods="1"/>
      <line num="4" count="2" type="stmt"/>
      <line num="5" count="2" type="stmt"/>
    </file>
    <file name="BodySectionWithMarginBottom.jsx" path="/Users/zubrahmsemo/Desktop/ALX_REACT/0x02.DD to React Components/task_3/alx_dashboard/src/BodySection/BodySectionWithMarginBottom.jsx">
      <metrics statements="4" coveredstatements="4" conditionals="0" coveredconditionals="0" methods="1" coveredmethods="1"/>
      <line num="6" count="1" type="stmt"/>
      <line num="7" count="1" type="stmt"/>
      <line num="8" count="1" type="stmt"/>
      <line num="18" count="1" type="stmt"/>
    </file>
  </project>
</coverage>
