{"/Users/zubrahmsemo/Desktop/ALX_REACT/0x02.DD to React Components/task_3/alx_dashboard/src/Dashboard.jsx": {"path":"/Users/zubrahmsemo/Desktop/ALX_REACT/0x02.DD to React Components/task_3/alx_dashboard/src/Dashboard.jsx","statementMap":{"0":{"start":{"line":15,"column":8},"end":{"line":15,"column":21}},"1":{"start":{"line":16,"column":8},"end":{"line":16,"column":59}},"2":{"start":{"line":19,"column":23},"end":{"line":23,"column":5}},"3":{"start":{"line":25,"column":26},"end":{"line":29,"column":5}},"4":{"start":{"line":32,"column":8},"end":{"line":32,"column":65}},"5":{"start":{"line":36,"column":8},"end":{"line":36,"column":68}},"6":{"start":{"line":40,"column":33},"end":{"line":40,"column":38}},"7":{"start":{"line":41,"column":8},"end":{"line":44,"column":9}},"8":{"start":{"line":42,"column":12},"end":{"line":42,"column":37}},"9":{"start":{"line":43,"column":12},"end":{"line":43,"column":32}},"10":{"start":{"line":46,"column":18},"end":{"line":50,"column":5}},"11":{"start":{"line":53,"column":46},"end":{"line":53,"column":56}},"12":{"start":{"line":54,"column":8},"end":{"line":89,"column":10}}},"fnMap":{"0":{"name":"(anonymous_0)","decl":{"start":{"line":14,"column":4},"end":{"line":14,"column":5}},"loc":{"start":{"line":14,"column":23},"end":{"line":17,"column":5}},"line":14},"1":{"name":"(anonymous_1)","decl":{"start":{"line":28,"column":16},"end":{"line":28,"column":17}},"loc":{"start":{"line":28,"column":22},"end":{"line":28,"column":25}},"line":28},"2":{"name":"(anonymous_2)","decl":{"start":{"line":31,"column":4},"end":{"line":31,"column":5}},"loc":{"start":{"line":31,"column":24},"end":{"line":33,"column":5}},"line":31},"3":{"name":"(anonymous_3)","decl":{"start":{"line":35,"column":4},"end":{"line":35,"column":5}},"loc":{"start":{"line":35,"column":27},"end":{"line":37,"column":5}},"line":35},"4":{"name":"(anonymous_4)","decl":{"start":{"line":39,"column":4},"end":{"line":39,"column":5}},"loc":{"start":{"line":39,"column":25},"end":{"line":45,"column":5}},"line":39},"5":{"name":"(anonymous_5)","decl":{"start":{"line":52,"column":4},"end":{"line":52,"column":5}},"loc":{"start":{"line":52,"column":13},"end":{"line":90,"column":5}},"line":52}},"branchMap":{"0":{"loc":{"start":{"line":41,"column":8},"end":{"line":44,"column":9}},"type":"if","locations":[{"start":{"line":41,"column":8},"end":{"line":44,"column":9}},{"start":{},"end":{}}],"line":41},"1":{"loc":{"start":{"line":41,"column":12},"end":{"line":41,"column":34}},"type":"binary-expr","locations":[{"start":{"line":41,"column":12},"end":{"line":41,"column":19}},{"start":{"line":41,"column":23},"end":{"line":41,"column":34}}],"line":41}},"s":{"0":0,"1":0,"2":0,"3":0,"4":0,"5":0,"6":0,"7":0,"8":0,"9":0,"10":0,"11":0,"12":0},"f":{"0":0,"1":0,"2":0,"3":0,"4":0,"5":0},"b":{"0":[0,0],"1":[0,0]}}
,"/Users/zubrahmsemo/Desktop/ALX_REACT/0x02.DD to React Components/task_3/alx_dashboard/src/fileMock.js": {"path":"/Users/zubrahmsemo/Desktop/ALX_REACT/0x02.DD to React Components/task_3/alx_dashboard/src/fileMock.js","statementMap":{},"fnMap":{},"branchMap":{},"s":{},"f":{},"b":{},"_coverageSchema":"1a1c01bbd47fc00a2c39e90264f33305004495a9","hash":"a2b177a6799f6d50b3e81ed153f044e425ce84c2"}
,"/Users/zubrahmsemo/Desktop/ALX_REACT/0x02.DD to React Components/task_3/alx_dashboard/src/utils.jsx": {"path":"/Users/zubrahmsemo/Desktop/ALX_REACT/0x02.DD to React Components/task_3/alx_dashboard/src/utils.jsx","statementMap":{"0":{"start":{"line":3,"column":2},"end":{"line":3,"column":34}},"1":{"start":{"line":8,"column":2},"end":{"line":8,"column":52}},"2":{"start":{"line":13,"column":2},"end":{"line":13,"column":65}}},"fnMap":{"0":{"name":"getFullYear","decl":{"start":{"line":2,"column":16},"end":{"line":2,"column":27}},"loc":{"start":{"line":2,"column":30},"end":{"line":4,"column":1}},"line":2},"1":{"name":"getFooterCopy","decl":{"start":{"line":7,"column":16},"end":{"line":7,"column":29}},"loc":{"start":{"line":7,"column":39},"end":{"line":9,"column":1}},"line":7},"2":{"name":"getLatestNotification","decl":{"start":{"line":12,"column":16},"end":{"line":12,"column":37}},"loc":{"start":{"line":12,"column":40},"end":{"line":14,"column":1}},"line":12}},"branchMap":{"0":{"loc":{"start":{"line":8,"column":9},"end":{"line":8,"column":51}},"type":"cond-expr","locations":[{"start":{"line":8,"column":19},"end":{"line":8,"column":28}},{"start":{"line":8,"column":31},"end":{"line":8,"column":51}}],"line":8}},"s":{"0":1,"1":2,"2":1},"f":{"0":1,"1":2,"2":1},"b":{"0":[1,1]},"_coverageSchema":"1a1c01bbd47fc00a2c39e90264f33305004495a9","hash":"e58d01e8a0f2ee53809cc3260b58c88e67fd1e58"}
,"/Users/zubrahmsemo/Desktop/ALX_REACT/0x02.DD to React Components/task_3/alx_dashboard/src/CourseList/CourseList.jsx": {"path":"/Users/zubrahmsemo/Desktop/ALX_REACT/0x02.DD to React Components/task_3/alx_dashboard/src/CourseList/CourseList.jsx","statementMap":{"0":{"start":{"line":6,"column":19},"end":{"line":28,"column":1}},"1":{"start":{"line":7,"column":4},"end":{"line":27,"column":6}},"2":{"start":{"line":18,"column":20},"end":{"line":23,"column":22}},"3":{"start":{"line":30,"column":0},"end":{"line":38,"column":2}},"4":{"start":{"line":40,"column":0},"end":{"line":42,"column":2}}},"fnMap":{"0":{"name":"(anonymous_0)","decl":{"start":{"line":6,"column":19},"end":{"line":6,"column":20}},"loc":{"start":{"line":6,"column":40},"end":{"line":28,"column":1}},"line":6},"1":{"name":"(anonymous_1)","decl":{"start":{"line":17,"column":33},"end":{"line":17,"column":34}},"loc":{"start":{"line":18,"column":20},"end":{"line":23,"column":22}},"line":18}},"branchMap":{"0":{"loc":{"start":{"line":14,"column":17},"end":{"line":16,"column":17}},"type":"binary-expr","locations":[{"start":{"line":14,"column":17},"end":{"line":14,"column":41}},{"start":{"line":15,"column":20},"end":{"line":15,"column":94}}],"line":14}},"s":{"0":1,"1":1,"2":0,"3":1,"4":1},"f":{"0":1,"1":0},"b":{"0":[1,1]},"_coverageSchema":"1a1c01bbd47fc00a2c39e90264f33305004495a9","hash":"601108828adaf1f44c3cbde68cfd8d279563923e"}
,"/Users/zubrahmsemo/Desktop/ALX_REACT/0x02.DD to React Components/task_3/alx_dashboard/src/CourseList/CourseListRow.jsx": {"path":"/Users/zubrahmsemo/Desktop/ALX_REACT/0x02.DD to React Components/task_3/alx_dashboard/src/CourseList/CourseListRow.jsx","statementMap":{"0":{"start":{"line":5,"column":22},"end":{"line":18,"column":1}},"1":{"start":{"line":6,"column":17},"end":{"line":15,"column":5}},"2":{"start":{"line":17,"column":4},"end":{"line":17,"column":80}},"3":{"start":{"line":20,"column":0},"end":{"line":24,"column":2}},"4":{"start":{"line":26,"column":0},"end":{"line":28,"column":2}}},"fnMap":{"0":{"name":"(anonymous_0)","decl":{"start":{"line":5,"column":22},"end":{"line":5,"column":23}},"loc":{"start":{"line":5,"column":71},"end":{"line":18,"column":1}},"line":5}},"branchMap":{"0":{"loc":{"start":{"line":6,"column":17},"end":{"line":15,"column":5}},"type":"cond-expr","locations":[{"start":{"line":7,"column":8},"end":{"line":9,"column":13}},{"start":{"line":11,"column":8},"end":{"line":14,"column":11}}],"line":6},"1":{"loc":{"start":{"line":17,"column":26},"end":{"line":17,"column":66}},"type":"cond-expr","locations":[{"start":{"line":17,"column":37},"end":{"line":17,"column":53}},{"start":{"line":17,"column":56},"end":{"line":17,"column":66}}],"line":17}},"s":{"0":2,"1":5,"2":5,"3":2,"4":2},"f":{"0":5},"b":{"0":[3,2],"1":[3,2]},"_coverageSchema":"1a1c01bbd47fc00a2c39e90264f33305004495a9","hash":"cb070e0e4d781ddcddf0bad41e9fe819d14f0459"}
,"/Users/zubrahmsemo/Desktop/ALX_REACT/0x02.DD to React Components/task_3/alx_dashboard/src/Footer/Footer.jsx": {"path":"/Users/zubrahmsemo/Desktop/ALX_REACT/0x02.DD to React Components/task_3/alx_dashboard/src/Footer/Footer.jsx","statementMap":{"0":{"start":{"line":5,"column":15},"end":{"line":15,"column":1}},"1":{"start":{"line":6,"column":4},"end":{"line":14,"column":5}}},"fnMap":{"0":{"name":"(anonymous_0)","decl":{"start":{"line":5,"column":15},"end":{"line":5,"column":16}},"loc":{"start":{"line":5,"column":21},"end":{"line":15,"column":1}},"line":5}},"branchMap":{},"s":{"0":1,"1":1},"f":{"0":1},"b":{},"_coverageSchema":"1a1c01bbd47fc00a2c39e90264f33305004495a9","hash":"0e0d146f9f3a313c67edcde9b83569cfba0a0009"}
,"/Users/zubrahmsemo/Desktop/ALX_REACT/0x02.DD to React Components/task_3/alx_dashboard/src/Header/Header.jsx": {"path":"/Users/zubrahmsemo/Desktop/ALX_REACT/0x02.DD to React Components/task_3/alx_dashboard/src/Header/Header.jsx","statementMap":{"0":{"start":{"line":5,"column":15},"end":{"line":15,"column":1}},"1":{"start":{"line":6,"column":4},"end":{"line":14,"column":5}}},"fnMap":{"0":{"name":"(anonymous_0)","decl":{"start":{"line":5,"column":15},"end":{"line":5,"column":16}},"loc":{"start":{"line":5,"column":21},"end":{"line":15,"column":1}},"line":5}},"branchMap":{},"s":{"0":1,"1":2},"f":{"0":2},"b":{},"_coverageSchema":"1a1c01bbd47fc00a2c39e90264f33305004495a9","hash":"d9c78825929c4ce91c7c032a42a3ab82bebf8eb7"}
,"/Users/zubrahmsemo/Desktop/ALX_REACT/0x02.DD to React Components/task_3/alx_dashboard/src/Login/Login.jsx": {"path":"/Users/zubrahmsemo/Desktop/ALX_REACT/0x02.DD to React Components/task_3/alx_dashboard/src/Login/Login.jsx","statementMap":{"0":{"start":{"line":5,"column":14},"end":{"line":67,"column":1}},"1":{"start":{"line":6,"column":21},"end":{"line":6,"column":34}},"2":{"start":{"line":8,"column":4},"end":{"line":66,"column":5}},"3":{"start":{"line":59,"column":39},"end":{"line":59,"column":61}}},"fnMap":{"0":{"name":"(anonymous_0)","decl":{"start":{"line":5,"column":14},"end":{"line":5,"column":15}},"loc":{"start":{"line":5,"column":20},"end":{"line":67,"column":1}},"line":5},"1":{"name":"(anonymous_1)","decl":{"start":{"line":59,"column":33},"end":{"line":59,"column":34}},"loc":{"start":{"line":59,"column":39},"end":{"line":59,"column":61}},"line":59}},"branchMap":{},"s":{"0":1,"1":3,"2":3,"3":1},"f":{"0":3,"1":1},"b":{},"_coverageSchema":"1a1c01bbd47fc00a2c39e90264f33305004495a9","hash":"4fe7b82107b7914423d11a11b36139f872320978"}
,"/Users/zubrahmsemo/Desktop/ALX_REACT/0x02.DD to React Components/task_3/alx_dashboard/src/Notifications/NotificationItem.jsx": {"path":"/Users/zubrahmsemo/Desktop/ALX_REACT/0x02.DD to React Components/task_3/alx_dashboard/src/Notifications/NotificationItem.jsx","statementMap":{"0":{"start":{"line":5,"column":18},"end":{"line":5,"column":53}},"1":{"start":{"line":7,"column":24},"end":{"line":10,"column":5}},"2":{"start":{"line":9,"column":8},"end":{"line":9,"column":23}},"3":{"start":{"line":12,"column":4},"end":{"line":16,"column":6}},"4":{"start":{"line":19,"column":0},"end":{"line":27,"column":2}}},"fnMap":{"0":{"name":"NotificationItem","decl":{"start":{"line":4,"column":9},"end":{"line":4,"column":25}},"loc":{"start":{"line":4,"column":65},"end":{"line":17,"column":1}},"line":4},"1":{"name":"(anonymous_1)","decl":{"start":{"line":7,"column":24},"end":{"line":7,"column":25}},"loc":{"start":{"line":7,"column":30},"end":{"line":10,"column":5}},"line":7}},"branchMap":{"0":{"loc":{"start":{"line":5,"column":18},"end":{"line":5,"column":53}},"type":"cond-expr","locations":[{"start":{"line":5,"column":39},"end":{"line":5,"column":45}},{"start":{"line":5,"column":48},"end":{"line":5,"column":53}}],"line":5},"1":{"loc":{"start":{"line":14,"column":13},"end":{"line":14,"column":66}},"type":"cond-expr","locations":[{"start":{"line":14,"column":20},"end":{"line":14,"column":58}},{"start":{"line":14,"column":61},"end":{"line":14,"column":66}}],"line":14}},"s":{"0":4,"1":4,"2":1,"3":4,"4":1},"f":{"0":4,"1":1},"b":{"0":[3,1],"1":[1,3]},"_coverageSchema":"1a1c01bbd47fc00a2c39e90264f33305004495a9","hash":"e072fe04186a30c72889b47d98d72f0412c46bc5"}
,"/Users/zubrahmsemo/Desktop/ALX_REACT/0x02.DD to React Components/task_3/alx_dashboard/src/Notifications/Notifications.jsx": {"path":"/Users/zubrahmsemo/Desktop/ALX_REACT/0x02.DD to React Components/task_3/alx_dashboard/src/Notifications/Notifications.jsx","statementMap":{"0":{"start":{"line":10,"column":28},"end":{"line":10,"column":109}},"1":{"start":{"line":14,"column":34},"end":{"line":14,"column":44}},"2":{"start":{"line":16,"column":8},"end":{"line":52,"column":10}},"3":{"start":{"line":30,"column":55},"end":{"line":30,"column":122}},"4":{"start":{"line":63,"column":38},"end":{"line":63,"column":35984}},"5":{"start":{"line":63,"column":42},"end":{"line":63,"column":35973}},"6":{"start":{"line":63,"column":36009},"end":{"line":63,"column":36049}},"7":{"start":{"line":63,"column":36013},"end":{"line":63,"column":36038}},"8":{"start":{"line":63,"column":36050},"end":{"line":63,"column":36058}},"9":{"start":{"line":63,"column":36083},"end":{"line":63,"column":36125}},"10":{"start":{"line":63,"column":36087},"end":{"line":63,"column":36114}},"11":{"start":{"line":63,"column":36126},"end":{"line":63,"column":36134}},"12":{"start":{"line":63,"column":36153},"end":{"line":63,"column":36190}},"13":{"start":{"line":63,"column":36157},"end":{"line":63,"column":36179}},"14":{"start":{"line":63,"column":36209},"end":{"line":63,"column":36249}},"15":{"start":{"line":63,"column":36213},"end":{"line":63,"column":36238}}},"fnMap":{"0":{"name":"(anonymous_0)","decl":{"start":{"line":9,"column":4},"end":{"line":9,"column":5}},"loc":{"start":{"line":9,"column":19},"end":{"line":11,"column":5}},"line":9},"1":{"name":"(anonymous_1)","decl":{"start":{"line":13,"column":4},"end":{"line":13,"column":5}},"loc":{"start":{"line":13,"column":13},"end":{"line":53,"column":5}},"line":13},"2":{"name":"(anonymous_2)","decl":{"start":{"line":30,"column":29},"end":{"line":30,"column":30}},"loc":{"start":{"line":30,"column":55},"end":{"line":30,"column":122}},"line":30},"3":{"name":"oo_cm","decl":{"start":{"line":63,"column":30},"end":{"line":63,"column":35}},"loc":{"start":{"line":63,"column":37},"end":{"line":63,"column":35985}},"line":63},"4":{"name":"oo_oo","decl":{"start":{"line":63,"column":35995},"end":{"line":63,"column":36000}},"loc":{"start":{"line":63,"column":36008},"end":{"line":63,"column":36059}},"line":63},"5":{"name":"oo_tr","decl":{"start":{"line":63,"column":36069},"end":{"line":63,"column":36074}},"loc":{"start":{"line":63,"column":36082},"end":{"line":63,"column":36135}},"line":63},"6":{"name":"oo_ts","decl":{"start":{"line":63,"column":36145},"end":{"line":63,"column":36150}},"loc":{"start":{"line":63,"column":36152},"end":{"line":63,"column":36191}},"line":63},"7":{"name":"oo_te","decl":{"start":{"line":63,"column":36201},"end":{"line":63,"column":36206}},"loc":{"start":{"line":63,"column":36208},"end":{"line":63,"column":36250}},"line":63}},"branchMap":{"0":{"loc":{"start":{"line":41,"column":17},"end":{"line":50,"column":17}},"type":"cond-expr","locations":[{"start":{"line":42,"column":20},"end":{"line":47,"column":25}},{"start":{"line":49,"column":20},"end":{"line":49,"column":48}}],"line":41},"1":{"loc":{"start":{"line":63,"column":49},"end":{"line":63,"column":35972}},"type":"binary-expr","locations":[{"start":{"line":63,"column":49},"end":{"line":63,"column":86}},{"start":{"line":63,"column":90},"end":{"line":63,"column":35972}}],"line":63}},"s":{"0":1,"1":2,"2":2,"3":0,"4":1,"5":1,"6":1,"7":1,"8":1,"9":0,"10":0,"11":0,"12":0,"13":0,"14":0,"15":0},"f":{"0":1,"1":2,"2":0,"3":1,"4":1,"5":0,"6":0,"7":0},"b":{"0":[1,1],"1":[1,1]},"_coverageSchema":"1a1c01bbd47fc00a2c39e90264f33305004495a9","hash":"4cac00ed7dc15d5ee4b05d31d885a1506c2b7a7a"}
}
