TN:
SF:src/Dashboard.jsx
FN:14,(anonymous_0)
FN:28,(anonymous_1)
FN:31,(anonymous_2)
FN:35,(anonymous_3)
FN:39,(anonymous_4)
FN:52,(anonymous_5)
FNF:6
FNH:0
FNDA:0,(anonymous_0)
FNDA:0,(anonymous_1)
FNDA:0,(anonymous_2)
FNDA:0,(anonymous_3)
FNDA:0,(anonymous_4)
FNDA:0,(anonymous_5)
DA:15,0
DA:16,0
DA:19,0
DA:25,0
DA:32,0
DA:36,0
DA:40,0
DA:41,0
DA:42,0
DA:43,0
DA:46,0
DA:53,0
DA:54,0
LF:13
LH:0
BRDA:41,0,0,0
BRDA:41,0,1,0
BRDA:41,1,0,0
BRDA:41,1,1,0
BRF:4
BRH:0
end_of_record
TN:
SF:src/fileMock.js
FNF:0
FNH:0
LF:0
LH:0
BRF:0
BRH:0
end_of_record
TN:
SF:src/utils.jsx
FN:2,getFullYear
FN:7,getFooterCopy
FN:12,getLatestNotification
FNF:3
FNH:3
FNDA:1,getFullYear
FNDA:2,getFooterCopy
FNDA:1,getLatestNotification
DA:3,1
DA:8,2
DA:13,1
LF:3
LH:3
BRDA:8,0,0,1
BRDA:8,0,1,1
BRF:2
BRH:2
end_of_record
TN:
SF:src/CourseList/CourseList.jsx
FN:6,(anonymous_0)
FN:17,(anonymous_1)
FNF:2
FNH:1
FNDA:1,(anonymous_0)
FNDA:0,(anonymous_1)
DA:6,1
DA:7,1
DA:18,0
DA:30,1
DA:40,1
LF:5
LH:4
BRDA:14,0,0,1
BRDA:14,0,1,1
BRF:2
BRH:2
end_of_record
TN:
SF:src/CourseList/CourseListRow.jsx
FN:5,(anonymous_0)
FNF:1
FNH:1
FNDA:5,(anonymous_0)
DA:5,2
DA:6,5
DA:17,5
DA:20,2
DA:26,2
LF:5
LH:5
BRDA:6,0,0,3
BRDA:6,0,1,2
BRDA:17,1,0,3
BRDA:17,1,1,2
BRF:4
BRH:4
end_of_record
TN:
SF:src/Footer/Footer.jsx
FN:5,(anonymous_0)
FNF:1
FNH:1
FNDA:1,(anonymous_0)
DA:5,1
DA:6,1
LF:2
LH:2
BRF:0
BRH:0
end_of_record
TN:
SF:src/Header/Header.jsx
FN:5,(anonymous_0)
FNF:1
FNH:1
FNDA:2,(anonymous_0)
DA:5,1
DA:6,2
LF:2
LH:2
BRF:0
BRH:0
end_of_record
TN:
SF:src/Login/Login.jsx
FN:5,(anonymous_0)
FN:59,(anonymous_1)
FNF:2
FNH:2
FNDA:3,(anonymous_0)
FNDA:1,(anonymous_1)
DA:5,1
DA:6,3
DA:8,3
DA:59,1
LF:4
LH:4
BRF:0
BRH:0
end_of_record
TN:
SF:src/Notifications/NotificationItem.jsx
FN:4,NotificationItem
FN:7,(anonymous_1)
FNF:2
FNH:2
FNDA:4,NotificationItem
FNDA:1,(anonymous_1)
DA:5,4
DA:7,4
DA:9,1
DA:12,4
DA:19,1
LF:5
LH:5
BRDA:5,0,0,3
BRDA:5,0,1,1
BRDA:14,1,0,1
BRDA:14,1,1,3
BRF:4
BRH:4
end_of_record
TN:
SF:src/Notifications/Notifications.jsx
FN:9,(anonymous_0)
FN:13,(anonymous_1)
FN:30,(anonymous_2)
FN:63,oo_cm
FN:63,oo_oo
FN:63,oo_tr
FN:63,oo_ts
FN:63,oo_te
FNF:8
FNH:4
FNDA:1,(anonymous_0)
FNDA:2,(anonymous_1)
FNDA:0,(anonymous_2)
FNDA:1,oo_cm
FNDA:1,oo_oo
FNDA:0,oo_tr
FNDA:0,oo_ts
FNDA:0,oo_te
DA:10,1
DA:14,2
DA:16,2
DA:30,0
DA:63,1
LF:5
LH:4
BRDA:41,0,0,1
BRDA:41,0,1,1
BRDA:63,1,0,1
BRDA:63,1,1,1
BRF:4
BRH:4
end_of_record
