<?xml version="1.0" encoding="UTF-8"?>
<coverage generated="1685521936259" clover="3.2.0">
  <project timestamp="1685521936260" name="All files">
    <metrics statements="7" coveredstatements="3" conditionals="2" coveredconditionals="2" methods="6" coveredmethods="3" elements="15" coveredelements="8" complexity="0" loc="7" ncloc="7" packages="1" files="5" classes="5"/>
    <file name="App.jsx" path="/Users/zubrahmsemo/Desktop/ALX_REACT/0x00.Introduction to React/task_4/alx_dashboard/src/App.jsx">
      <metrics statements="1" coveredstatements="0" conditionals="0" coveredconditionals="0" methods="1" coveredmethods="0"/>
      <line num="8" count="0" type="stmt"/>
    </file>
    <file name="Notifications.jsx" path="/Users/zubrahmsemo/Desktop/ALX_REACT/0x00.Introduction to React/task_4/alx_dashboard/src/Notifications.jsx">
      <metrics statements="2" coveredstatements="0" conditionals="0" coveredconditionals="0" methods="2" coveredmethods="0"/>
      <line num="9" count="0" type="stmt"/>
      <line num="25" count="0" type="stmt"/>
    </file>
    <file name="fileMock.js" path="/Users/zubrahmsemo/Desktop/ALX_REACT/0x00.Introduction to React/task_4/alx_dashboard/src/fileMock.js">
      <metrics statements="0" coveredstatements="0" conditionals="0" coveredconditionals="0" methods="0" coveredmethods="0"/>
    </file>
    <file name="main.jsx" path="/Users/zubrahmsemo/Desktop/ALX_REACT/0x00.Introduction to React/task_4/alx_dashboard/src/main.jsx">
      <metrics statements="1" coveredstatements="0" conditionals="0" coveredconditionals="0" methods="0" coveredmethods="0"/>
      <line num="7" count="0" type="stmt"/>
    </file>
    <file name="utils.jsx" path="/Users/zubrahmsemo/Desktop/ALX_REACT/0x00.Introduction to React/task_4/alx_dashboard/src/utils.jsx">
      <metrics statements="3" coveredstatements="3" conditionals="2" coveredconditionals="2" methods="3" coveredmethods="3"/>
      <line num="3" count="1" type="stmt"/>
      <line num="8" count="2" type="cond" truecount="2" falsecount="0"/>
      <line num="13" count="1" type="stmt"/>
    </file>
  </project>
</coverage>
