TN:
SF:src/App.jsx
FN:7,App
FNF:1
FNH:0
FNDA:0,App
DA:8,0
LF:1
LH:0
BRF:0
BRH:0
end_of_record
TN:
SF:src/fileMock.js
FNF:0
FNH:0
LF:0
LH:0
BRF:0
BRH:0
end_of_record
TN:
SF:src/main.jsx
FNF:0
FNH:0
DA:13,0
LF:1
LH:0
BRF:0
BRH:0
end_of_record
TN:
SF:src/setupTests.jsx
FNF:0
FNH:0
DA:4,0
LF:1
LH:0
BRF:0
BRH:0
end_of_record
TN:
SF:src/utils.jsx
FN:2,getFullYear
FN:7,getFooterCopy
FN:12,getLatestNotification
FNF:3
FNH:3
FNDA:1,getFullYear
FNDA:2,getFooterCopy
FNDA:1,getLatestNotification
DA:3,1
DA:8,2
DA:13,1
LF:3
LH:3
BRDA:8,0,0,1
BRDA:8,0,1,1
BRF:2
BRH:2
end_of_record
TN:
SF:src/BodySection/BodySection.jsx
FN:13,(anonymous_0)
FNF:1
FNH:0
FNDA:0,(anonymous_0)
DA:6,0
DA:13,0
DA:14,0
LF:3
LH:0
BRF:0
BRH:0
end_of_record
TN:
SF:src/BodySection/BodySectionWithMarginBottom.jsx
FN:18,(anonymous_0)
FNF:1
FNH:0
FNDA:0,(anonymous_0)
DA:9,0
DA:18,0
DA:19,0
DA:20,0
DA:30,0
LF:5
LH:0
BRF:0
BRH:0
end_of_record
TN:
SF:src/CourseList/CourseList.jsx
FN:30,(anonymous_0)
FN:49,(anonymous_1)
FNF:2
FNH:0
FNDA:0,(anonymous_0)
FNDA:0,(anonymous_1)
DA:6,0
DA:30,0
DA:31,0
DA:50,0
DA:62,0
DA:72,0
LF:6
LH:0
BRDA:46,0,0,0
BRDA:46,0,1,0
BRF:2
BRH:0
end_of_record
TN:
SF:src/CourseList/CourseListRow.jsx
FN:31,(anonymous_0)
FN:34,(anonymous_1)
FNF:2
FNH:0
FNDA:0,(anonymous_0)
FNDA:0,(anonymous_1)
DA:5,0
DA:31,0
DA:32,0
DA:34,0
DA:35,0
DA:38,0
DA:60,0
DA:67,0
DA:73,0
LF:9
LH:0
BRDA:38,0,0,0
BRDA:38,0,1,0
BRDA:45,1,0,0
BRDA:45,1,1,0
BRDA:54,2,0,0
BRDA:54,2,1,0
BRDA:61,3,0,0
BRDA:61,3,1,0
BRF:8
BRH:0
end_of_record
TN:
SF:src/Footer/Footer.jsx
FN:71,(anonymous_0)
FNF:1
FNH:0
FNDA:0,(anonymous_0)
DA:6,0
DA:71,0
DA:72,0
DA:74,0
LF:4
LH:0
BRDA:77,0,0,0
BRDA:77,0,1,0
BRF:2
BRH:0
end_of_record
TN:
SF:src/HOC/WithLogging.jsx
FN:3,(anonymous_0)
FN:5,(anonymous_1)
FN:9,(anonymous_2)
FN:13,(anonymous_3)
FNF:4
FNH:0
FNDA:0,(anonymous_0)
FNDA:0,(anonymous_1)
FNDA:0,(anonymous_2)
FNDA:0,(anonymous_3)
DA:3,0
DA:6,0
DA:10,0
DA:14,0
DA:17,0
DA:18,0
LF:6
LH:0
BRDA:6,0,0,0
BRDA:6,0,1,0
BRDA:6,0,2,0
BRDA:10,1,0,0
BRDA:10,1,1,0
BRDA:10,1,2,0
BRDA:17,2,0,0
BRDA:17,2,1,0
BRDA:17,2,2,0
BRF:9
BRH:0
end_of_record
TN:
SF:src/Header/Header.jsx
FN:59,(anonymous_0)
FNF:1
FNH:0
FNDA:0,(anonymous_0)
DA:6,0
DA:62,0
LF:2
LH:0
BRF:0
BRH:0
end_of_record
TN:
SF:src/Login/Login.jsx
FN:145,(anonymous_0)
FN:157,(anonymous_1)
FN:169,(anonymous_2)
FN:170,(anonymous_3)
FN:183,(anonymous_4)
FN:184,(anonymous_5)
FN:197,(anonymous_6)
FNF:7
FNH:0
FNDA:0,(anonymous_0)
FNDA:0,(anonymous_1)
FNDA:0,(anonymous_2)
FNDA:0,(anonymous_3)
FNDA:0,(anonymous_4)
FNDA:0,(anonymous_5)
FNDA:0,(anonymous_6)
DA:7,0
DA:146,0
DA:147,0
DA:157,0
DA:158,0
DA:161,0
DA:162,0
DA:169,0
DA:170,0
DA:171,0
DA:172,0
DA:176,0
DA:183,0
DA:184,0
DA:185,0
DA:186,0
DA:190,0
DA:199,0
DA:201,0
LF:19
LH:0
BRDA:171,0,0,0
BRDA:171,0,1,0
BRDA:171,1,0,0
BRDA:171,1,1,0
BRDA:185,2,0,0
BRDA:185,2,1,0
BRDA:185,3,0,0
BRDA:185,3,1,0
BRF:8
BRH:0
end_of_record
TN:
SF:src/Notifications/NotificationItem.jsx
FN:14,NotificationItem
FN:15,(anonymous_1)
FNF:2
FNH:0
FNDA:0,NotificationItem
FNDA:0,(anonymous_1)
DA:5,0
DA:15,0
DA:16,0
DA:19,0
DA:21,0
DA:28,0
LF:6
LH:0
BRDA:19,0,0,0
BRDA:19,0,1,0
BRDA:23,1,0,0
BRDA:23,1,1,0
BRF:4
BRH:0
end_of_record
TN:
SF:src/Notifications/Notifications.jsx
FN:79,(anonymous_0)
FN:89,(anonymous_1)
FN:90,(anonymous_2)
FN:95,(anonymous_3)
FN:104,(anonymous_4)
FN:126,(anonymous_5)
FNF:6
FNH:0
FNDA:0,(anonymous_0)
FNDA:0,(anonymous_1)
FNDA:0,(anonymous_2)
FNDA:0,(anonymous_3)
FNDA:0,(anonymous_4)
FNDA:0,(anonymous_5)
DA:6,0
DA:80,0
DA:81,0
DA:84,0
DA:90,0
DA:96,0
DA:97,0
DA:99,0
DA:105,0
DA:106,0
DA:107,0
DA:109,0
DA:127,0
LF:13
LH:0
BRDA:105,0,0,0
BRDA:105,0,1,0
BRDA:119,1,0,0
BRDA:119,1,1,0
BRDA:120,2,0,0
BRDA:120,2,1,0
BRDA:121,3,0,0
BRDA:121,3,1,0
BRF:8
BRH:0
end_of_record
TN:
SF:src/pages/Home.jsx
FN:198,Home
FN:221,(anonymous_1)
FNF:2
FNH:0
FNDA:0,Home
FNDA:0,(anonymous_1)
DA:10,0
DA:199,0
DA:200,0
DA:221,0
LF:4
LH:0
BRF:0
BRH:0
end_of_record
TN:
SF:src/pages/Dashboard/Dashboard.jsx
FN:180,(anonymous_0)
FN:207,(anonymous_1)
FN:208,(anonymous_2)
FN:232,(anonymous_3)
FN:236,(anonymous_4)
FN:240,(anonymous_5)
FN:255,(anonymous_6)
FN:257,(anonymous_7)
FN:265,(anonymous_8)
FN:267,(anonymous_9)
FN:282,(anonymous_10)
FN:293,(anonymous_11)
FN:307,(anonymous_12)
FN:352,(anonymous_13)
FN:358,(anonymous_14)
FNF:15
FNH:0
FNDA:0,(anonymous_0)
FNDA:0,(anonymous_1)
FNDA:0,(anonymous_2)
FNDA:0,(anonymous_3)
FNDA:0,(anonymous_4)
FNDA:0,(anonymous_5)
FNDA:0,(anonymous_6)
FNDA:0,(anonymous_7)
FNDA:0,(anonymous_8)
FNDA:0,(anonymous_9)
FNDA:0,(anonymous_10)
FNDA:0,(anonymous_11)
FNDA:0,(anonymous_12)
FNDA:0,(anonymous_13)
FNDA:0,(anonymous_14)
DA:23,0
DA:177,0
DA:181,0
DA:182,0
DA:183,0
DA:187,0
DA:208,0
DA:221,0
DA:227,0
DA:233,0
DA:237,0
DA:241,0
DA:242,0
DA:243,0
DA:244,0
DA:248,0
DA:256,0
DA:257,0
DA:259,0
DA:265,0
DA:267,0
DA:282,0
DA:283,0
DA:293,0
DA:294,0
DA:309,0
DA:310,0
DA:311,0
DA:312,0
DA:317,0
DA:352,0
DA:358,0
LF:32
LH:0
BRDA:242,0,0,0
BRDA:242,0,1,0
BRDA:242,1,0,0
BRDA:242,1,1,0
BRDA:338,2,0,0
BRDA:338,2,1,0
BRDA:349,3,0,0
BRDA:349,3,1,0
BRDA:366,4,0,0
BRDA:366,4,1,0
BRF:10
BRH:0
end_of_record
TN:
SF:src/pages/Dashboard/DashboardContext.jsx
FN:11,(anonymous_0)
FNF:1
FNH:0
FNDA:0,(anonymous_0)
DA:4,0
DA:11,0
DA:14,0
LF:3
LH:0
BRF:0
BRH:0
end_of_record
TN:
SF:src/schema/notifications.js
FN:5,getAllNotificationsByUser
FN:8,(anonymous_1)
FN:9,(anonymous_2)
FNF:3
FNH:3
FNDA:1,getAllNotificationsByUser
FNDA:14,(anonymous_1)
FNDA:2,(anonymous_2)
DA:7,1
DA:8,14
DA:9,2
LF:3
LH:3
BRF:0
BRH:0
end_of_record
