TN:
SF:src/BodySection/BodySection.jsx
FN:13,(anonymous_0)
FNF:1
FNH:1
FNDA:18,(anonymous_0)
DA:6,3
DA:13,3
DA:14,18
LF:3
LH:3
BRF:0
BRH:0
end_of_record
TN:
SF:src/BodySection/BodySectionWithMarginBottom.jsx
FN:18,(anonymous_0)
FNF:1
FNH:1
FNDA:9,(anonymous_0)
DA:9,2
DA:18,2
DA:19,9
DA:20,9
DA:30,2
LF:5
LH:5
BRF:0
BRH:0
end_of_record
TN:
SF:src/CourseList/CourseList.jsx
FN:30,(anonymous_0)
FN:49,(anonymous_1)
FNF:2
FNH:2
FNDA:3,(anonymous_0)
FNDA:2,(anonymous_1)
DA:6,2
DA:30,2
DA:31,3
DA:50,2
DA:62,2
DA:72,2
LF:6
LH:6
BRDA:46,0,0,3
BRDA:46,0,1,2
BRF:2
BRH:2
end_of_record
TN:
SF:src/CourseList/CourseListRow.jsx
FN:31,(anonymous_0)
FN:34,(anonymous_1)
FNF:2
FNH:2
FNDA:15,(anonymous_0)
FNDA:2,(anonymous_1)
DA:5,3
DA:31,3
DA:32,15
DA:34,15
DA:35,2
DA:38,15
DA:60,15
DA:67,3
DA:73,3
LF:9
LH:9
BRDA:38,0,0,7
BRDA:38,0,1,8
BRDA:45,1,0,8
BRDA:45,1,1,1
BRDA:54,2,0,8
BRDA:54,2,1,1
BRDA:61,3,0,7
BRDA:61,3,1,8
BRF:8
BRH:8
end_of_record
TN:
SF:src/Footer/Footer.jsx
FN:71,(anonymous_0)
FNF:1
FNH:1
FNDA:10,(anonymous_0)
DA:6,2
DA:71,2
DA:72,10
DA:74,10
LF:4
LH:4
BRDA:77,0,0,10
BRDA:77,0,1,0
BRF:2
BRH:1
end_of_record
TN:
SF:src/Header/Header.jsx
FN:59,(anonymous_0)
FNF:1
FNH:0
FNDA:0,(anonymous_0)
DA:6,0
DA:62,0
LF:2
LH:0
BRF:0
BRH:0
end_of_record
TN:
SF:src/Login/Login.jsx
FN:145,(anonymous_0)
FN:157,(anonymous_1)
FN:169,(anonymous_2)
FN:170,(anonymous_3)
FN:183,(anonymous_4)
FN:184,(anonymous_5)
FN:197,(anonymous_6)
FNF:7
FNH:7
FNDA:10,(anonymous_0)
FNDA:1,(anonymous_1)
FNDA:2,(anonymous_2)
FNDA:2,(anonymous_3)
FNDA:2,(anonymous_4)
FNDA:2,(anonymous_5)
FNDA:18,(anonymous_6)
DA:7,2
DA:146,10
DA:147,10
DA:157,10
DA:158,1
DA:161,1
DA:162,1
DA:169,10
DA:170,2
DA:171,2
DA:172,0
DA:176,2
DA:183,10
DA:184,2
DA:185,2
DA:186,2
DA:190,0
DA:199,18
DA:201,18
LF:19
LH:17
BRDA:171,0,0,0
BRDA:171,0,1,2
BRDA:171,1,0,2
BRDA:171,1,1,2
BRDA:185,2,0,2
BRDA:185,2,1,0
BRDA:185,3,0,2
BRDA:185,3,1,2
BRF:8
BRH:6
end_of_record
TN:
SF:src/Notifications/NotificationItem.jsx
FN:14,NotificationItem
FN:15,(anonymous_1)
FNF:2
FNH:2
FNDA:19,NotificationItem
FNDA:3,(anonymous_1)
DA:5,3
DA:15,19
DA:16,3
DA:19,19
DA:21,19
DA:28,3
LF:6
LH:6
BRDA:19,0,0,11
BRDA:19,0,1,8
BRDA:23,1,0,3
BRDA:23,1,1,16
BRF:4
BRH:4
end_of_record
TN:
SF:src/Notifications/Notifications.jsx
FN:79,(anonymous_0)
FN:89,(anonymous_1)
FN:90,(anonymous_2)
FN:95,(anonymous_3)
FN:104,(anonymous_4)
FN:126,(anonymous_5)
FN:155,oo_cm
FN:155,oo_oo
FN:155,oo_tr
FN:155,oo_ts
FN:155,oo_te
FNF:11
FNH:6
FNDA:7,(anonymous_0)
FNDA:0,(anonymous_1)
FNDA:0,(anonymous_2)
FNDA:8,(anonymous_3)
FNDA:1,(anonymous_4)
FNDA:17,(anonymous_5)
FNDA:1,oo_cm
FNDA:1,oo_oo
FNDA:0,oo_tr
FNDA:0,oo_ts
FNDA:0,oo_te
DA:6,2
DA:80,7
DA:81,7
DA:84,7
DA:90,0
DA:96,8
DA:97,8
DA:99,8
DA:105,1
DA:106,1
DA:107,1
DA:109,0
DA:127,17
DA:155,1
LF:14
LH:12
BRDA:105,0,0,1
BRDA:105,0,1,0
BRDA:119,1,0,7
BRDA:119,1,1,1
BRDA:120,2,0,7
BRDA:120,2,1,0
BRDA:121,3,0,1
BRDA:121,3,1,6
BRDA:155,4,0,1
BRDA:155,4,1,1
BRF:10
BRH:8
end_of_record
TN:
SF:src/pages/Home.jsx
FN:200,Home
FN:223,(anonymous_1)
FNF:2
FNH:2
FNDA:6,Home
FNDA:1,(anonymous_1)
DA:10,1
DA:201,6
DA:202,6
DA:223,1
LF:4
LH:4
BRF:0
BRH:0
end_of_record
TN:
SF:src/pages/Dashboard/Dashboard.jsx
FN:180,(anonymous_0)
FN:201,(anonymous_1)
FN:202,(anonymous_2)
FN:226,(anonymous_3)
FN:230,(anonymous_4)
FN:234,(anonymous_5)
FN:249,(anonymous_6)
FN:251,(anonymous_7)
FN:259,(anonymous_8)
FN:261,(anonymous_9)
FN:276,(anonymous_10)
FN:287,(anonymous_11)
FN:301,(anonymous_12)
FN:346,(anonymous_13)
FN:352,(anonymous_14)
FN:390,oo_cm
FN:390,oo_oo
FN:390,oo_tr
FN:390,oo_ts
FN:390,oo_te
FN:390,oo_al
FN:390,oo_ats
FN:390,oo_ate
FN:390,oo_atr
FNF:24
FNH:8
FNDA:5,(anonymous_0)
FNDA:0,(anonymous_1)
FNDA:0,(anonymous_2)
FNDA:4,(anonymous_3)
FNDA:4,(anonymous_4)
FNDA:0,(anonymous_5)
FNDA:1,(anonymous_6)
FNDA:3,(anonymous_7)
FNDA:2,(anonymous_8)
FNDA:2,(anonymous_9)
FNDA:0,(anonymous_10)
FNDA:0,(anonymous_11)
FNDA:7,(anonymous_12)
FNDA:0,(anonymous_13)
FNDA:0,(anonymous_14)
FNDA:0,oo_cm
FNDA:0,oo_oo
FNDA:0,oo_tr
FNDA:0,oo_ts
FNDA:0,oo_te
FNDA:0,oo_al
FNDA:0,oo_ats
FNDA:0,oo_ate
FNDA:0,oo_atr
DA:23,1
DA:177,1
DA:181,5
DA:182,4
DA:183,4
DA:187,4
DA:202,0
DA:215,1
DA:221,1
DA:227,4
DA:231,4
DA:235,0
DA:236,0
DA:237,0
DA:238,0
DA:242,4
DA:250,1
DA:251,3
DA:253,1
DA:259,4
DA:261,2
DA:276,4
DA:277,0
DA:287,4
DA:288,0
DA:303,7
DA:304,7
DA:305,7
DA:306,7
DA:311,7
DA:346,0
DA:352,0
DA:390,0
LF:33
LH:23
BRDA:236,0,0,0
BRDA:236,0,1,0
BRDA:236,1,0,0
BRDA:236,1,1,0
BRDA:332,2,0,7
BRDA:332,2,1,3
BRDA:343,3,0,7
BRDA:343,3,1,0
BRDA:360,4,0,0
BRDA:360,4,1,7
BRDA:390,5,0,0
BRDA:390,5,1,0
BRF:12
BRH:4
end_of_record
